{"/home/seanorourke/math-helper/frontend/src/features/practice/hooks/usePracticeAPI.ts": {"path":"/home/seanorourke/math-helper/frontend/src/features/practice/hooks/usePracticeAPI.ts","statementMap":{"0":{"start":{"line":62,"column":55},"end":{"line":62,"column":null}},"1":{"start":{"line":65,"column":19},"end":{"line":65,"column":null}},"2":{"start":{"line":66,"column":22},"end":{"line":66,"column":null}},"3":{"start":{"line":67,"column":17},"end":{"line":67,"column":null}},"4":{"start":{"line":70,"column":15},"end":{"line":70,"column":null}},"5":{"start":{"line":71,"column":16},"end":{"line":71,"column":null}},"6":{"start":{"line":74,"column":27},"end":{"line":79,"column":null}},"7":{"start":{"line":81,"column":2},"end":{"line":83,"column":null}},"8":{"start":{"line":82,"column":4},"end":{"line":82,"column":null}},"9":{"start":{"line":85,"column":19},"end":{"line":91,"column":null}},"10":{"start":{"line":93,"column":2},"end":{"line":105,"column":null}},"11":{"start":{"line":95,"column":23},"end":{"line":95,"column":null}},"12":{"start":{"line":96,"column":4},"end":{"line":103,"column":null}},"13":{"start":{"line":97,"column":24},"end":{"line":97,"column":null}},"14":{"start":{"line":98,"column":6},"end":{"line":100,"column":null}},"15":{"start":{"line":99,"column":8},"end":{"line":99,"column":null}},"16":{"start":{"line":104,"column":4},"end":{"line":104,"column":null}},"17":{"start":{"line":107,"column":15},"end":{"line":107,"column":null}},"18":{"start":{"line":110,"column":8},"end":{"line":110,"column":null}},"19":{"start":{"line":112,"column":2},"end":{"line":116,"column":null}},"20":{"start":{"line":123,"column":65},"end":{"line":123,"column":null}},"21":{"start":{"line":125,"column":19},"end":{"line":136,"column":null}},"22":{"start":{"line":138,"column":2},"end":{"line":140,"column":null}},"23":{"start":{"line":139,"column":4},"end":{"line":139,"column":null}},"24":{"start":{"line":142,"column":2},"end":{"line":142,"column":null}},"25":{"start":{"line":149,"column":41},"end":{"line":149,"column":null}},"26":{"start":{"line":151,"column":19},"end":{"line":159,"column":null}},"27":{"start":{"line":161,"column":2},"end":{"line":163,"column":null}},"28":{"start":{"line":162,"column":4},"end":{"line":162,"column":null}},"29":{"start":{"line":165,"column":2},"end":{"line":165,"column":null}},"30":{"start":{"line":210,"column":38},"end":{"line":223,"column":null}},"31":{"start":{"line":211,"column":19},"end":{"line":211,"column":null}},"32":{"start":{"line":212,"column":22},"end":{"line":212,"column":null}},"33":{"start":{"line":214,"column":4},"end":{"line":222,"column":null}},"34":{"start":{"line":225,"column":2},"end":{"line":246,"column":null}},"35":{"start":{"line":232,"column":69},"end":{"line":232,"column":80}}},"fnMap":{"0":{"name":"startSession","decl":{"start":{"line":61,"column":22},"end":{"line":61,"column":35}},"loc":{"start":{"line":61,"column":92},"end":{"line":117,"column":null}},"line":61},"1":{"name":"checkAnswer","decl":{"start":{"line":122,"column":22},"end":{"line":122,"column":34}},"loc":{"start":{"line":122,"column":89},"end":{"line":143,"column":null}},"line":122},"2":{"name":"completeSession","decl":{"start":{"line":148,"column":22},"end":{"line":148,"column":38}},"loc":{"start":{"line":148,"column":101},"end":{"line":166,"column":null}},"line":148},"3":{"name":"createSessionSummary","decl":{"start":{"line":171,"column":16},"end":{"line":171,"column":null}},"loc":{"start":{"line":208,"column":2},"end":{"line":247,"column":null}},"line":208},"4":{"name":"(anonymous_4)","decl":{"start":{"line":210,"column":51},"end":{"line":210,"column":52}},"loc":{"start":{"line":210,"column":64},"end":{"line":223,"column":3}},"line":210},"5":{"name":"(anonymous_5)","decl":{"start":{"line":232,"column":62},"end":{"line":232,"column":63}},"loc":{"start":{"line":232,"column":69},"end":{"line":232,"column":80}},"line":232}},"branchMap":{"0":{"loc":{"start":{"line":67,"column":17},"end":{"line":67,"column":null}},"type":"binary-expr","locations":[{"start":{"line":67,"column":17},"end":{"line":67,"column":43}},{"start":{"line":67,"column":43},"end":{"line":67,"column":null}}],"line":67},"1":{"loc":{"start":{"line":70,"column":15},"end":{"line":70,"column":null}},"type":"cond-expr","locations":[{"start":{"line":70,"column":51},"end":{"line":70,"column":70}},{"start":{"line":70,"column":70},"end":{"line":70,"column":null}}],"line":70},"2":{"loc":{"start":{"line":70,"column":70},"end":{"line":70,"column":null}},"type":"cond-expr","locations":[{"start":{"line":70,"column":100},"end":{"line":70,"column":113}},{"start":{"line":70,"column":113},"end":{"line":70,"column":null}}],"line":70},"3":{"loc":{"start":{"line":71,"column":16},"end":{"line":71,"column":null}},"type":"binary-expr","locations":[{"start":{"line":71,"column":16},"end":{"line":71,"column":38}},{"start":{"line":71,"column":38},"end":{"line":71,"column":null}}],"line":71},"4":{"loc":{"start":{"line":81,"column":2},"end":{"line":83,"column":null}},"type":"if","locations":[{"start":{"line":81,"column":2},"end":{"line":83,"column":null}},{"start":{},"end":{}}],"line":81},"5":{"loc":{"start":{"line":81,"column":6},"end":{"line":81,"column":26}},"type":"binary-expr","locations":[{"start":{"line":81,"column":6},"end":{"line":81,"column":16}},{"start":{"line":81,"column":16},"end":{"line":81,"column":26}}],"line":81},"6":{"loc":{"start":{"line":93,"column":2},"end":{"line":105,"column":null}},"type":"if","locations":[{"start":{"line":93,"column":2},"end":{"line":105,"column":null}},{"start":{},"end":{}}],"line":93},"7":{"loc":{"start":{"line":98,"column":6},"end":{"line":100,"column":null}},"type":"if","locations":[{"start":{"line":98,"column":6},"end":{"line":100,"column":null}},{"start":{},"end":{}}],"line":98},"8":{"loc":{"start":{"line":114,"column":17},"end":{"line":114,"column":null}},"type":"binary-expr","locations":[{"start":{"line":114,"column":17},"end":{"line":114,"column":30}},{"start":{"line":114,"column":30},"end":{"line":114,"column":null}}],"line":114},"9":{"loc":{"start":{"line":132,"column":19},"end":{"line":132,"column":null}},"type":"cond-expr","locations":[{"start":{"line":132,"column":52},"end":{"line":132,"column":75}},{"start":{"line":132,"column":75},"end":{"line":132,"column":null}}],"line":132},"10":{"loc":{"start":{"line":138,"column":2},"end":{"line":140,"column":null}},"type":"if","locations":[{"start":{"line":138,"column":2},"end":{"line":140,"column":null}},{"start":{},"end":{}}],"line":138},"11":{"loc":{"start":{"line":161,"column":2},"end":{"line":163,"column":null}},"type":"if","locations":[{"start":{"line":161,"column":2},"end":{"line":163,"column":null}},{"start":{},"end":{}}],"line":161},"12":{"loc":{"start":{"line":215,"column":18},"end":{"line":215,"column":null}},"type":"binary-expr","locations":[{"start":{"line":215,"column":18},"end":{"line":215,"column":53}},{"start":{"line":215,"column":53},"end":{"line":215,"column":null}}],"line":215},"13":{"loc":{"start":{"line":217,"column":23},"end":{"line":217,"column":null}},"type":"binary-expr","locations":[{"start":{"line":217,"column":23},"end":{"line":217,"column":41}},{"start":{"line":217,"column":41},"end":{"line":217,"column":null}}],"line":217},"14":{"loc":{"start":{"line":220,"column":21},"end":{"line":220,"column":null}},"type":"cond-expr","locations":[{"start":{"line":220,"column":33},"end":{"line":220,"column":38}},{"start":{"line":220,"column":38},"end":{"line":220,"column":null}}],"line":220},"15":{"loc":{"start":{"line":226,"column":8},"end":{"line":226,"column":null}},"type":"binary-expr","locations":[{"start":{"line":226,"column":8},"end":{"line":226,"column":40}},{"start":{"line":226,"column":40},"end":{"line":226,"column":null}}],"line":226},"16":{"loc":{"start":{"line":227,"column":17},"end":{"line":227,"column":null}},"type":"binary-expr","locations":[{"start":{"line":227,"column":17},"end":{"line":227,"column":47}},{"start":{"line":227,"column":31},"end":{"line":227,"column":null}}],"line":227},"17":{"loc":{"start":{"line":231,"column":17},"end":{"line":231,"column":null}},"type":"binary-expr","locations":[{"start":{"line":231,"column":17},"end":{"line":231,"column":50}},{"start":{"line":231,"column":50},"end":{"line":231,"column":null}}],"line":231},"18":{"loc":{"start":{"line":232,"column":15},"end":{"line":232,"column":null}},"type":"binary-expr","locations":[{"start":{"line":232,"column":15},"end":{"line":232,"column":46}},{"start":{"line":232,"column":46},"end":{"line":232,"column":null}}],"line":232},"19":{"loc":{"start":{"line":233,"column":16},"end":{"line":235,"column":null}},"type":"binary-expr","locations":[{"start":{"line":233,"column":16},"end":{"line":233,"column":42}},{"start":{"line":233,"column":42},"end":{"line":235,"column":null}}],"line":233},"20":{"loc":{"start":{"line":234,"column":10},"end":{"line":234,"column":47}},"type":"binary-expr","locations":[{"start":{"line":234,"column":10},"end":{"line":234,"column":41}},{"start":{"line":234,"column":41},"end":{"line":234,"column":47}}],"line":234},"21":{"loc":{"start":{"line":234,"column":47},"end":{"line":234,"column":86}},"type":"binary-expr","locations":[{"start":{"line":234,"column":47},"end":{"line":234,"column":80}},{"start":{"line":234,"column":80},"end":{"line":234,"column":86}}],"line":234},"22":{"loc":{"start":{"line":241,"column":13},"end":{"line":241,"column":null}},"type":"binary-expr","locations":[{"start":{"line":241,"column":13},"end":{"line":241,"column":41}},{"start":{"line":241,"column":41},"end":{"line":241,"column":null}}],"line":241},"23":{"loc":{"start":{"line":244,"column":18},"end":{"line":244,"column":null}},"type":"binary-expr","locations":[{"start":{"line":244,"column":18},"end":{"line":244,"column":39}},{"start":{"line":244,"column":39},"end":{"line":244,"column":null}}],"line":244},"24":{"loc":{"start":{"line":245,"column":14},"end":{"line":245,"column":null}},"type":"binary-expr","locations":[{"start":{"line":245,"column":14},"end":{"line":245,"column":31}},{"start":{"line":245,"column":31},"end":{"line":245,"column":null}}],"line":245}},"s":{"0":6,"1":6,"2":6,"3":6,"4":6,"5":6,"6":6,"7":6,"8":1,"9":6,"10":5,"11":1,"12":1,"13":1,"14":1,"15":1,"16":1,"17":4,"18":4,"19":4,"20":3,"21":3,"22":3,"23":1,"24":2,"25":4,"26":4,"27":4,"28":1,"29":3,"30":4,"31":2,"32":2,"33":2,"34":4,"35":0},"f":{"0":6,"1":3,"2":4,"3":4,"4":2,"5":0},"b":{"0":[6,1],"1":[1,5],"2":[1,4],"3":[6,0],"4":[1,5],"5":[6,1],"6":[1,4],"7":[1,0],"8":[4,0],"9":[1,2],"10":[1,2],"11":[1,3],"12":[2,0],"13":[2,0],"14":[1,1],"15":[4,2],"16":[4,2],"17":[4,2],"18":[4,2],"19":[4,3],"20":[3,2],"21":[3,2],"22":[4,3],"23":[4,3],"24":[4,3]},"meta":{"lastBranch":25,"lastFunction":6,"lastStatement":36,"seen":{"f:61:22:61:35":0,"s:62:55:62:Infinity":0,"s:65:19:65:Infinity":1,"s:66:22:66:Infinity":2,"s:67:17:67:Infinity":3,"b:67:17:67:43:67:43:67:Infinity":0,"s:70:15:70:Infinity":4,"b:70:51:70:70:70:70:70:Infinity":1,"b:70:100:70:113:70:113:70:Infinity":2,"s:71:16:71:Infinity":5,"b:71:16:71:38:71:38:71:Infinity":3,"s:74:27:79:Infinity":6,"b:81:2:83:Infinity:undefined:undefined:undefined:undefined":4,"s:81:2:83:Infinity":7,"b:81:6:81:16:81:16:81:26":5,"s:82:4:82:Infinity":8,"s:85:19:91:Infinity":9,"b:93:2:105:Infinity:undefined:undefined:undefined:undefined":6,"s:93:2:105:Infinity":10,"s:95:23:95:Infinity":11,"s:96:4:103:Infinity":12,"s:97:24:97:Infinity":13,"b:98:6:100:Infinity:undefined:undefined:undefined:undefined":7,"s:98:6:100:Infinity":14,"s:99:8:99:Infinity":15,"s:104:4:104:Infinity":16,"s:107:15:107:Infinity":17,"s:110:8:110:Infinity":18,"s:112:2:116:Infinity":19,"b:114:17:114:30:114:30:114:Infinity":8,"f:122:22:122:34":1,"s:123:65:123:Infinity":20,"s:125:19:136:Infinity":21,"b:132:52:132:75:132:75:132:Infinity":9,"b:138:2:140:Infinity:undefined:undefined:undefined:undefined":10,"s:138:2:140:Infinity":22,"s:139:4:139:Infinity":23,"s:142:2:142:Infinity":24,"f:148:22:148:38":2,"s:149:41:149:Infinity":25,"s:151:19:159:Infinity":26,"b:161:2:163:Infinity:undefined:undefined:undefined:undefined":11,"s:161:2:163:Infinity":27,"s:162:4:162:Infinity":28,"s:165:2:165:Infinity":29,"f:171:16:171:Infinity":3,"s:210:38:223:Infinity":30,"f:210:51:210:52":4,"s:211:19:211:Infinity":31,"s:212:22:212:Infinity":32,"s:214:4:222:Infinity":33,"b:215:18:215:53:215:53:215:Infinity":12,"b:217:23:217:41:217:41:217:Infinity":13,"b:220:33:220:38:220:38:220:Infinity":14,"s:225:2:246:Infinity":34,"b:226:8:226:40:226:40:226:Infinity":15,"b:227:17:227:47:227:31:227:Infinity":16,"b:231:17:231:50:231:50:231:Infinity":17,"b:232:15:232:46:232:46:232:Infinity":18,"f:232:62:232:63":5,"s:232:69:232:80":35,"b:233:16:233:42:233:42:235:Infinity":19,"b:234:10:234:41:234:41:234:47":20,"b:234:47:234:80:234:80:234:86":21,"b:241:13:241:41:241:41:241:Infinity":22,"b:244:18:244:39:244:39:244:Infinity":23,"b:245:14:245:31:245:31:245:Infinity":24}}}
,"/home/seanorourke/math-helper/frontend/src/features/practice/hooks/usePracticeSession.ts": {"path":"/home/seanorourke/math-helper/frontend/src/features/practice/hooks/usePracticeSession.ts","statementMap":{"0":{"start":{"line":43,"column":34},"end":{"line":401,"column":null}},"1":{"start":{"line":48,"column":21},"end":{"line":48,"column":null}},"2":{"start":{"line":49,"column":25},"end":{"line":49,"column":null}},"3":{"start":{"line":64,"column":6},"end":{"line":64,"column":null}},"4":{"start":{"line":80,"column":6},"end":{"line":80,"column":null}},"5":{"start":{"line":83,"column":2},"end":{"line":140,"column":null}},"6":{"start":{"line":84,"column":4},"end":{"line":87,"column":null}},"7":{"start":{"line":85,"column":6},"end":{"line":85,"column":null}},"8":{"start":{"line":86,"column":6},"end":{"line":86,"column":null}},"9":{"start":{"line":89,"column":26},"end":{"line":136,"column":null}},"10":{"start":{"line":90,"column":6},"end":{"line":90,"column":null}},"11":{"start":{"line":91,"column":6},"end":{"line":91,"column":null}},"12":{"start":{"line":92,"column":6},"end":{"line":135,"column":null}},"13":{"start":{"line":93,"column":23},"end":{"line":97,"column":null}},"14":{"start":{"line":100,"column":8},"end":{"line":100,"column":null}},"15":{"start":{"line":101,"column":8},"end":{"line":101,"column":null}},"16":{"start":{"line":102,"column":8},"end":{"line":102,"column":null}},"17":{"start":{"line":103,"column":8},"end":{"line":103,"column":null}},"18":{"start":{"line":104,"column":8},"end":{"line":104,"column":null}},"19":{"start":{"line":105,"column":8},"end":{"line":105,"column":null}},"20":{"start":{"line":106,"column":8},"end":{"line":106,"column":null}},"21":{"start":{"line":109,"column":32},"end":{"line":109,"column":null}},"22":{"start":{"line":110,"column":8},"end":{"line":125,"column":null}},"23":{"start":{"line":111,"column":25},"end":{"line":111,"column":null}},"24":{"start":{"line":112,"column":10},"end":{"line":120,"column":null}},"25":{"start":{"line":113,"column":12},"end":{"line":113,"column":null}},"26":{"start":{"line":114,"column":12},"end":{"line":114,"column":null}},"27":{"start":{"line":115,"column":12},"end":{"line":115,"column":null}},"28":{"start":{"line":117,"column":12},"end":{"line":117,"column":null}},"29":{"start":{"line":118,"column":12},"end":{"line":118,"column":null}},"30":{"start":{"line":119,"column":12},"end":{"line":119,"column":null}},"31":{"start":{"line":122,"column":10},"end":{"line":122,"column":null}},"32":{"start":{"line":123,"column":10},"end":{"line":123,"column":null}},"33":{"start":{"line":124,"column":10},"end":{"line":124,"column":null}},"34":{"start":{"line":127,"column":8},"end":{"line":127,"column":null}},"35":{"start":{"line":129,"column":29},"end":{"line":129,"column":null}},"36":{"start":{"line":130,"column":8},"end":{"line":130,"column":null}},"37":{"start":{"line":132,"column":8},"end":{"line":132,"column":null}},"38":{"start":{"line":134,"column":8},"end":{"line":134,"column":null}},"39":{"start":{"line":138,"column":4},"end":{"line":138,"column":null}},"40":{"start":{"line":142,"column":26},"end":{"line":142,"column":null}},"41":{"start":{"line":145,"column":2},"end":{"line":153,"column":null}},"42":{"start":{"line":146,"column":4},"end":{"line":151,"column":null}},"43":{"start":{"line":147,"column":6},"end":{"line":150,"column":null}},"44":{"start":{"line":147,"column":39},"end":{"line":150,"column":8}},"45":{"start":{"line":156,"column":2},"end":{"line":170,"column":null}},"46":{"start":{"line":157,"column":4},"end":{"line":168,"column":null}},"47":{"start":{"line":158,"column":20},"end":{"line":158,"column":null}},"48":{"start":{"line":159,"column":6},"end":{"line":167,"column":null}},"49":{"start":{"line":160,"column":8},"end":{"line":160,"column":null}},"50":{"start":{"line":161,"column":8},"end":{"line":161,"column":null}},"51":{"start":{"line":162,"column":8},"end":{"line":162,"column":null}},"52":{"start":{"line":164,"column":8},"end":{"line":164,"column":null}},"53":{"start":{"line":165,"column":8},"end":{"line":165,"column":null}},"54":{"start":{"line":166,"column":8},"end":{"line":166,"column":null}},"55":{"start":{"line":172,"column":28},"end":{"line":172,"column":null}},"56":{"start":{"line":173,"column":25},"end":{"line":173,"column":null}},"57":{"start":{"line":175,"column":29},"end":{"line":182,"column":null}},"58":{"start":{"line":176,"column":4},"end":{"line":179,"column":null}},"59":{"start":{"line":178,"column":6},"end":{"line":178,"column":null}},"60":{"start":{"line":180,"column":22},"end":{"line":180,"column":null}},"61":{"start":{"line":181,"column":4},"end":{"line":181,"column":null}},"62":{"start":{"line":184,"column":28},"end":{"line":236,"column":null}},"63":{"start":{"line":185,"column":4},"end":{"line":185,"column":null}},"64":{"start":{"line":185,"column":62},"end":{"line":185,"column":null}},"65":{"start":{"line":186,"column":4},"end":{"line":186,"column":null}},"66":{"start":{"line":186,"column":56},"end":{"line":186,"column":null}},"67":{"start":{"line":189,"column":22},"end":{"line":189,"column":null}},"68":{"start":{"line":190,"column":22},"end":{"line":190,"column":null}},"69":{"start":{"line":192,"column":4},"end":{"line":235,"column":null}},"70":{"start":{"line":194,"column":19},"end":{"line":199,"column":null}},"71":{"start":{"line":201,"column":43},"end":{"line":201,"column":null}},"72":{"start":{"line":204,"column":6},"end":{"line":212,"column":null}},"73":{"start":{"line":204,"column":36},"end":{"line":212,"column":8}},"74":{"start":{"line":214,"column":6},"end":{"line":214,"column":null}},"75":{"start":{"line":215,"column":6},"end":{"line":215,"column":null}},"76":{"start":{"line":217,"column":6},"end":{"line":217,"column":null}},"77":{"start":{"line":219,"column":28},"end":{"line":219,"column":null}},"78":{"start":{"line":220,"column":22},"end":{"line":220,"column":null}},"79":{"start":{"line":221,"column":43},"end":{"line":221,"column":null}},"80":{"start":{"line":223,"column":6},"end":{"line":231,"column":null}},"81":{"start":{"line":223,"column":36},"end":{"line":231,"column":8}},"82":{"start":{"line":233,"column":6},"end":{"line":233,"column":null}},"83":{"start":{"line":234,"column":6},"end":{"line":234,"column":null}},"84":{"start":{"line":238,"column":26},"end":{"line":251,"column":null}},"85":{"start":{"line":239,"column":22},"end":{"line":239,"column":null}},"86":{"start":{"line":240,"column":22},"end":{"line":240,"column":null}},"87":{"start":{"line":242,"column":4},"end":{"line":250,"column":null}},"88":{"start":{"line":242,"column":34},"end":{"line":250,"column":6}},"89":{"start":{"line":253,"column":23},"end":{"line":256,"column":null}},"90":{"start":{"line":254,"column":4},"end":{"line":254,"column":null}},"91":{"start":{"line":258,"column":21},"end":{"line":265,"column":null}},"92":{"start":{"line":259,"column":4},"end":{"line":261,"column":null}},"93":{"start":{"line":260,"column":6},"end":{"line":260,"column":null}},"94":{"start":{"line":262,"column":4},"end":{"line":264,"column":null}},"95":{"start":{"line":263,"column":6},"end":{"line":263,"column":null}},"96":{"start":{"line":267,"column":21},"end":{"line":273,"column":null}},"97":{"start":{"line":268,"column":4},"end":{"line":268,"column":null}},"98":{"start":{"line":268,"column":26},"end":{"line":268,"column":null}},"99":{"start":{"line":269,"column":4},"end":{"line":272,"column":null}},"100":{"start":{"line":269,"column":35},"end":{"line":272,"column":6}},"101":{"start":{"line":275,"column":8},"end":{"line":283,"column":null}},"102":{"start":{"line":276,"column":4},"end":{"line":281,"column":null}},"103":{"start":{"line":279,"column":23},"end":{"line":279,"column":null}},"104":{"start":{"line":280,"column":8},"end":{"line":280,"column":null}},"105":{"start":{"line":285,"column":23},"end":{"line":371,"column":null}},"106":{"start":{"line":286,"column":4},"end":{"line":286,"column":null}},"107":{"start":{"line":286,"column":51},"end":{"line":286,"column":null}},"108":{"start":{"line":288,"column":4},"end":{"line":370,"column":null}},"109":{"start":{"line":290,"column":30},"end":{"line":293,"column":null}},"110":{"start":{"line":291,"column":21},"end":{"line":291,"column":null}},"111":{"start":{"line":295,"column":19},"end":{"line":298,"column":null}},"112":{"start":{"line":301,"column":12},"end":{"line":301,"column":null}},"113":{"start":{"line":304,"column":6},"end":{"line":304,"column":null}},"114":{"start":{"line":307,"column":30},"end":{"line":307,"column":null}},"115":{"start":{"line":308,"column":6},"end":{"line":316,"column":null}},"116":{"start":{"line":310,"column":8},"end":{"line":310,"column":null}},"117":{"start":{"line":313,"column":30},"end":{"line":313,"column":null}},"118":{"start":{"line":314,"column":8},"end":{"line":314,"column":null}},"119":{"start":{"line":315,"column":8},"end":{"line":315,"column":null}},"120":{"start":{"line":318,"column":6},"end":{"line":318,"column":null}},"121":{"start":{"line":320,"column":23},"end":{"line":333,"column":null}},"122":{"start":{"line":321,"column":23},"end":{"line":321,"column":null}},"123":{"start":{"line":322,"column":26},"end":{"line":322,"column":null}},"124":{"start":{"line":324,"column":8},"end":{"line":332,"column":null}},"125":{"start":{"line":335,"column":27},"end":{"line":335,"column":null}},"126":{"start":{"line":335,"column":50},"end":{"line":335,"column":61}},"127":{"start":{"line":336,"column":23},"end":{"line":336,"column":null}},"128":{"start":{"line":338,"column":29},"end":{"line":355,"column":null}},"129":{"start":{"line":357,"column":6},"end":{"line":357,"column":null}},"130":{"start":{"line":360,"column":30},"end":{"line":360,"column":null}},"131":{"start":{"line":361,"column":6},"end":{"line":369,"column":null}},"132":{"start":{"line":363,"column":8},"end":{"line":363,"column":null}},"133":{"start":{"line":366,"column":30},"end":{"line":366,"column":null}},"134":{"start":{"line":367,"column":8},"end":{"line":367,"column":null}},"135":{"start":{"line":368,"column":8},"end":{"line":368,"column":null}},"136":{"start":{"line":373,"column":26},"end":{"line":373,"column":null}},"137":{"start":{"line":374,"column":29},"end":{"line":374,"column":null}},"138":{"start":{"line":376,"column":2},"end":{"line":400,"column":null}}},"fnMap":{"0":{"name":"(anonymous_0)","decl":{"start":{"line":43,"column":34},"end":{"line":43,"column":35}},"loc":{"start":{"line":47,"column":56},"end":{"line":401,"column":null}},"line":47},"1":{"name":"(anonymous_1)","decl":{"start":{"line":83,"column":12},"end":{"line":83,"column":18}},"loc":{"start":{"line":83,"column":18},"end":{"line":140,"column":5}},"line":83},"2":{"name":"(anonymous_2)","decl":{"start":{"line":89,"column":26},"end":{"line":89,"column":38}},"loc":{"start":{"line":89,"column":38},"end":{"line":136,"column":null}},"line":89},"3":{"name":"(anonymous_3)","decl":{"start":{"line":145,"column":12},"end":{"line":145,"column":18}},"loc":{"start":{"line":145,"column":18},"end":{"line":153,"column":5}},"line":145},"4":{"name":"(anonymous_4)","decl":{"start":{"line":147,"column":28},"end":{"line":147,"column":29}},"loc":{"start":{"line":147,"column":39},"end":{"line":150,"column":8}},"line":147},"5":{"name":"(anonymous_5)","decl":{"start":{"line":156,"column":12},"end":{"line":156,"column":18}},"loc":{"start":{"line":156,"column":18},"end":{"line":170,"column":5}},"line":156},"6":{"name":"(anonymous_6)","decl":{"start":{"line":175,"column":29},"end":{"line":175,"column":30}},"loc":{"start":{"line":175,"column":48},"end":{"line":182,"column":null}},"line":175},"7":{"name":"(anonymous_7)","decl":{"start":{"line":184,"column":28},"end":{"line":184,"column":40}},"loc":{"start":{"line":184,"column":40},"end":{"line":236,"column":null}},"line":184},"8":{"name":"(anonymous_8)","decl":{"start":{"line":204,"column":25},"end":{"line":204,"column":26}},"loc":{"start":{"line":204,"column":36},"end":{"line":212,"column":8}},"line":204},"9":{"name":"(anonymous_9)","decl":{"start":{"line":223,"column":25},"end":{"line":223,"column":26}},"loc":{"start":{"line":223,"column":36},"end":{"line":231,"column":8}},"line":223},"10":{"name":"(anonymous_10)","decl":{"start":{"line":238,"column":26},"end":{"line":238,"column":27}},"loc":{"start":{"line":238,"column":86},"end":{"line":251,"column":null}},"line":238},"11":{"name":"(anonymous_11)","decl":{"start":{"line":242,"column":23},"end":{"line":242,"column":24}},"loc":{"start":{"line":242,"column":34},"end":{"line":250,"column":6}},"line":242},"12":{"name":"(anonymous_12)","decl":{"start":{"line":253,"column":23},"end":{"line":253,"column":24}},"loc":{"start":{"line":253,"column":42},"end":{"line":256,"column":null}},"line":253},"13":{"name":"(anonymous_13)","decl":{"start":{"line":258,"column":21},"end":{"line":258,"column":22}},"loc":{"start":{"line":258,"column":53},"end":{"line":265,"column":null}},"line":258},"14":{"name":"(anonymous_14)","decl":{"start":{"line":267,"column":21},"end":{"line":267,"column":27}},"loc":{"start":{"line":267,"column":27},"end":{"line":273,"column":null}},"line":267},"15":{"name":"(anonymous_15)","decl":{"start":{"line":269,"column":24},"end":{"line":269,"column":25}},"loc":{"start":{"line":269,"column":35},"end":{"line":272,"column":6}},"line":269},"16":{"name":"(anonymous_16)","decl":{"start":{"line":275,"column":28},"end":{"line":275,"column":34}},"loc":{"start":{"line":275,"column":34},"end":{"line":283,"column":5}},"line":275},"17":{"name":"(anonymous_17)","decl":{"start":{"line":278,"column":21},"end":{"line":278,"column":22}},"loc":{"start":{"line":278,"column":34},"end":{"line":281,"column":7}},"line":278},"18":{"name":"(anonymous_18)","decl":{"start":{"line":285,"column":23},"end":{"line":285,"column":35}},"loc":{"start":{"line":285,"column":35},"end":{"line":371,"column":null}},"line":285},"19":{"name":"(anonymous_19)","decl":{"start":{"line":291,"column":8},"end":{"line":291,"column":9}},"loc":{"start":{"line":291,"column":21},"end":{"line":291,"column":null}},"line":291},"20":{"name":"(anonymous_20)","decl":{"start":{"line":320,"column":36},"end":{"line":320,"column":37}},"loc":{"start":{"line":320,"column":49},"end":{"line":333,"column":7}},"line":320},"21":{"name":"(anonymous_21)","decl":{"start":{"line":335,"column":43},"end":{"line":335,"column":44}},"loc":{"start":{"line":335,"column":50},"end":{"line":335,"column":61}},"line":335}},"branchMap":{"0":{"loc":{"start":{"line":84,"column":4},"end":{"line":87,"column":null}},"type":"if","locations":[{"start":{"line":84,"column":4},"end":{"line":87,"column":null}},{"start":{},"end":{}}],"line":84},"1":{"loc":{"start":{"line":110,"column":8},"end":{"line":125,"column":null}},"type":"if","locations":[{"start":{"line":110,"column":8},"end":{"line":125,"column":null}},{"start":{"line":121,"column":15},"end":{"line":125,"column":null}}],"line":110},"2":{"loc":{"start":{"line":112,"column":10},"end":{"line":120,"column":null}},"type":"if","locations":[{"start":{"line":112,"column":10},"end":{"line":120,"column":null}},{"start":{"line":116,"column":17},"end":{"line":120,"column":null}}],"line":112},"3":{"loc":{"start":{"line":129,"column":29},"end":{"line":129,"column":null}},"type":"cond-expr","locations":[{"start":{"line":129,"column":54},"end":{"line":129,"column":70}},{"start":{"line":129,"column":70},"end":{"line":129,"column":null}}],"line":129},"4":{"loc":{"start":{"line":146,"column":4},"end":{"line":151,"column":null}},"type":"if","locations":[{"start":{"line":146,"column":4},"end":{"line":151,"column":null}},{"start":{},"end":{}}],"line":146},"5":{"loc":{"start":{"line":146,"column":8},"end":{"line":146,"column":72}},"type":"binary-expr","locations":[{"start":{"line":146,"column":8},"end":{"line":146,"column":31}},{"start":{"line":146,"column":31},"end":{"line":146,"column":72}}],"line":146},"6":{"loc":{"start":{"line":157,"column":4},"end":{"line":168,"column":null}},"type":"if","locations":[{"start":{"line":157,"column":4},"end":{"line":168,"column":null}},{"start":{},"end":{}}],"line":157},"7":{"loc":{"start":{"line":159,"column":6},"end":{"line":167,"column":null}},"type":"if","locations":[{"start":{"line":159,"column":6},"end":{"line":167,"column":null}},{"start":{"line":163,"column":13},"end":{"line":167,"column":null}}],"line":159},"8":{"loc":{"start":{"line":176,"column":4},"end":{"line":179,"column":null}},"type":"if","locations":[{"start":{"line":176,"column":4},"end":{"line":179,"column":null}},{"start":{},"end":{}}],"line":176},"9":{"loc":{"start":{"line":176,"column":8},"end":{"line":176,"column":79}},"type":"binary-expr","locations":[{"start":{"line":176,"column":8},"end":{"line":176,"column":31}},{"start":{"line":176,"column":31},"end":{"line":176,"column":79}}],"line":176},"10":{"loc":{"start":{"line":185,"column":4},"end":{"line":185,"column":null}},"type":"if","locations":[{"start":{"line":185,"column":4},"end":{"line":185,"column":null}},{"start":{},"end":{}}],"line":185},"11":{"loc":{"start":{"line":185,"column":8},"end":{"line":185,"column":62}},"type":"binary-expr","locations":[{"start":{"line":185,"column":8},"end":{"line":185,"column":28}},{"start":{"line":185,"column":28},"end":{"line":185,"column":50}},{"start":{"line":185,"column":50},"end":{"line":185,"column":62}}],"line":185},"12":{"loc":{"start":{"line":186,"column":4},"end":{"line":186,"column":null}},"type":"if","locations":[{"start":{"line":186,"column":4},"end":{"line":186,"column":null}},{"start":{},"end":{}}],"line":186},"13":{"loc":{"start":{"line":189,"column":22},"end":{"line":189,"column":null}},"type":"binary-expr","locations":[{"start":{"line":189,"column":22},"end":{"line":189,"column":64}},{"start":{"line":189,"column":64},"end":{"line":189,"column":null}}],"line":189},"14":{"loc":{"start":{"line":196,"column":20},"end":{"line":196,"column":null}},"type":"binary-expr","locations":[{"start":{"line":196,"column":20},"end":{"line":196,"column":51}},{"start":{"line":196,"column":51},"end":{"line":196,"column":null}}],"line":196},"15":{"loc":{"start":{"line":201,"column":43},"end":{"line":201,"column":null}},"type":"cond-expr","locations":[{"start":{"line":201,"column":61},"end":{"line":201,"column":73}},{"start":{"line":201,"column":73},"end":{"line":201,"column":null}}],"line":201},"16":{"loc":{"start":{"line":221,"column":43},"end":{"line":221,"column":null}},"type":"cond-expr","locations":[{"start":{"line":221,"column":53},"end":{"line":221,"column":65}},{"start":{"line":221,"column":65},"end":{"line":221,"column":null}}],"line":221},"17":{"loc":{"start":{"line":239,"column":22},"end":{"line":239,"column":null}},"type":"binary-expr","locations":[{"start":{"line":239,"column":22},"end":{"line":239,"column":56}},{"start":{"line":239,"column":56},"end":{"line":239,"column":null}}],"line":239},"18":{"loc":{"start":{"line":247,"column":18},"end":{"line":247,"column":null}},"type":"cond-expr","locations":[{"start":{"line":247,"column":30},"end":{"line":247,"column":42}},{"start":{"line":247,"column":42},"end":{"line":247,"column":null}}],"line":247},"19":{"loc":{"start":{"line":259,"column":4},"end":{"line":261,"column":null}},"type":"if","locations":[{"start":{"line":259,"column":4},"end":{"line":261,"column":null}},{"start":{},"end":{}}],"line":259},"20":{"loc":{"start":{"line":259,"column":8},"end":{"line":259,"column":76}},"type":"binary-expr","locations":[{"start":{"line":259,"column":8},"end":{"line":259,"column":32}},{"start":{"line":259,"column":32},"end":{"line":259,"column":76}}],"line":259},"21":{"loc":{"start":{"line":262,"column":4},"end":{"line":264,"column":null}},"type":"if","locations":[{"start":{"line":262,"column":4},"end":{"line":264,"column":null}},{"start":{},"end":{}}],"line":262},"22":{"loc":{"start":{"line":262,"column":8},"end":{"line":262,"column":58}},"type":"binary-expr","locations":[{"start":{"line":262,"column":8},"end":{"line":262,"column":32}},{"start":{"line":262,"column":32},"end":{"line":262,"column":58}}],"line":262},"23":{"loc":{"start":{"line":268,"column":4},"end":{"line":268,"column":null}},"type":"if","locations":[{"start":{"line":268,"column":4},"end":{"line":268,"column":null}},{"start":{},"end":{}}],"line":268},"24":{"loc":{"start":{"line":277,"column":6},"end":{"line":281,"column":null}},"type":"binary-expr","locations":[{"start":{"line":277,"column":6},"end":{"line":277,"column":null}},{"start":{"line":278,"column":6},"end":{"line":281,"column":null}}],"line":277},"25":{"loc":{"start":{"line":286,"column":4},"end":{"line":286,"column":null}},"type":"if","locations":[{"start":{"line":286,"column":4},"end":{"line":286,"column":null}},{"start":{},"end":{}}],"line":286},"26":{"loc":{"start":{"line":286,"column":8},"end":{"line":286,"column":51}},"type":"binary-expr","locations":[{"start":{"line":286,"column":8},"end":{"line":286,"column":25}},{"start":{"line":286,"column":25},"end":{"line":286,"column":39}},{"start":{"line":286,"column":39},"end":{"line":286,"column":51}}],"line":286},"27":{"loc":{"start":{"line":291,"column":28},"end":{"line":291,"column":null}},"type":"binary-expr","locations":[{"start":{"line":291,"column":28},"end":{"line":291,"column":44}},{"start":{"line":291,"column":44},"end":{"line":291,"column":null}}],"line":291},"28":{"loc":{"start":{"line":308,"column":6},"end":{"line":316,"column":null}},"type":"if","locations":[{"start":{"line":308,"column":6},"end":{"line":316,"column":null}},{"start":{"line":311,"column":13},"end":{"line":316,"column":null}}],"line":308},"29":{"loc":{"start":{"line":327,"column":27},"end":{"line":327,"column":null}},"type":"binary-expr","locations":[{"start":{"line":327,"column":27},"end":{"line":327,"column":45}},{"start":{"line":327,"column":45},"end":{"line":327,"column":null}}],"line":327},"30":{"loc":{"start":{"line":330,"column":25},"end":{"line":330,"column":null}},"type":"cond-expr","locations":[{"start":{"line":330,"column":37},"end":{"line":330,"column":42}},{"start":{"line":330,"column":42},"end":{"line":330,"column":null}}],"line":330},"31":{"loc":{"start":{"line":361,"column":6},"end":{"line":369,"column":null}},"type":"if","locations":[{"start":{"line":361,"column":6},"end":{"line":369,"column":null}},{"start":{"line":364,"column":13},"end":{"line":369,"column":null}}],"line":361},"32":{"loc":{"start":{"line":373,"column":26},"end":{"line":373,"column":null}},"type":"cond-expr","locations":[{"start":{"line":373,"column":35},"end":{"line":373,"column":99}},{"start":{"line":373,"column":99},"end":{"line":373,"column":null}}],"line":373},"33":{"loc":{"start":{"line":374,"column":29},"end":{"line":374,"column":null}},"type":"cond-expr","locations":[{"start":{"line":374,"column":47},"end":{"line":374,"column":100}},{"start":{"line":374,"column":100},"end":{"line":374,"column":null}}],"line":374},"34":{"loc":{"start":{"line":377,"column":14},"end":{"line":377,"column":null}},"type":"cond-expr","locations":[{"start":{"line":377,"column":34},"end":{"line":377,"column":39}},{"start":{"line":377,"column":39},"end":{"line":377,"column":null}}],"line":377}},"s":{"0":1,"1":12,"2":12,"3":12,"4":12,"5":12,"6":12,"7":2,"8":2,"9":10,"10":10,"11":10,"12":10,"13":10,"14":10,"15":10,"16":10,"17":10,"18":10,"19":10,"20":10,"21":10,"22":10,"23":10,"24":10,"25":0,"26":0,"27":0,"28":10,"29":10,"30":10,"31":0,"32":0,"33":0,"34":0,"35":0,"36":0,"37":0,"38":10,"39":10,"40":12,"41":12,"42":12,"43":7,"44":0,"45":12,"46":12,"47":8,"48":8,"49":2,"50":2,"51":2,"52":6,"53":6,"54":6,"55":12,"56":12,"57":12,"58":3,"59":1,"60":2,"61":2,"62":12,"63":1,"64":0,"65":1,"66":0,"67":1,"68":1,"69":1,"70":1,"71":1,"72":1,"73":0,"74":1,"75":1,"76":0,"77":0,"78":0,"79":0,"80":0,"81":0,"82":0,"83":0,"84":12,"85":0,"86":0,"87":0,"88":0,"89":12,"90":2,"91":12,"92":1,"93":1,"94":1,"95":0,"96":12,"97":1,"98":0,"99":1,"100":0,"101":12,"102":12,"103":8,"104":8,"105":12,"106":1,"107":0,"108":1,"109":1,"110":1,"111":1,"112":1,"113":1,"114":1,"115":1,"116":1,"117":0,"118":0,"119":0,"120":0,"121":0,"122":0,"123":0,"124":0,"125":0,"126":0,"127":0,"128":0,"129":0,"130":0,"131":0,"132":0,"133":0,"134":0,"135":0,"136":12,"137":12,"138":12},"f":{"0":12,"1":12,"2":10,"3":12,"4":0,"5":12,"6":3,"7":1,"8":0,"9":0,"10":0,"11":0,"12":2,"13":1,"14":1,"15":0,"16":12,"17":8,"18":1,"19":1,"20":0,"21":0},"b":{"0":[2,10],"1":[10,0],"2":[0,10],"3":[0,0],"4":[7,5],"5":[12,8],"6":[8,4],"7":[2,6],"8":[1,2],"9":[3,3],"10":[0,1],"11":[1,1,1],"12":[0,1],"13":[1,0],"14":[1,0],"15":[1,0],"16":[0,0],"17":[0,0],"18":[0,0],"19":[1,0],"20":[1,1],"21":[0,1],"22":[1,0],"23":[0,1],"24":[12,8],"25":[0,1],"26":[1,1,1],"27":[1,0],"28":[1,0],"29":[0,0],"30":[0,0],"31":[0,0],"32":[8,4],"33":[8,4],"34":[0,12]},"meta":{"lastBranch":35,"lastFunction":22,"lastStatement":139,"seen":{"s:43:34:401:Infinity":0,"f:43:34:43:35":0,"s:48:21:48:Infinity":1,"s:49:25:49:Infinity":2,"s:64:6:64:Infinity":3,"s:80:6:80:Infinity":4,"s:83:2:140:Infinity":5,"f:83:12:83:18":1,"b:84:4:87:Infinity:undefined:undefined:undefined:undefined":0,"s:84:4:87:Infinity":6,"s:85:6:85:Infinity":7,"s:86:6:86:Infinity":8,"s:89:26:136:Infinity":9,"f:89:26:89:38":2,"s:90:6:90:Infinity":10,"s:91:6:91:Infinity":11,"s:92:6:135:Infinity":12,"s:93:23:97:Infinity":13,"s:100:8:100:Infinity":14,"s:101:8:101:Infinity":15,"s:102:8:102:Infinity":16,"s:103:8:103:Infinity":17,"s:104:8:104:Infinity":18,"s:105:8:105:Infinity":19,"s:106:8:106:Infinity":20,"s:109:32:109:Infinity":21,"b:110:8:125:Infinity:121:15:125:Infinity":1,"s:110:8:125:Infinity":22,"s:111:25:111:Infinity":23,"b:112:10:120:Infinity:116:17:120:Infinity":2,"s:112:10:120:Infinity":24,"s:113:12:113:Infinity":25,"s:114:12:114:Infinity":26,"s:115:12:115:Infinity":27,"s:117:12:117:Infinity":28,"s:118:12:118:Infinity":29,"s:119:12:119:Infinity":30,"s:122:10:122:Infinity":31,"s:123:10:123:Infinity":32,"s:124:10:124:Infinity":33,"s:127:8:127:Infinity":34,"s:129:29:129:Infinity":35,"b:129:54:129:70:129:70:129:Infinity":3,"s:130:8:130:Infinity":36,"s:132:8:132:Infinity":37,"s:134:8:134:Infinity":38,"s:138:4:138:Infinity":39,"s:142:26:142:Infinity":40,"s:145:2:153:Infinity":41,"f:145:12:145:18":3,"b:146:4:151:Infinity:undefined:undefined:undefined:undefined":4,"s:146:4:151:Infinity":42,"b:146:8:146:31:146:31:146:72":5,"s:147:6:150:Infinity":43,"f:147:28:147:29":4,"s:147:39:150:8":44,"s:156:2:170:Infinity":45,"f:156:12:156:18":5,"b:157:4:168:Infinity:undefined:undefined:undefined:undefined":6,"s:157:4:168:Infinity":46,"s:158:20:158:Infinity":47,"b:159:6:167:Infinity:163:13:167:Infinity":7,"s:159:6:167:Infinity":48,"s:160:8:160:Infinity":49,"s:161:8:161:Infinity":50,"s:162:8:162:Infinity":51,"s:164:8:164:Infinity":52,"s:165:8:165:Infinity":53,"s:166:8:166:Infinity":54,"s:172:28:172:Infinity":55,"s:173:25:173:Infinity":56,"s:175:29:182:Infinity":57,"f:175:29:175:30":6,"b:176:4:179:Infinity:undefined:undefined:undefined:undefined":8,"s:176:4:179:Infinity":58,"b:176:8:176:31:176:31:176:79":9,"s:178:6:178:Infinity":59,"s:180:22:180:Infinity":60,"s:181:4:181:Infinity":61,"s:184:28:236:Infinity":62,"f:184:28:184:40":7,"b:185:4:185:Infinity:undefined:undefined:undefined:undefined":10,"s:185:4:185:Infinity":63,"b:185:8:185:28:185:28:185:50:185:50:185:62":11,"s:185:62:185:Infinity":64,"b:186:4:186:Infinity:undefined:undefined:undefined:undefined":12,"s:186:4:186:Infinity":65,"s:186:56:186:Infinity":66,"s:189:22:189:Infinity":67,"b:189:22:189:64:189:64:189:Infinity":13,"s:190:22:190:Infinity":68,"s:192:4:235:Infinity":69,"s:194:19:199:Infinity":70,"b:196:20:196:51:196:51:196:Infinity":14,"s:201:43:201:Infinity":71,"b:201:61:201:73:201:73:201:Infinity":15,"s:204:6:212:Infinity":72,"f:204:25:204:26":8,"s:204:36:212:8":73,"s:214:6:214:Infinity":74,"s:215:6:215:Infinity":75,"s:217:6:217:Infinity":76,"s:219:28:219:Infinity":77,"s:220:22:220:Infinity":78,"s:221:43:221:Infinity":79,"b:221:53:221:65:221:65:221:Infinity":16,"s:223:6:231:Infinity":80,"f:223:25:223:26":9,"s:223:36:231:8":81,"s:233:6:233:Infinity":82,"s:234:6:234:Infinity":83,"s:238:26:251:Infinity":84,"f:238:26:238:27":10,"s:239:22:239:Infinity":85,"b:239:22:239:56:239:56:239:Infinity":17,"s:240:22:240:Infinity":86,"s:242:4:250:Infinity":87,"f:242:23:242:24":11,"s:242:34:250:6":88,"b:247:30:247:42:247:42:247:Infinity":18,"s:253:23:256:Infinity":89,"f:253:23:253:24":12,"s:254:4:254:Infinity":90,"s:258:21:265:Infinity":91,"f:258:21:258:22":13,"b:259:4:261:Infinity:undefined:undefined:undefined:undefined":19,"s:259:4:261:Infinity":92,"b:259:8:259:32:259:32:259:76":20,"s:260:6:260:Infinity":93,"b:262:4:264:Infinity:undefined:undefined:undefined:undefined":21,"s:262:4:264:Infinity":94,"b:262:8:262:32:262:32:262:58":22,"s:263:6:263:Infinity":95,"s:267:21:273:Infinity":96,"f:267:21:267:27":14,"b:268:4:268:Infinity:undefined:undefined:undefined:undefined":23,"s:268:4:268:Infinity":97,"s:268:26:268:Infinity":98,"s:269:4:272:Infinity":99,"f:269:24:269:25":15,"s:269:35:272:6":100,"s:275:8:283:Infinity":101,"f:275:28:275:34":16,"s:276:4:281:Infinity":102,"b:277:6:277:Infinity:278:6:281:Infinity":24,"f:278:21:278:22":17,"s:279:23:279:Infinity":103,"s:280:8:280:Infinity":104,"s:285:23:371:Infinity":105,"f:285:23:285:35":18,"b:286:4:286:Infinity:undefined:undefined:undefined:undefined":25,"s:286:4:286:Infinity":106,"b:286:8:286:25:286:25:286:39:286:39:286:51":26,"s:286:51:286:Infinity":107,"s:288:4:370:Infinity":108,"s:290:30:293:Infinity":109,"f:291:8:291:9":19,"s:291:21:291:Infinity":110,"b:291:28:291:44:291:44:291:Infinity":27,"s:295:19:298:Infinity":111,"s:301:12:301:Infinity":112,"s:304:6:304:Infinity":113,"s:307:30:307:Infinity":114,"b:308:6:316:Infinity:311:13:316:Infinity":28,"s:308:6:316:Infinity":115,"s:310:8:310:Infinity":116,"s:313:30:313:Infinity":117,"s:314:8:314:Infinity":118,"s:315:8:315:Infinity":119,"s:318:6:318:Infinity":120,"s:320:23:333:Infinity":121,"f:320:36:320:37":20,"s:321:23:321:Infinity":122,"s:322:26:322:Infinity":123,"s:324:8:332:Infinity":124,"b:327:27:327:45:327:45:327:Infinity":29,"b:330:37:330:42:330:42:330:Infinity":30,"s:335:27:335:Infinity":125,"f:335:43:335:44":21,"s:335:50:335:61":126,"s:336:23:336:Infinity":127,"s:338:29:355:Infinity":128,"s:357:6:357:Infinity":129,"s:360:30:360:Infinity":130,"b:361:6:369:Infinity:364:13:369:Infinity":31,"s:361:6:369:Infinity":131,"s:363:8:363:Infinity":132,"s:366:30:366:Infinity":133,"s:367:8:367:Infinity":134,"s:368:8:368:Infinity":135,"s:373:26:373:Infinity":136,"b:373:35:373:99:373:99:373:Infinity":32,"s:374:29:374:Infinity":137,"b:374:47:374:100:374:100:374:Infinity":33,"s:376:2:400:Infinity":138,"b:377:34:377:39:377:39:377:Infinity":34}}}
,"/home/seanorourke/math-helper/frontend/src/features/practice/hooks/usePracticeState.ts": {"path":"/home/seanorourke/math-helper/frontend/src/features/practice/hooks/usePracticeState.ts","statementMap":{"0":{"start":{"line":44,"column":30},"end":{"line":44,"column":null}},"1":{"start":{"line":45,"column":54},"end":{"line":45,"column":null}},"2":{"start":{"line":46,"column":34},"end":{"line":46,"column":null}},"3":{"start":{"line":47,"column":30},"end":{"line":47,"column":null}},"4":{"start":{"line":48,"column":34},"end":{"line":48,"column":null}},"5":{"start":{"line":49,"column":46},"end":{"line":49,"column":null}},"6":{"start":{"line":50,"column":44},"end":{"line":50,"column":null}},"7":{"start":{"line":51,"column":50},"end":{"line":51,"column":null}},"8":{"start":{"line":52,"column":48},"end":{"line":52,"column":null}},"9":{"start":{"line":53,"column":32},"end":{"line":53,"column":null}},"10":{"start":{"line":54,"column":36},"end":{"line":54,"column":null}},"11":{"start":{"line":55,"column":38},"end":{"line":55,"column":null}},"12":{"start":{"line":57,"column":21},"end":{"line":67,"column":null}},"13":{"start":{"line":58,"column":4},"end":{"line":58,"column":null}},"14":{"start":{"line":59,"column":4},"end":{"line":59,"column":null}},"15":{"start":{"line":60,"column":4},"end":{"line":60,"column":null}},"16":{"start":{"line":61,"column":4},"end":{"line":61,"column":null}},"17":{"start":{"line":62,"column":4},"end":{"line":62,"column":null}},"18":{"start":{"line":63,"column":4},"end":{"line":63,"column":null}},"19":{"start":{"line":64,"column":4},"end":{"line":64,"column":null}},"20":{"start":{"line":65,"column":4},"end":{"line":65,"column":null}},"21":{"start":{"line":66,"column":4},"end":{"line":66,"column":null}},"22":{"start":{"line":69,"column":2},"end":{"line":99,"column":null}}},"fnMap":{"0":{"name":"usePracticeState","decl":{"start":{"line":40,"column":16},"end":{"line":40,"column":null}},"loc":{"start":{"line":43,"column":2},"end":{"line":100,"column":null}},"line":43},"1":{"name":"(anonymous_1)","decl":{"start":{"line":57,"column":21},"end":{"line":57,"column":27}},"loc":{"start":{"line":57,"column":27},"end":{"line":67,"column":null}},"line":57}},"branchMap":{},"s":{"0":40,"1":40,"2":40,"3":40,"4":40,"5":40,"6":40,"7":40,"8":40,"9":40,"10":40,"11":40,"12":40,"13":1,"14":1,"15":1,"16":1,"17":1,"18":1,"19":1,"20":1,"21":1,"22":40},"f":{"0":40,"1":1},"b":{},"meta":{"lastBranch":0,"lastFunction":2,"lastStatement":23,"seen":{"f:40:16:40:Infinity":0,"s:44:30:44:Infinity":0,"s:45:54:45:Infinity":1,"s:46:34:46:Infinity":2,"s:47:30:47:Infinity":3,"s:48:34:48:Infinity":4,"s:49:46:49:Infinity":5,"s:50:44:50:Infinity":6,"s:51:50:51:Infinity":7,"s:52:48:52:Infinity":8,"s:53:32:53:Infinity":9,"s:54:36:54:Infinity":10,"s:55:38:55:Infinity":11,"s:57:21:67:Infinity":12,"f:57:21:57:27":1,"s:58:4:58:Infinity":13,"s:59:4:59:Infinity":14,"s:60:4:60:Infinity":15,"s:61:4:61:Infinity":16,"s:62:4:62:Infinity":17,"s:63:4:63:Infinity":18,"s:64:4:64:Infinity":19,"s:65:4:65:Infinity":20,"s:66:4:66:Infinity":21,"s:69:2:99:Infinity":22}}}
,"/home/seanorourke/math-helper/frontend/src/features/practice/utils/questionTransformers.ts": {"path":"/home/seanorourke/math-helper/frontend/src/features/practice/utils/questionTransformers.ts","statementMap":{"0":{"start":{"line":11,"column":2},"end":{"line":45,"column":null}},"1":{"start":{"line":13,"column":45},"end":{"line":13,"column":null}},"2":{"start":{"line":14,"column":4},"end":{"line":26,"column":null}},"3":{"start":{"line":15,"column":6},"end":{"line":23,"column":null}},"4":{"start":{"line":16,"column":8},"end":{"line":20,"column":null}},"5":{"start":{"line":17,"column":10},"end":{"line":17,"column":null}},"6":{"start":{"line":19,"column":10},"end":{"line":19,"column":null}},"7":{"start":{"line":22,"column":8},"end":{"line":22,"column":null}},"8":{"start":{"line":24,"column":4},"end":{"line":26,"column":null}},"9":{"start":{"line":25,"column":6},"end":{"line":25,"column":null}},"10":{"start":{"line":28,"column":4},"end":{"line":44,"column":null}}},"fnMap":{"0":{"name":"transformBackendQuestionsToPracticeQuestions","decl":{"start":{"line":7,"column":16},"end":{"line":7,"column":null}},"loc":{"start":{"line":10,"column":22},"end":{"line":46,"column":null}},"line":10},"1":{"name":"(anonymous_1)","decl":{"start":{"line":11,"column":30},"end":{"line":11,"column":31}},"loc":{"start":{"line":11,"column":37},"end":{"line":45,"column":3}},"line":11}},"branchMap":{"0":{"loc":{"start":{"line":14,"column":4},"end":{"line":26,"column":null}},"type":"if","locations":[{"start":{"line":14,"column":4},"end":{"line":26,"column":null}},{"start":{"line":24,"column":4},"end":{"line":26,"column":null}}],"line":14},"1":{"loc":{"start":{"line":15,"column":6},"end":{"line":23,"column":null}},"type":"if","locations":[{"start":{"line":15,"column":6},"end":{"line":23,"column":null}},{"start":{"line":21,"column":13},"end":{"line":23,"column":null}}],"line":15},"2":{"loc":{"start":{"line":19,"column":27},"end":{"line":19,"column":55}},"type":"binary-expr","locations":[{"start":{"line":19,"column":27},"end":{"line":19,"column":44}},{"start":{"line":19,"column":44},"end":{"line":19,"column":55}}],"line":19},"3":{"loc":{"start":{"line":24,"column":4},"end":{"line":26,"column":null}},"type":"if","locations":[{"start":{"line":24,"column":4},"end":{"line":26,"column":null}},{"start":{},"end":{}}],"line":24},"4":{"loc":{"start":{"line":29,"column":10},"end":{"line":29,"column":null}},"type":"binary-expr","locations":[{"start":{"line":29,"column":10},"end":{"line":29,"column":18}},{"start":{"line":29,"column":18},"end":{"line":29,"column":null}}],"line":29},"5":{"loc":{"start":{"line":30,"column":14},"end":{"line":30,"column":null}},"type":"binary-expr","locations":[{"start":{"line":30,"column":14},"end":{"line":30,"column":26}},{"start":{"line":30,"column":26},"end":{"line":30,"column":null}}],"line":30},"6":{"loc":{"start":{"line":31,"column":17},"end":{"line":31,"column":null}},"type":"binary-expr","locations":[{"start":{"line":31,"column":17},"end":{"line":31,"column":32}},{"start":{"line":31,"column":32},"end":{"line":31,"column":null}}],"line":31},"7":{"loc":{"start":{"line":32,"column":16},"end":{"line":32,"column":null}},"type":"binary-expr","locations":[{"start":{"line":32,"column":16},"end":{"line":32,"column":30}},{"start":{"line":32,"column":30},"end":{"line":32,"column":null}}],"line":32},"8":{"loc":{"start":{"line":33,"column":16},"end":{"line":33,"column":null}},"type":"binary-expr","locations":[{"start":{"line":33,"column":16},"end":{"line":33,"column":30}},{"start":{"line":33,"column":30},"end":{"line":33,"column":null}}],"line":33},"9":{"loc":{"start":{"line":34,"column":21},"end":{"line":34,"column":null}},"type":"binary-expr","locations":[{"start":{"line":34,"column":21},"end":{"line":34,"column":40}},{"start":{"line":34,"column":40},"end":{"line":34,"column":60}},{"start":{"line":34,"column":60},"end":{"line":34,"column":null}}],"line":34},"10":{"loc":{"start":{"line":35,"column":18},"end":{"line":35,"column":null}},"type":"binary-expr","locations":[{"start":{"line":35,"column":18},"end":{"line":35,"column":34}},{"start":{"line":35,"column":34},"end":{"line":35,"column":null}}],"line":35},"11":{"loc":{"start":{"line":36,"column":16},"end":{"line":36,"column":null}},"type":"binary-expr","locations":[{"start":{"line":36,"column":16},"end":{"line":36,"column":30}},{"start":{"line":36,"column":30},"end":{"line":36,"column":45}},{"start":{"line":36,"column":45},"end":{"line":36,"column":null}}],"line":36},"12":{"loc":{"start":{"line":37,"column":12},"end":{"line":37,"column":null}},"type":"binary-expr","locations":[{"start":{"line":37,"column":12},"end":{"line":37,"column":22}},{"start":{"line":37,"column":22},"end":{"line":37,"column":null}}],"line":37},"13":{"loc":{"start":{"line":39,"column":20},"end":{"line":39,"column":null}},"type":"binary-expr","locations":[{"start":{"line":39,"column":20},"end":{"line":39,"column":38}},{"start":{"line":39,"column":38},"end":{"line":39,"column":null}}],"line":39},"14":{"loc":{"start":{"line":40,"column":23},"end":{"line":40,"column":null}},"type":"binary-expr","locations":[{"start":{"line":40,"column":23},"end":{"line":40,"column":44}},{"start":{"line":40,"column":44},"end":{"line":40,"column":null}}],"line":40},"15":{"loc":{"start":{"line":41,"column":21},"end":{"line":41,"column":null}},"type":"binary-expr","locations":[{"start":{"line":41,"column":21},"end":{"line":41,"column":40}},{"start":{"line":41,"column":40},"end":{"line":41,"column":null}}],"line":41},"16":{"loc":{"start":{"line":42,"column":21},"end":{"line":42,"column":null}},"type":"binary-expr","locations":[{"start":{"line":42,"column":21},"end":{"line":42,"column":40}},{"start":{"line":42,"column":40},"end":{"line":42,"column":null}}],"line":42},"17":{"loc":{"start":{"line":43,"column":19},"end":{"line":43,"column":null}},"type":"binary-expr","locations":[{"start":{"line":43,"column":19},"end":{"line":43,"column":36}},{"start":{"line":43,"column":36},"end":{"line":43,"column":null}}],"line":43}},"s":{"0":25,"1":31,"2":31,"3":3,"4":2,"5":2,"6":1,"7":1,"8":28,"9":1,"10":31},"f":{"0":25,"1":31},"b":{"0":[3,28],"1":[2,1],"2":[1,0],"3":[1,27],"4":[31,2],"5":[31,1],"6":[31,18],"7":[31,18],"8":[31,18],"9":[31,30,7],"10":[31,22],"11":[31,30,20],"12":[31,31],"13":[31,30],"14":[31,30],"15":[31,30],"16":[31,30],"17":[31,0]},"meta":{"lastBranch":18,"lastFunction":2,"lastStatement":11,"seen":{"f:7:16:7:Infinity":0,"s:11:2:45:Infinity":0,"f:11:30:11:31":1,"s:13:45:13:Infinity":1,"b:14:4:26:Infinity:24:4:26:Infinity":0,"s:14:4:26:Infinity":2,"b:15:6:23:Infinity:21:13:23:Infinity":1,"s:15:6:23:Infinity":3,"s:16:8:20:Infinity":4,"s:17:10:17:Infinity":5,"s:19:10:19:Infinity":6,"b:19:27:19:44:19:44:19:55":2,"s:22:8:22:Infinity":7,"b:24:4:26:Infinity:undefined:undefined:undefined:undefined":3,"s:24:4:26:Infinity":8,"s:25:6:25:Infinity":9,"s:28:4:44:Infinity":10,"b:29:10:29:18:29:18:29:Infinity":4,"b:30:14:30:26:30:26:30:Infinity":5,"b:31:17:31:32:31:32:31:Infinity":6,"b:32:16:32:30:32:30:32:Infinity":7,"b:33:16:33:30:33:30:33:Infinity":8,"b:34:21:34:40:34:40:34:60:34:60:34:Infinity":9,"b:35:18:35:34:35:34:35:Infinity":10,"b:36:16:36:30:36:30:36:45:36:45:36:Infinity":11,"b:37:12:37:22:37:22:37:Infinity":12,"b:39:20:39:38:39:38:39:Infinity":13,"b:40:23:40:44:40:44:40:Infinity":14,"b:41:21:41:40:41:40:41:Infinity":15,"b:42:21:42:40:42:40:42:Infinity":16,"b:43:19:43:36:43:36:43:Infinity":17}}}
,"/home/seanorourke/math-helper/frontend/src/features/practice/utils/sessionReconstruction.ts": {"path":"/home/seanorourke/math-helper/frontend/src/features/practice/utils/sessionReconstruction.ts","statementMap":{"0":{"start":{"line":28,"column":20},"end":{"line":28,"column":null}},"1":{"start":{"line":29,"column":22},"end":{"line":29,"column":null}},"2":{"start":{"line":32,"column":8},"end":{"line":32,"column":null}},"3":{"start":{"line":35,"column":58},"end":{"line":35,"column":null}},"4":{"start":{"line":36,"column":29},"end":{"line":36,"column":null}},"5":{"start":{"line":38,"column":2},"end":{"line":57,"column":null}},"6":{"start":{"line":39,"column":25},"end":{"line":41,"column":null}},"7":{"start":{"line":40,"column":7},"end":{"line":40,"column":null}},"8":{"start":{"line":43,"column":4},"end":{"line":56,"column":null}},"9":{"start":{"line":45,"column":6},"end":{"line":50,"column":null}},"10":{"start":{"line":53,"column":6},"end":{"line":55,"column":null}},"11":{"start":{"line":54,"column":8},"end":{"line":54,"column":null}},"12":{"start":{"line":61,"column":4},"end":{"line":61,"column":null}},"13":{"start":{"line":64,"column":53},"end":{"line":64,"column":null}},"14":{"start":{"line":65,"column":52},"end":{"line":65,"column":null}},"15":{"start":{"line":67,"column":2},"end":{"line":73,"column":null}}},"fnMap":{"0":{"name":"reconstructSessionStateFromResponse","decl":{"start":{"line":25,"column":16},"end":{"line":25,"column":null}},"loc":{"start":{"line":27,"column":29},"end":{"line":74,"column":null}},"line":27},"1":{"name":"(anonymous_1)","decl":{"start":{"line":38,"column":19},"end":{"line":38,"column":20}},"loc":{"start":{"line":38,"column":39},"end":{"line":57,"column":3}},"line":38},"2":{"name":"(anonymous_2)","decl":{"start":{"line":40,"column":6},"end":{"line":40,"column":7}},"loc":{"start":{"line":40,"column":7},"end":{"line":40,"column":null}},"line":40}},"branchMap":{"0":{"loc":{"start":{"line":28,"column":20},"end":{"line":28,"column":null}},"type":"binary-expr","locations":[{"start":{"line":28,"column":20},"end":{"line":28,"column":46}},{"start":{"line":28,"column":46},"end":{"line":28,"column":null}}],"line":28},"1":{"loc":{"start":{"line":29,"column":22},"end":{"line":29,"column":null}},"type":"binary-expr","locations":[{"start":{"line":29,"column":22},"end":{"line":29,"column":43}},{"start":{"line":29,"column":43},"end":{"line":29,"column":null}}],"line":29},"2":{"loc":{"start":{"line":40,"column":19},"end":{"line":40,"column":47}},"type":"binary-expr","locations":[{"start":{"line":40,"column":19},"end":{"line":40,"column":36}},{"start":{"line":40,"column":36},"end":{"line":40,"column":47}}],"line":40},"3":{"loc":{"start":{"line":40,"column":47},"end":{"line":40,"column":null}},"type":"binary-expr","locations":[{"start":{"line":40,"column":47},"end":{"line":40,"column":70}},{"start":{"line":40,"column":70},"end":{"line":40,"column":null}}],"line":40},"4":{"loc":{"start":{"line":43,"column":4},"end":{"line":56,"column":null}},"type":"if","locations":[{"start":{"line":43,"column":4},"end":{"line":56,"column":null}},{"start":{"line":51,"column":11},"end":{"line":56,"column":null}}],"line":43},"5":{"loc":{"start":{"line":46,"column":16},"end":{"line":46,"column":null}},"type":"binary-expr","locations":[{"start":{"line":46,"column":16},"end":{"line":46,"column":58}},{"start":{"line":46,"column":58},"end":{"line":46,"column":null}}],"line":46},"6":{"loc":{"start":{"line":48,"column":18},"end":{"line":48,"column":null}},"type":"cond-expr","locations":[{"start":{"line":48,"column":53},"end":{"line":48,"column":65}},{"start":{"line":48,"column":65},"end":{"line":48,"column":null}}],"line":48},"7":{"loc":{"start":{"line":53,"column":6},"end":{"line":55,"column":null}},"type":"if","locations":[{"start":{"line":53,"column":6},"end":{"line":55,"column":null}},{"start":{},"end":{}}],"line":53},"8":{"loc":{"start":{"line":61,"column":4},"end":{"line":61,"column":null}},"type":"cond-expr","locations":[{"start":{"line":61,"column":34},"end":{"line":61,"column":57}},{"start":{"line":61,"column":57},"end":{"line":61,"column":null}}],"line":61},"9":{"loc":{"start":{"line":61,"column":57},"end":{"line":61,"column":null}},"type":"cond-expr","locations":[{"start":{"line":61,"column":79},"end":{"line":61,"column":101}},{"start":{"line":61,"column":101},"end":{"line":61,"column":null}}],"line":61}},"s":{"0":13,"1":13,"2":13,"3":13,"4":13,"5":13,"6":18,"7":25,"8":18,"9":6,"10":12,"11":7,"12":13,"13":13,"14":13,"15":13},"f":{"0":13,"1":18,"2":25},"b":{"0":[13,1],"1":[13,1],"2":[25,0],"3":[25,0],"4":[6,12],"5":[6,1],"6":[4,2],"7":[7,5],"8":[7,6],"9":[4,2]},"meta":{"lastBranch":10,"lastFunction":3,"lastStatement":16,"seen":{"f:25:16:25:Infinity":0,"s:28:20:28:Infinity":0,"b:28:20:28:46:28:46:28:Infinity":0,"s:29:22:29:Infinity":1,"b:29:22:29:43:29:43:29:Infinity":1,"s:32:8:32:Infinity":2,"s:35:58:35:Infinity":3,"s:36:29:36:Infinity":4,"s:38:2:57:Infinity":5,"f:38:19:38:20":1,"s:39:25:41:Infinity":6,"f:40:6:40:7":2,"s:40:7:40:Infinity":7,"b:40:19:40:36:40:36:40:47":2,"b:40:47:40:70:40:70:40:Infinity":3,"b:43:4:56:Infinity:51:11:56:Infinity":4,"s:43:4:56:Infinity":8,"s:45:6:50:Infinity":9,"b:46:16:46:58:46:58:46:Infinity":5,"b:48:53:48:65:48:65:48:Infinity":6,"b:53:6:55:Infinity:undefined:undefined:undefined:undefined":7,"s:53:6:55:Infinity":10,"s:54:8:54:Infinity":11,"s:61:4:61:Infinity":12,"b:61:34:61:57:61:57:61:Infinity":8,"b:61:79:61:101:61:101:61:Infinity":9,"s:64:53:64:Infinity":13,"s:65:52:65:Infinity":14,"s:67:2:73:Infinity":15}}}
,"/home/seanorourke/math-helper/frontend/src/features/students/hooks/useLearners.ts": {"path":"/home/seanorourke/math-helper/frontend/src/features/students/hooks/useLearners.ts","statementMap":{"0":{"start":{"line":11,"column":25},"end":{"line":15,"column":null}},"1":{"start":{"line":17,"column":27},"end":{"line":174,"column":null}},"2":{"start":{"line":18,"column":114},"end":{"line":18,"column":null}},"3":{"start":{"line":19,"column":38},"end":{"line":19,"column":null}},"4":{"start":{"line":20,"column":36},"end":{"line":20,"column":null}},"5":{"start":{"line":21,"column":42},"end":{"line":21,"column":null}},"6":{"start":{"line":22,"column":36},"end":{"line":22,"column":null}},"7":{"start":{"line":23,"column":28},"end":{"line":23,"column":null}},"8":{"start":{"line":24,"column":40},"end":{"line":24,"column":null}},"9":{"start":{"line":25,"column":42},"end":{"line":25,"column":null}},"10":{"start":{"line":28,"column":8},"end":{"line":28,"column":null}},"11":{"start":{"line":30,"column":8},"end":{"line":30,"column":null}},"12":{"start":{"line":32,"column":2},"end":{"line":43,"column":null}},"13":{"start":{"line":33,"column":4},"end":{"line":42,"column":null}},"14":{"start":{"line":33,"column":49},"end":{"line":33,"column":76}},"15":{"start":{"line":34,"column":6},"end":{"line":34,"column":null}},"16":{"start":{"line":35,"column":4},"end":{"line":42,"column":null}},"17":{"start":{"line":38,"column":26},"end":{"line":38,"column":null}},"18":{"start":{"line":38,"column":50},"end":{"line":38,"column":77}},"19":{"start":{"line":39,"column":6},"end":{"line":41,"column":null}},"20":{"start":{"line":40,"column":8},"end":{"line":40,"column":null}},"21":{"start":{"line":48,"column":2},"end":{"line":72,"column":null}},"22":{"start":{"line":49,"column":4},"end":{"line":71,"column":null}},"23":{"start":{"line":50,"column":26},"end":{"line":50,"column":null}},"24":{"start":{"line":50,"column":45},"end":{"line":50,"column":69}},"25":{"start":{"line":57,"column":29},"end":{"line":59,"column":null}},"26":{"start":{"line":62,"column":6},"end":{"line":70,"column":null}},"27":{"start":{"line":63,"column":8},"end":{"line":63,"column":null}},"28":{"start":{"line":64,"column":8},"end":{"line":64,"column":null}},"29":{"start":{"line":67,"column":8},"end":{"line":69,"column":null}},"30":{"start":{"line":68,"column":10},"end":{"line":68,"column":null}},"31":{"start":{"line":74,"column":24},"end":{"line":115,"column":null}},"32":{"start":{"line":75,"column":22},"end":{"line":75,"column":null}},"33":{"start":{"line":77,"column":4},"end":{"line":79,"column":null}},"34":{"start":{"line":78,"column":6},"end":{"line":78,"column":null}},"35":{"start":{"line":81,"column":4},"end":{"line":81,"column":null}},"36":{"start":{"line":82,"column":4},"end":{"line":82,"column":null}},"37":{"start":{"line":84,"column":4},"end":{"line":114,"column":null}},"38":{"start":{"line":85,"column":23},"end":{"line":95,"column":null}},"39":{"start":{"line":97,"column":21},"end":{"line":97,"column":null}},"40":{"start":{"line":99,"column":6},"end":{"line":103,"column":null}},"41":{"start":{"line":100,"column":26},"end":{"line":100,"column":null}},"42":{"start":{"line":101,"column":8},"end":{"line":101,"column":null}},"43":{"start":{"line":102,"column":8},"end":{"line":102,"column":null}},"44":{"start":{"line":105,"column":12},"end":{"line":105,"column":null}},"45":{"start":{"line":106,"column":6},"end":{"line":106,"column":null}},"46":{"start":{"line":106,"column":28},"end":{"line":106,"column":50}},"47":{"start":{"line":107,"column":6},"end":{"line":107,"column":null}},"48":{"start":{"line":108,"column":6},"end":{"line":108,"column":null}},"49":{"start":{"line":110,"column":22},"end":{"line":110,"column":null}},"50":{"start":{"line":111,"column":6},"end":{"line":111,"column":null}},"51":{"start":{"line":113,"column":6},"end":{"line":113,"column":null}},"52":{"start":{"line":117,"column":16},"end":{"line":117,"column":null}},"53":{"start":{"line":118,"column":25},"end":{"line":118,"column":null}},"54":{"start":{"line":119,"column":20},"end":{"line":119,"column":null}},"55":{"start":{"line":121,"column":8},"end":{"line":132,"column":null}},"56":{"start":{"line":123,"column":6},"end":{"line":130,"column":null}},"57":{"start":{"line":125,"column":10},"end":{"line":128,"column":null}},"58":{"start":{"line":125,"column":50},"end":{"line":128,"column":12}},"59":{"start":{"line":130,"column":24},"end":{"line":130,"column":67}},"60":{"start":{"line":134,"column":8},"end":{"line":140,"column":null}},"61":{"start":{"line":136,"column":6},"end":{"line":138,"column":null}},"62":{"start":{"line":137,"column":25},"end":{"line":137,"column":null}},"63":{"start":{"line":142,"column":30},"end":{"line":142,"column":null}},"64":{"start":{"line":144,"column":2},"end":{"line":173,"column":null}}},"fnMap":{"0":{"name":"(anonymous_0)","decl":{"start":{"line":17,"column":27},"end":{"line":17,"column":33}},"loc":{"start":{"line":17,"column":33},"end":{"line":174,"column":null}},"line":17},"1":{"name":"(anonymous_1)","decl":{"start":{"line":32,"column":12},"end":{"line":32,"column":18}},"loc":{"start":{"line":32,"column":18},"end":{"line":43,"column":5}},"line":32},"2":{"name":"(anonymous_2)","decl":{"start":{"line":33,"column":39},"end":{"line":33,"column":40}},"loc":{"start":{"line":33,"column":49},"end":{"line":33,"column":76}},"line":33},"3":{"name":"(anonymous_3)","decl":{"start":{"line":38,"column":40},"end":{"line":38,"column":41}},"loc":{"start":{"line":38,"column":50},"end":{"line":38,"column":77}},"line":38},"4":{"name":"(anonymous_4)","decl":{"start":{"line":48,"column":12},"end":{"line":48,"column":18}},"loc":{"start":{"line":48,"column":18},"end":{"line":72,"column":5}},"line":48},"5":{"name":"(anonymous_5)","decl":{"start":{"line":50,"column":40},"end":{"line":50,"column":45}},"loc":{"start":{"line":50,"column":45},"end":{"line":50,"column":69}},"line":50},"6":{"name":"(anonymous_6)","decl":{"start":{"line":67,"column":51},"end":{"line":67,"column":57}},"loc":{"start":{"line":67,"column":57},"end":{"line":69,"column":9}},"line":67},"7":{"name":"(anonymous_7)","decl":{"start":{"line":74,"column":24},"end":{"line":74,"column":31}},"loc":{"start":{"line":74,"column":92},"end":{"line":115,"column":null}},"line":74},"8":{"name":"(anonymous_8)","decl":{"start":{"line":106,"column":18},"end":{"line":106,"column":19}},"loc":{"start":{"line":106,"column":28},"end":{"line":106,"column":50}},"line":106},"9":{"name":"(anonymous_9)","decl":{"start":{"line":122,"column":4},"end":{"line":122,"column":null}},"loc":{"start":{"line":123,"column":6},"end":{"line":130,"column":null}},"line":123},"10":{"name":"(anonymous_10)","decl":{"start":{"line":124,"column":17},"end":{"line":124,"column":18}},"loc":{"start":{"line":125,"column":10},"end":{"line":128,"column":null}},"line":125},"11":{"name":"(anonymous_11)","decl":{"start":{"line":125,"column":32},"end":{"line":125,"column":33}},"loc":{"start":{"line":125,"column":50},"end":{"line":128,"column":12}},"line":125},"12":{"name":"(anonymous_12)","decl":{"start":{"line":130,"column":14},"end":{"line":130,"column":15}},"loc":{"start":{"line":130,"column":24},"end":{"line":130,"column":67}},"line":130},"13":{"name":"(anonymous_13)","decl":{"start":{"line":135,"column":4},"end":{"line":135,"column":null}},"loc":{"start":{"line":136,"column":6},"end":{"line":138,"column":null}},"line":136},"14":{"name":"(anonymous_14)","decl":{"start":{"line":137,"column":8},"end":{"line":137,"column":9}},"loc":{"start":{"line":137,"column":25},"end":{"line":137,"column":null}},"line":137}},"branchMap":{"0":{"loc":{"start":{"line":33,"column":4},"end":{"line":42,"column":null}},"type":"if","locations":[{"start":{"line":33,"column":4},"end":{"line":42,"column":null}},{"start":{"line":35,"column":4},"end":{"line":42,"column":null}}],"line":33},"1":{"loc":{"start":{"line":33,"column":8},"end":{"line":33,"column":79}},"type":"binary-expr","locations":[{"start":{"line":33,"column":8},"end":{"line":33,"column":24}},{"start":{"line":33,"column":24},"end":{"line":33,"column":79}}],"line":33},"2":{"loc":{"start":{"line":35,"column":4},"end":{"line":42,"column":null}},"type":"if","locations":[{"start":{"line":35,"column":4},"end":{"line":42,"column":null}},{"start":{},"end":{}}],"line":35},"3":{"loc":{"start":{"line":39,"column":6},"end":{"line":41,"column":null}},"type":"if","locations":[{"start":{"line":39,"column":6},"end":{"line":41,"column":null}},{"start":{},"end":{}}],"line":39},"4":{"loc":{"start":{"line":39,"column":10},"end":{"line":39,"column":55}},"type":"binary-expr","locations":[{"start":{"line":39,"column":10},"end":{"line":39,"column":25}},{"start":{"line":39,"column":25},"end":{"line":39,"column":55}}],"line":39},"5":{"loc":{"start":{"line":49,"column":4},"end":{"line":71,"column":null}},"type":"if","locations":[{"start":{"line":49,"column":4},"end":{"line":71,"column":null}},{"start":{},"end":{}}],"line":49},"6":{"loc":{"start":{"line":49,"column":8},"end":{"line":49,"column":53}},"type":"binary-expr","locations":[{"start":{"line":49,"column":8},"end":{"line":49,"column":24}},{"start":{"line":49,"column":24},"end":{"line":49,"column":53}}],"line":49},"7":{"loc":{"start":{"line":57,"column":29},"end":{"line":59,"column":null}},"type":"binary-expr","locations":[{"start":{"line":57,"column":29},"end":{"line":57,"column":null}},{"start":{"line":58,"column":8},"end":{"line":58,"column":null}},{"start":{"line":59,"column":9},"end":{"line":59,"column":48}},{"start":{"line":59,"column":48},"end":{"line":59,"column":null}}],"line":57},"8":{"loc":{"start":{"line":62,"column":6},"end":{"line":70,"column":null}},"type":"if","locations":[{"start":{"line":62,"column":6},"end":{"line":70,"column":null}},{"start":{},"end":{}}],"line":62},"9":{"loc":{"start":{"line":62,"column":10},"end":{"line":62,"column":93}},"type":"binary-expr","locations":[{"start":{"line":62,"column":10},"end":{"line":62,"column":25}},{"start":{"line":62,"column":25},"end":{"line":62,"column":77}},{"start":{"line":62,"column":77},"end":{"line":62,"column":93}}],"line":62},"10":{"loc":{"start":{"line":75,"column":22},"end":{"line":75,"column":null}},"type":"binary-expr","locations":[{"start":{"line":75,"column":22},"end":{"line":75,"column":34}},{"start":{"line":75,"column":34},"end":{"line":75,"column":null}}],"line":75},"11":{"loc":{"start":{"line":77,"column":4},"end":{"line":79,"column":null}},"type":"if","locations":[{"start":{"line":77,"column":4},"end":{"line":79,"column":null}},{"start":{},"end":{}}],"line":77},"12":{"loc":{"start":{"line":77,"column":8},"end":{"line":77,"column":62}},"type":"binary-expr","locations":[{"start":{"line":77,"column":8},"end":{"line":77,"column":34}},{"start":{"line":77,"column":34},"end":{"line":77,"column":62}}],"line":77},"13":{"loc":{"start":{"line":99,"column":6},"end":{"line":103,"column":null}},"type":"if","locations":[{"start":{"line":99,"column":6},"end":{"line":103,"column":null}},{"start":{},"end":{}}],"line":99},"14":{"loc":{"start":{"line":100,"column":26},"end":{"line":100,"column":null}},"type":"cond-expr","locations":[{"start":{"line":100,"column":57},"end":{"line":100,"column":83}},{"start":{"line":100,"column":83},"end":{"line":100,"column":null}}],"line":100},"15":{"loc":{"start":{"line":110,"column":22},"end":{"line":110,"column":null}},"type":"cond-expr","locations":[{"start":{"line":110,"column":47},"end":{"line":110,"column":63}},{"start":{"line":110,"column":63},"end":{"line":110,"column":null}}],"line":110},"16":{"loc":{"start":{"line":136,"column":6},"end":{"line":138,"column":null}},"type":"binary-expr","locations":[{"start":{"line":136,"column":6},"end":{"line":138,"column":11}},{"start":{"line":138,"column":11},"end":{"line":138,"column":null}}],"line":136},"17":{"loc":{"start":{"line":137,"column":25},"end":{"line":137,"column":null}},"type":"binary-expr","locations":[{"start":{"line":137,"column":25},"end":{"line":137,"column":53}},{"start":{"line":137,"column":53},"end":{"line":137,"column":null}}],"line":137},"18":{"loc":{"start":{"line":142,"column":30},"end":{"line":142,"column":null}},"type":"cond-expr","locations":[{"start":{"line":142,"column":45},"end":{"line":142,"column":68}},{"start":{"line":142,"column":68},"end":{"line":142,"column":null}}],"line":142}},"s":{"0":1,"1":1,"2":33,"3":33,"4":33,"5":33,"6":33,"7":33,"8":33,"9":33,"10":33,"11":33,"12":33,"13":23,"14":6,"15":1,"16":22,"17":6,"18":6,"19":6,"20":1,"21":33,"22":22,"23":4,"24":4,"25":4,"26":4,"27":4,"28":4,"29":4,"30":4,"31":33,"32":3,"33":3,"34":1,"35":2,"36":2,"37":2,"38":2,"39":2,"40":2,"41":1,"42":1,"43":1,"44":1,"45":1,"46":0,"47":1,"48":1,"49":0,"50":0,"51":2,"52":33,"53":33,"54":33,"55":33,"56":17,"57":17,"58":4,"59":2,"60":33,"61":22,"62":2,"63":33,"64":33},"f":{"0":33,"1":23,"2":6,"3":6,"4":22,"5":4,"6":4,"7":3,"8":0,"9":17,"10":17,"11":4,"12":2,"13":22,"14":2},"b":{"0":[1,22],"1":[23,7],"2":[6,16],"3":[1,5],"4":[6,6],"5":[4,18],"6":[22,6],"7":[4,4,1,1],"8":[4,0],"9":[4,4,4],"10":[3,3],"11":[1,2],"12":[3,2],"13":[1,1],"14":[1,0],"15":[0,0],"16":[22,17],"17":[2,2],"18":[7,26]},"meta":{"lastBranch":19,"lastFunction":15,"lastStatement":65,"seen":{"s:11:25:15:Infinity":0,"s:17:27:174:Infinity":1,"f:17:27:17:33":0,"s:18:114:18:Infinity":2,"s:19:38:19:Infinity":3,"s:20:36:20:Infinity":4,"s:21:42:21:Infinity":5,"s:22:36:22:Infinity":6,"s:23:28:23:Infinity":7,"s:24:40:24:Infinity":8,"s:25:42:25:Infinity":9,"s:28:8:28:Infinity":10,"s:30:8:30:Infinity":11,"s:32:2:43:Infinity":12,"f:32:12:32:18":1,"b:33:4:42:Infinity:35:4:42:Infinity":0,"s:33:4:42:Infinity":13,"b:33:8:33:24:33:24:33:79":1,"f:33:39:33:40":2,"s:33:49:33:76":14,"s:34:6:34:Infinity":15,"b:35:4:42:Infinity:undefined:undefined:undefined:undefined":2,"s:35:4:42:Infinity":16,"s:38:26:38:Infinity":17,"f:38:40:38:41":3,"s:38:50:38:77":18,"b:39:6:41:Infinity:undefined:undefined:undefined:undefined":3,"s:39:6:41:Infinity":19,"b:39:10:39:25:39:25:39:55":4,"s:40:8:40:Infinity":20,"s:48:2:72:Infinity":21,"f:48:12:48:18":4,"b:49:4:71:Infinity:undefined:undefined:undefined:undefined":5,"s:49:4:71:Infinity":22,"b:49:8:49:24:49:24:49:53":6,"s:50:26:50:Infinity":23,"f:50:40:50:45":5,"s:50:45:50:69":24,"s:57:29:59:Infinity":25,"b:57:29:57:Infinity:58:8:58:Infinity:59:9:59:48:59:48:59:Infinity":7,"b:62:6:70:Infinity:undefined:undefined:undefined:undefined":8,"s:62:6:70:Infinity":26,"b:62:10:62:25:62:25:62:77:62:77:62:93":9,"s:63:8:63:Infinity":27,"s:64:8:64:Infinity":28,"s:67:8:69:Infinity":29,"f:67:51:67:57":6,"s:68:10:68:Infinity":30,"s:74:24:115:Infinity":31,"f:74:24:74:31":7,"s:75:22:75:Infinity":32,"b:75:22:75:34:75:34:75:Infinity":10,"b:77:4:79:Infinity:undefined:undefined:undefined:undefined":11,"s:77:4:79:Infinity":33,"b:77:8:77:34:77:34:77:62":12,"s:78:6:78:Infinity":34,"s:81:4:81:Infinity":35,"s:82:4:82:Infinity":36,"s:84:4:114:Infinity":37,"s:85:23:95:Infinity":38,"s:97:21:97:Infinity":39,"b:99:6:103:Infinity:undefined:undefined:undefined:undefined":13,"s:99:6:103:Infinity":40,"s:100:26:100:Infinity":41,"b:100:57:100:83:100:83:100:Infinity":14,"s:101:8:101:Infinity":42,"s:102:8:102:Infinity":43,"s:105:12:105:Infinity":44,"s:106:6:106:Infinity":45,"f:106:18:106:19":8,"s:106:28:106:50":46,"s:107:6:107:Infinity":47,"s:108:6:108:Infinity":48,"s:110:22:110:Infinity":49,"b:110:47:110:63:110:63:110:Infinity":15,"s:111:6:111:Infinity":50,"s:113:6:113:Infinity":51,"s:117:16:117:Infinity":52,"s:118:25:118:Infinity":53,"s:119:20:119:Infinity":54,"s:121:8:132:Infinity":55,"f:122:4:122:Infinity":9,"s:123:6:130:Infinity":56,"f:124:17:124:18":10,"s:125:10:128:Infinity":57,"f:125:32:125:33":11,"s:125:50:128:12":58,"f:130:14:130:15":12,"s:130:24:130:67":59,"s:134:8:140:Infinity":60,"f:135:4:135:Infinity":13,"s:136:6:138:Infinity":61,"b:136:6:138:11:138:11:138:Infinity":16,"f:137:8:137:9":14,"s:137:25:137:Infinity":62,"b:137:25:137:53:137:53:137:Infinity":17,"s:142:30:142:Infinity":63,"b:142:45:142:68:142:68:142:Infinity":18,"s:144:2:173:Infinity":64}}}
,"/home/seanorourke/math-helper/frontend/src/features/students/hooks/useTests.ts": {"path":"/home/seanorourke/math-helper/frontend/src/features/students/hooks/useTests.ts","statementMap":{"0":{"start":{"line":32,"column":24},"end":{"line":155,"column":null}},"1":{"start":{"line":33,"column":24},"end":{"line":33,"column":null}},"2":{"start":{"line":34,"column":36},"end":{"line":34,"column":null}},"3":{"start":{"line":35,"column":32},"end":{"line":35,"column":null}},"4":{"start":{"line":36,"column":24},"end":{"line":36,"column":null}},"5":{"start":{"line":39,"column":8},"end":{"line":84,"column":null}},"6":{"start":{"line":40,"column":4},"end":{"line":43,"column":null}},"7":{"start":{"line":41,"column":6},"end":{"line":41,"column":null}},"8":{"start":{"line":42,"column":6},"end":{"line":42,"column":null}},"9":{"start":{"line":45,"column":4},"end":{"line":45,"column":null}},"10":{"start":{"line":46,"column":4},"end":{"line":46,"column":null}},"11":{"start":{"line":48,"column":4},"end":{"line":83,"column":null}},"12":{"start":{"line":50,"column":18},"end":{"line":50,"column":null}},"13":{"start":{"line":51,"column":23},"end":{"line":51,"column":null}},"14":{"start":{"line":53,"column":6},"end":{"line":55,"column":null}},"15":{"start":{"line":54,"column":8},"end":{"line":54,"column":null}},"16":{"start":{"line":57,"column":19},"end":{"line":57,"column":null}},"17":{"start":{"line":58,"column":51},"end":{"line":58,"column":null}},"18":{"start":{"line":61,"column":26},"end":{"line":61,"column":null}},"19":{"start":{"line":62,"column":31},"end":{"line":62,"column":null}},"20":{"start":{"line":64,"column":43},"end":{"line":64,"column":null}},"21":{"start":{"line":65,"column":6},"end":{"line":68,"column":null}},"22":{"start":{"line":66,"column":29},"end":{"line":66,"column":null}},"23":{"start":{"line":67,"column":8},"end":{"line":67,"column":null}},"24":{"start":{"line":70,"column":6},"end":{"line":70,"column":null}},"25":{"start":{"line":73,"column":26},"end":{"line":75,"column":null}},"26":{"start":{"line":73,"column":43},"end":{"line":74,"column":null}},"27":{"start":{"line":77,"column":6},"end":{"line":77,"column":null}},"28":{"start":{"line":79,"column":6},"end":{"line":79,"column":null}},"29":{"start":{"line":80,"column":6},"end":{"line":80,"column":null}},"30":{"start":{"line":82,"column":6},"end":{"line":82,"column":null}},"31":{"start":{"line":87,"column":8},"end":{"line":111,"column":null}},"32":{"start":{"line":89,"column":6},"end":{"line":91,"column":null}},"33":{"start":{"line":90,"column":8},"end":{"line":90,"column":null}},"34":{"start":{"line":93,"column":6},"end":{"line":108,"column":null}},"35":{"start":{"line":94,"column":20},"end":{"line":94,"column":null}},"36":{"start":{"line":95,"column":25},"end":{"line":95,"column":null}},"37":{"start":{"line":97,"column":8},"end":{"line":99,"column":null}},"38":{"start":{"line":98,"column":10},"end":{"line":98,"column":null}},"39":{"start":{"line":101,"column":21},"end":{"line":101,"column":null}},"40":{"start":{"line":102,"column":47},"end":{"line":102,"column":null}},"41":{"start":{"line":104,"column":8},"end":{"line":104,"column":null}},"42":{"start":{"line":106,"column":8},"end":{"line":106,"column":null}},"43":{"start":{"line":107,"column":8},"end":{"line":107,"column":null}},"44":{"start":{"line":114,"column":8},"end":{"line":135,"column":null}},"45":{"start":{"line":116,"column":6},"end":{"line":132,"column":null}},"46":{"start":{"line":117,"column":20},"end":{"line":117,"column":null}},"47":{"start":{"line":118,"column":25},"end":{"line":118,"column":null}},"48":{"start":{"line":120,"column":8},"end":{"line":125,"column":null}},"49":{"start":{"line":121,"column":10},"end":{"line":123,"column":null}},"50":{"start":{"line":122,"column":12},"end":{"line":122,"column":null}},"51":{"start":{"line":124,"column":10},"end":{"line":124,"column":null}},"52":{"start":{"line":127,"column":47},"end":{"line":127,"column":null}},"53":{"start":{"line":128,"column":8},"end":{"line":128,"column":null}},"54":{"start":{"line":130,"column":8},"end":{"line":130,"column":null}},"55":{"start":{"line":131,"column":8},"end":{"line":131,"column":null}},"56":{"start":{"line":138,"column":8},"end":{"line":140,"column":null}},"57":{"start":{"line":139,"column":4},"end":{"line":139,"column":null}},"58":{"start":{"line":143,"column":2},"end":{"line":145,"column":null}},"59":{"start":{"line":144,"column":4},"end":{"line":144,"column":null}},"60":{"start":{"line":147,"column":2},"end":{"line":154,"column":null}}},"fnMap":{"0":{"name":"(anonymous_0)","decl":{"start":{"line":32,"column":24},"end":{"line":32,"column":25}},"loc":{"start":{"line":32,"column":88},"end":{"line":155,"column":null}},"line":32},"1":{"name":"(anonymous_1)","d
[...]
tart":{"line":52,"column":16},"end":{"line":52,"column":null}},"loc":{"start":{"line":56,"column":34},"end":{"line":112,"column":null}},"line":56},"4":{"name":"mapTestAttemptToFrontend","decl":{"start":{"line":117,"column":16},"end":{"line":117,"column":null}},"loc":{"start":{"line":119,"column":23},"end":{"line":128,"column":null}},"line":119},"5":{"name":"mapTestAttemptDetailToFrontend","decl":{"start":{"line":133,"column":16},"end":{"line":133,"column":null}},"loc":{"start":{"line":135,"column":29},"end":{"line":154,"column":null}},"line":135},"6":{"name":"(anonymous_6)","decl":{"start":{"line":144,"column":43},"end":{"line":144,"column":49}},"loc":{"start":{"line":144,"column":49},"end":{"line":152,"column":6}},"line":144}},"branchMap":{"0":{"loc":{"start":{"line":13,"column":2},"end":{"line":15,"column":null}},"type":"if","locations":[{"start":{"line":13,"column":2},"end":{"line":15,"column":null}},{"start":{},"end":{}}],"line":13},"1":{"loc":{"start":{"line":17,"column":2},"end":{"line":19,"column":null}},"type":"if","locations":[{"start":{"line":17,"column":2},"end":{"line":19,"column":null}},{"start":{},"end":{}}],"line":17},"2":{"loc":{"start":{"line":17,"column":6},"end":{"line":17,"column":55}},"type":"binary-expr","locations":[{"start":{"line":17,"column":6},"end":{"line":17,"column":32}},{"start":{"line":17,"column":32},"end":{"line":17,"column":55}}],"line":17},"3":{"loc":{"start":{"line":30,"column":2},"end":{"line":32,"column":null}},"type":"if","locations":[{"start":{"line":30,"column":2},"end":{"line":32,"column":null}},{"start":{},"end":{}}],"line":30},"4":{"loc":{"start":{"line":37,"column":4},"end":{"line":37,"column":null}},"type":"if","locations":[{"start":{"line":37,"column":4},"end":{"line":37,"column":null}},{"start":{},"end":{}}],"line":37},"5":{"loc":{"start":{"line":45,"column":18},"end":{"line":45,"column":null}},"type":"binary-expr","locations":[{"start":{"line":45,"column":18},"end":{"line":45,"column":39}},{"start":{"line":45,"column":39},"end":{"line":45,"column":null}}],"line":45},"6":{"loc":{"start":{"line":58,"column":2},"end":{"line":60,"column":null}},"type":"if","locations":[{"start":{"line":58,"column":2},"end":{"line":60,"column":null}},{"start":{},"end":{}}],"line":58},"7":{"loc":{"start":{"line":63,"column":2},"end":{"line":73,"column":null}},"type":"if","locations":[{"start":{"line":63,"column":2},"end":{"line":73,"column":null}},{"start":{},"end":{}}],"line":63},"8":{"loc":{"start":{"line":63,"column":6},"end":{"line":63,"column":61}},"type":"binary-expr","locations":[{"start":{"line":63,"column":6},"end":{"line":63,"column":32}},{"start":{"line":63,"column":32},"end":{"line":63,"column":61}}],"line":63},"9":{"loc":{"start":{"line":65,"column":4},"end":{"line":67,"column":null}},"type":"if","locations":[{"start":{"line":65,"column":4},"end":{"line":67,"column":null}},{"start":{},"end":{}}],"line":65},"10":{"loc":{"start":{"line":69,"column":4},"end":{"line":69,"column":null}},"type":"if","locations":[{"start":{"line":69,"column":4},"end":{"line":69,"column":null}},{"start":{},"end":{}}],"line":69},"11":{"loc":{"start":{"line":70,"column":4},"end":{"line":70,"column":null}},"type":"if","locations":[{"start":{"line":70,"column":4},"end":{"line":70,"column":null}},{"start":{},"end":{}}],"line":70},"12":{"loc":{"start":{"line":71,"column":4},"end":{"line":71,"column":null}},"type":"if","locations":[{"start":{"line":71,"column":4},"end":{"line":71,"column":null}},{"start":{},"end":{}}],"line":71},"13":{"loc":{"start":{"line":76,"column":2},"end":{"line":78,"column":null}},"type":"if","locations":[{"start":{"line":76,"column":2},"end":{"line":78,"column":null}},{"start":{},"end":{}}],"line":76},"14":{"loc":{"start":{"line":80,"column":2},"end":{"line":90,"column":null}},"type":"if","locations":[{"start":{"line":80,"column":2},"end":{"line":90,"column":null}},{"start":{},"end":{}}],"line":80},"15":{"loc":{"start":{"line":82,"column":4},"end":{"line":84,"column":null}},"type":"if","locations":[{"start":{"line":82,"column":4},"end":{"line":84,"column":null}},{"start":{},"end":{}}],"line":82},"16":{"loc":{"start":{"line":86,"column":4},"end":{"line":88,"column":null}},"type":"if","locations":[{"start":{"line":86,"column":4},"end":{"line":88,"column":null}},{"start":{},"end":{}}],"line":86},"17":{"loc":{"start":{"line":93,"column":2},"end":{"line":95,"column":null}},"type":"if","locations":[{"start":{"line":93,"column":2},"end":{"line":95,"column":null}},{"start":{},"end":{}}],"line":93},"18":{"loc":{"start":{"line":99,"column":2},"end":{"line":111,"column":null}},"type":"if","locations":[{"start":{"line":99,"column":2},"end":{"line":111,"column":null}},{"start":{"line":105,"column":9},"end":{"line":111,"column":null}}],"line":99},"19":{"loc":{"start":{"line":101,"column":4},"end":{"line":103,"column":null}},"type":"if","locations":[{"start":{"line":101,"column":4},"end":{"line":103,"column":null}},{"start":{},"end":{}}],"line":101},"20":{"loc":{"start":{"line":107,"column":4},"end":{"line":109,"column":null}},"type":"if","locations":[{"start":{"line":107,"column":4},"end":{"line":109,"column":null}},{"start":{},"end":{}}],"line":107}},"s":{"0":5,"1":1,"2":4,"3":1,"4":3,"5":19,"6":12,"7":7,"8":4,"9":4,"10":3,"11":1,"12":7,"13":7,"14":29,"15":3,"16":26,"17":9,"18":1,"19":8,"20":8,"21":2,"22":6,"23":2,"24":4,"25":2,"26":2,"27":17,"28":2,"29":15,"30":5,"31":1,"32":4,"33":4,"34":2,"35":2,"36":10,"37":2,"38":8,"39":8,"40":4,"41":2,"42":2,"43":4,"44":2,"45":2,"46":2,"47":2,"48":5},"f":{"0":5,"1":19,"2":4,"3":29,"4":2,"5":2,"6":5},"b":{"0":[1,4],"1":[1,3],"2":[4,2],"3":[12,7],"4":[3,1],"5":[7,1],"6":[3,26],"7":[9,17],"8":[26,17],"9":[1,8],"10":[2,6],"11":[2,4],"12":[2,2],"13":[2,15],"14":[5,10],"15":[1,4],"16":[2,2],"17":[2,8],"18":[4,4],"19":[2,2],"20":[2,2]},"meta":{"lastBranch":21,"lastFunction":7,"lastStatement":49,"seen":{"f:9:16:9:Infinity":0,"b:13:2:15:Infinity:undefined:undefined:undefined:undefined":0,"s:13:2:15:Infinity":0,"s:14:4:14:Infinity":1,"b:17:2:19:Infinity:undefined:undefined:undefined:undefined":1,"s:17:2:19:Infinity":2,"b:17:6:17:32:17:32:17:55":2,"s:18:4:18:Infinity":3,"s:21:2:21:Infinity":4,"f:27:16:27:Infinity":1,"b:30:2:32:Infinity:undefined:undefined:undefined:undefined":3,"s:30:2:32:Infinity":5,"s:31:4:31:Infinity":6,"s:34:25:39:Infinity":7,"f:34:44:34:45":2,"s:36:10:36:Infinity":8,"b:37:4:37:Infinity:undefined:undefined:undefined:undefined":4,"s:37:4:37:Infinity":9,"s:37:30:37:Infinity":10,"s:38:4:38:Infinity":11,"s:41:15:41:Infinity":12,"s:42:2:46:Infinity":13,"b:45:18:45:39:45:39:45:Infinity":5,"f:52:16:52:Infinity":3,"b:58:2:60:Infinity:undefined:undefined:undefined:undefined":6,"s:58:2:60:Infinity":14,"s:59:4:59:Infinity":15,"b:63:2:73:Infinity:undefined:undefined:undefined:undefined":7,"s:63:2:73:Infinity":16,"b:63:6:63:32:63:32:63:61":8,"b:65:4:67:Infinity:undefined:undefined:undefined:undefined":9,"s:65:4:67:Infinity":17,"s:66:6:66:Infinity":18,"s:68:27:68:Infinity":19,"b:69:4:69:Infinity:undefined:undefined:undefined:undefined":10,"s:69:4:69:Infinity":20,"s:69:29:69:Infinity":21,"b:70:4:70:Infinity:undefined:undefined:undefined:undefined":11,"s:70:4:70:Infinity":22,"s:70:29:70:Infinity":23,"b:71:4:71:Infinity:undefined:undefined:undefined:undefined":12,"s:71:4:71:Infinity":24,"s:71:29:71:Infinity":25,"s:72:4:72:Infinity":26,"b:76:2:78:Infinity:undefined:undefined:undefined:undefined":13,"s:76:2:78:Infinity":27,"s:77:4:77:Infinity":28,"b:80:2:90:Infinity:undefined:undefined:undefined:undefined":14,"s:80:2:90:Infinity":29,"b:82:4:84:Infinity:undefined:undefined:undefined:undefined":15,"s:82:4:84:Infinity":30,"s:83:6:83:Infinity":31,"s:85:27:85:Infinity":32,"b:86:4:88:Infinity:undefined:undefined:undefined:undefined":16,"s:86:4:88:Infinity":33,"s:87:6:87:Infinity":34,"s:89:4:89:Infinity":35,"b:93:2:95:Infinity:undefined:undefined:undefined:undefined":17,"s:93:2:95:Infinity":36,"s:94:4:94:Infinity":37,"s:97:25:97:Infinity":38,"b:99:2:111:Infinity:105:9:111:Infinity":18,"s:99:2:111:Infinity":39,"b:101:4:103:Infinity:undefined:undefined:undefined:undefined":19,"s:101:4:103:Infinity":40,"s:102:6:102:Infinity":41,"s:104:4:104:Infinity":42,"b:107:4:109:Infinity:undefined:undefined:undefined:undefined":20,"s:107:4:109:Infinity":43,"s:108:6:108:Infinity":44,"s:110:4:110:Infinity":45,"f:117:16:117:Infinity":4,"s:120:2:127:Infinity":46,"f:133:16:133:Infinity":5,"s:136:2:153:Infinity":47,"f:144:43:144:49":6,"s:144:49:152:6":48}}}
,"/home/seanorourke/math-helper/frontend/src/features/students/utils/testMapping/tierUtils.ts": {"path":"/home/seanorourke/math-helper/frontend/src/features/students/utils/testMapping/tierUtils.ts","statementMap":{"0":{"start":{"line":7,"column":50},"end":{"line":13,"column":null}},"1":{"start":{"line":16,"column":48},"end":{"line":28,"column":null}},"2":{"start":{"line":34,"column":2},"end":{"line":36,"column":null}},"3":{"start":{"line":35,"column":4},"end":{"line":35,"column":null}},"4":{"start":{"line":38,"column":21},"end":{"line":38,"column":null}},"5":{"start":{"line":39,"column":2},"end":{"line":41,"column":null}},"6":{"start":{"line":40,"column":4},"end":{"line":40,"column":null}},"7":{"start":{"line":43,"column":2},"end":{"line":43,"column":null}},"8":{"start":{"line":50,"column":18},"end":{"line":50,"column":null}},"9":{"start":{"line":51,"column":2},"end":{"line":51,"column":null}},"10":{"start":{"line":58,"column":2},"end":{"line":58,"column":null}}},"fnMap":{"0":{"name":"mapOldTierToNew","decl":{"start":{"line":33,"column":16},"end":{"line":33,"column":32}},"loc":{"start":{"line":33,"column":68},"end":{"line":44,"column":null}},"line":33},"1":{"name":"getTierHierarchy","decl":{"start":{"line":49,"column":16},"end":{"line":49,"column":33}},"loc":{"start":{"line":49,"column":62},"end":{"line":52,"column":null}},"line":49},"2":{"name":"compareTiers","decl":{"start":{"line":57,"column":16},"end":{"line":57,"column":29}},"loc":{"start":{"line":57,"column":81},"end":{"line":59,"column":null}},"line":57}},"branchMap":{"0":{"loc":{"start":{"line":34,"column":2},"end":{"line":36,"column":null}},"type":"if","locations":[{"start":{"line":34,"column":2},"end":{"line":36,"column":null}},{"start":{},"end":{}}],"line":34},"1":{"loc":{"start":{"line":39,"column":2},"end":{"line":41,"column":null}},"type":"if","locations":[{"start":{"line":39,"column":2},"end":{"line":41,"column":null}},{"start":{},"end":{}}],"line":39},"2":{"loc":{"start":{"line":51,"column":9},"end":{"line":51,"column":null}},"type":"binary-expr","locations":[{"start":{"line":51,"column":9},"end":{"line":51,"column":36}},{"start":{"line":51,"column":36},"end":{"line":51,"column":null}}],"line":51}},"s":{"0":3,"1":3,"2":118,"3":30,"4":88,"5":88,"6":83,"7":5,"8":86,"9":86,"10":33},"f":{"0":118,"1":86,"2":33},"b":{"0":[30,88],"1":[83,5],"2":[86,0]},"meta":{"lastBranch":3,"lastFunction":3,"lastStatement":11,"seen":{"s:7:50:13:Infinity":0,"s:16:48:28:Infinity":1,"f:33:16:33:32":0,"b:34:2:36:Infinity:undefined:undefined:undefined:undefined":0,"s:34:2:36:Infinity":2,"s:35:4:35:Infinity":3,"s:38:21:38:Infinity":4,"b:39:2:41:Infinity:undefined:undefined:undefined:undefined":1,"s:39:2:41:Infinity":5,"s:40:4:40:Infinity":6,"s:43:2:43:Infinity":7,"f:49:16:49:33":1,"s:50:18:50:Infinity":8,"s:51:2:51:Infinity":9,"b:51:9:51:36:51:36:51:Infinity":2,"f:57:16:57:29":2,"s:58:2:58:Infinity":10}}}
,"/home/seanorourke/math-helper/frontend/src/utils/logger.ts": {"path":"/home/seanorourke/math-helper/frontend/src/utils/logger.ts","statementMap":{"0":{"start":{"line":6,"column":7},"end":{"line":6,"column":null}},"1":{"start":{"line":7,"column":2},"end":{"line":7,"column":10}},"2":{"start":{"line":8,"column":2},"end":{"line":8,"column":9}},"3":{"start":{"line":9,"column":2},"end":{"line":9,"column":9}},"4":{"start":{"line":10,"column":2},"end":{"line":10,"column":10}},"5":{"start":{"line":11,"column":2},"end":{"line":11,"column":9}},"6":{"start":{"line":6,"column":12},"end":{"line":6,"column":null}},"7":{"start":{"line":20,"column":21},"end":{"line":20,"column":null}},"8":{"start":{"line":21,"column":4},"end":{"line":22,"column":null}},"9":{"start":{"line":25,"column":4},"end":{"line":25,"column":null}},"10":{"start":{"line":29,"column":4},"end":{"line":29,"column":null}},"11":{"start":{"line":33,"column":10},"end":{"line":33,"column":null}},"12":{"start":{"line":34,"column":4},"end":{"line":34,"column":null}},"13":{"start":{"line":38,"column":4},"end":{"line":40,"column":null}},"14":{"start":{"line":39,"column":6},"end":{"line":39,"column":null}},"15":{"start":{"line":44,"column":4},"end":{"line":46,"column":null}},"16":{"start":{"line":45,"column":6},"end":{"line":45,"column":null}},"17":{"start":{"line":50,"column":4},"end":{"line":52,"column":null}},"18":{"start":{"line":51,"column":6},"end":{"line":51,"column":null}},"19":{"start":{"line":56,"column":4},"end":{"line":61,"column":null}},"20":{"start":{"line":57,"column":27},"end":{"line":59,"column":null}},"21":{"start":{"line":60,"column":6},"end":{"line":60,"column":null}},"22":{"start":{"line":66,"column":22},"end":{"line":66,"column":null}},"23":{"start":{"line":69,"column":24},"end":{"line":69,"column":null}},"24":{"start":{"line":69,"column":61},"end":{"line":69,"column":null}},"25":{"start":{"line":70,"column":23},"end":{"line":70,"column":null}},"26":{"start":{"line":70,"column":60},"end":{"line":70,"column":null}},"27":{"start":{"line":71,"column":23},"end":{"line":71,"column":null}},"28":{"start":{"line":71,"column":60},"end":{"line":71,"column":null}},"29":{"start":{"line":72,"column":24},"end":{"line":73,"column":null}},"30":{"start":{"line":73,"column":2},"end":{"line":73,"column":null}}},"fnMap":{"0":{"name":"(anonymous_0)","decl":{"start":{"line":6,"column":7},"end":{"line":6,"column":12}},"loc":{"start":{"line":6,"column":7},"end":{"line":6,"column":null}},"line":6},"1":{"name":"(anonymous_1)","decl":{"start":{"line":18,"column":2},"end":{"line":18,"column":16}},"loc":{"start":{"line":18,"column":16},"end":{"line":26,"column":null}},"line":18},"2":{"name":"(anonymous_2)","decl":{"start":{"line":28,"column":10},"end":{"line":28,"column":20}},"loc":{"start":{"line":28,"column":46},"end":{"line":30,"column":null}},"line":28},"3":{"name":"(anonymous_3)","decl":{"start":{"line":32,"column":10},"end":{"line":32,"column":24}},"loc":{"start":{"line":32,"column":80},"end":{"line":35,"column":null}},"line":32},"4":{"name":"(anonymous_4)","decl":{"start":{"line":37,"column":2},"end":{"line":37,"column":8}},"loc":{"start":{"line":37,"column":47},"end":{"line":41,"column":null}},"line":37},"5":{"name":"(anonymous_5)","decl":{"start":{"line":43,"column":2},"end":{"line":43,"column":7}},"loc":{"start":{"line":43,"column":46},"end":{"line":47,"column":null}},"line":43},"6":{"name":"(anonymous_6)","decl":{"start":{"line":49,"column":2},"end":{"line":49,"column":7}},"loc":{"start":{"line":49,"column":46},"end":{"line":53,"column":null}},"line":49},"7":{"name":"(anonymous_7)","decl":{"start":{"line":55,"column":2},"end":{"line":55,"column":8}},"loc":{"start":{"line":55,"column":72},"end":{"line":62,"column":null}},"line":55},"8":{"name":"(anonymous_8)","decl":{"start":{"line":69,"column":24},"end":{"line":69,"column":25}},"loc":{"start":{"line":69,"column":61},"end":{"line":69,"column":null}},"line":69},"9":{"name":"(anonymous_9)","decl":{"start":{"line":70,"column":23},"end":{"line":70,"column":24}},"loc":{"start":{"line":70,"column":60},"end":{"line":70,"column":null}},"line":70},"10":{"name":"(anonymous_10)","decl":{"start":{"line":71,"column":23},"end":{"line":71,"column":24}},"loc":{"start":{"line":71,"column":60},"end":{"line":71,"column":null}},"line":71},"11":{"name":"(anonymous_11)","decl":{"start":{"line":72,"column":24},"end":{"line":72,"column":25}},"loc":{"start":{"line":73,"column":2},"end":{"line":73,"column":null}},"line":73}},"branchMap":{"0":{"loc":{"start":{"line":6,"column":12},"end":{"line":6,"column":null}},"type":"binary-expr","locations":[{"start":{"line":6,"column":12},"end":{"line":6,"column":null}},{"start":{"line":6,"column":12},"end":{"line":6,"column":null}}],"line":6},"1":{"loc":{"start":{"line":21,"column":17},"end":{"line":22,"column":null}},"type":"cond-expr","locations":[{"start":{"line":21,"column":29},"end":{"line":21,"column":null}},{"start":{"line":22,"column":7},"end":{"line":22,"column":null}}],"line":21},"2":{"loc":{"start":{"line":21,"column":29},"end":{"line":21,"column":null}},"type":"binary-expr","locations":[{"start":{"line":21,"column":29},"end":{"line":21,"column":76}},{"start":{"line":21,"column":76},"end":{"line":21,"column":null}}],"line":21},"3":{"loc":{"start":{"line":22,"column":7},"end":{"line":22,"column":null}},"type":"cond-expr","locations":[{"start":{"line":22,"column":29},"end":{"line":22,"column":46}},{"start":{"line":22,"column":46},"end":{"line":22,"column":null}}],"line":22},"4":{"loc":{"start":{"line":29,"column":11},"end":{"line":29,"column":null}},"type":"binary-expr","locations":[{"start":{"line":29,"column":11},"end":{"line":29,"column":27}},{"start":{"line":29,"column":27},"end":{"line":29,"column":null}}],"line":29},"5":{"loc":{"start":{"line":38,"column":4},"end":{"line":40,"column":null}},"type":"if","locations":[{"start":{"line":38,"column":4},"end":{"line":40,"column":null}},{"start":{},"end":{}}],"line":38},"6":{"loc":{"start":{"line":44,"column":4},"end":{"line":46,"column":null}},"type":"if","locations":[{"start":{"line":44,"column":4},"end":{"line":46,"column":null}},{"start":{},"end":{}}],"line":44},"7":{"loc":{"start":{"line":50,"column":4},"end":{"line":52,"column":null}},"type":"if","locations":[{"start":{"line":50,"column":4},"end":{"line":52,"column":null}},{"start":{},"end":{}}],"line":50},"8":{"loc":{"start":{"line":56,"column":4},"end":{"line":61,"column":null}},"type":"if","locations":[{"start":{"line":56,"column":4},"end":{"line":61,"column":null}},{"start":{},"end":{}}],"line":56},"9":{"loc":{"start":{"line":57,"column":27},"end":{"line":59,"column":null}},"type":"cond-expr","locations":[{"start":{"line":58,"column":10},"end":{"line":58,"column":null}},{"start":{"line":59,"column":10},"end":{"line":59,"column":null}}],"line":57}},"s":{"0":2,"1":2,"2":2,"3":2,"4":2,"5":2,"6":2,"7":2,"8":2,"9":2,"10":0,"11":0,"12":0,"13":0,"14":0,"15":0,"16":0,"17":0,"18":0,"19":0,"20":0,"21":0,"22":2,"23":2,"24":0,"25":2,"26":0,"27":2,"28":0,"29":2,"30":0},"f":{"0":2,"1":2,"2":0,"3":0,"4":0,"5":0,"6":0,"7":0,"8":0,"9":0,"10":0,"11":0},"b":{"0":[2,2],"1":[0,2],"2":[0,0],"3":[2,0],"4":[0,0],"5":[0,0],"6":[0,0],"7":[0,0],"8":[0,0],"9":[0,0]},"meta":{"lastBranch":10,"lastFunction":12,"lastStatement":31,"seen":{"s:6:7:6:Infinity":0,"f:6:7:6:12":0,"s:7:2:7:10":1,"s:8:2:8:9":2,"s:9:2:9:9":3,"s:10:2:10:10":4,"s:11:2:11:9":5,"s:6:12:6:Infinity":6,"b:6:12:6:Infinity:6:12:6:Infinity":0,"f:18:2:18:16":1,"s:20:21:20:Infinity":7,"s:21:4:22:Infinity":8,"b:21:29:21:Infinity:22:7:22:Infinity":1,"b:21:29:21:76:21:76:21:Infinity":2,"b:22:29:22:46:22:46:22:Infinity":3,"s:25:4:25:Infinity":9,"f:28:10:28:20":2,"s:29:4:29:Infinity":10,"b:29:11:29:27:29:27:29:Infinity":4,"f:32:10:32:24":3,"s:33:10:33:Infinity":11,"s:34:4:34:Infinity":12,"f:37:2:37:8":4,"b:38:4:40:Infinity:undefined:undefined:undefined:undefined":5,"s:38:4:40:Infinity":13,"s:39:6:39:Infinity":14,"f:43:2:43:7":5,"b:44:4:46:Infinity:undefined:undefined:undefined:undefined":6,"s:44:4:46:Infinity":15,"s:45:6:45:Infinity":16,"f:49:2:49:7":6,"b:50:4:52:Infinity:undefined:undefined:undefined:undefined":7,"s:50:4:52:Infinity":17,"s:51:6:51:Infinity":18,"f:55:2:55:8":7,"b:56:4:61:Infinity:undefined:undefined:undefined:undefined":8,"s:56:4:61:Infinity":19,"s:57:27:59:Infinity":20,"b:58:10:58:Infinity:59:10:59:Infinity":9,"s:60:6:60:Infinity":21,"s:66:22:66:Infinity":22,"s:69:24:69:Infinity":23,"f:69:24:69:25":8,"s:69:61:69:Infinity":24,"s:70:23:70:Infinity":25,"f:70:23:70:24":9,"s:70:60:70:Infinity":26,"s:71:23:71:Infinity":27,"f:71:23:71:24":10,"s:71:60:71:Infinity":28,"s:72:24:73:Infinity":29,"f:72:24:72:25":11,"s:73:2:73:Infinity":30}}}
}
