{"meta": {"format": 3, "version": "7.12.0", "timestamp": "2025-12-11T13:59:16.045459", "branch_coverage": false, "show_contexts": false}, "files": {"app/config/achievements/accuracy.py": {"executed_lines": [1, 3, 5, 11, 13, 15, 29, 30, 31, 32, 34, 35, 37, 38, 40, 42, 47, 48, 50, 59, 62, 68, 70, 84, 85, 86, 87, 89, 90, 92, 93, 95, 97, 103, 104, 106, 115, 118, 119, 120], "summary": {"covered_lines": 39, "num_statements": 39, "percent_covered": 100.0, "percent_covered_display": "100.00", "missing_lines": 0, "excluded_lines": 0, "percent_statements_covered": 100.0, "percent_statements_covered_display": "100.00"}, "missing_lines": [], "excluded_lines": [], "functions": {"_generate_level_master_achievements": {"executed_lines": [13, 15, 29, 30, 31, 32, 34, 35, 37, 38, 40, 42, 47, 48, 50, 59], "summary": {"covered_lines": 16, "num_statements": 16, "percent_covered": 100.0, "percent_covered_display": "100.00", "missing_lines": 0, "excluded_lines": 0, "percent_statements_covered": 100.0, "percent_statements_covered_display": "100.00"}, "missing_lines": [], "excluded_lines": []}, "_generate_accuracy_ace_achievements": {"executed_lines": [68, 70, 84, 85, 86, 87, 89, 90, 92, 93, 95, 97, 103, 104, 106, 115], "summary": {"covered_lines": 16, "num_statements": 16, "percent_covered": 100.0, "percent_covered_display": "100.00", "missing_lines": 0, "excluded_lines": 0, "percent_statements_covered": 100.0, "percent_statements_covered_display": "100.00"}, "missing_lines": [], "excluded_lines": []}, "": {"executed_lines": [1, 3, 5, 11, 62, 118, 119, 120], "summary": {"covered_lines": 7, "num_statements": 7, "percent_covered": 100.0, "percent_covered_display": "100.00", "missing_lines": 0, "excluded_lines": 0, "percent_statements_covered": 100.0, "percent_statements_covered_display": "100.00"}, "missing_lines": [], "excluded_lines": []}}, "classes": {"": {"executed_lines": [1, 3, 5, 11, 13, 15, 29, 30, 31, 32, 34, 35, 37, 38, 40, 42, 47, 48, 50, 59, 62, 68, 70, 84, 85, 86, 87, 89, 90, 92, 93, 95, 97, 103, 104, 106, 115, 118, 119, 120], "summary": {"covered_lines": 39, "num_statements": 39, "percent_covered": 100.0, "percent_covered_display": "100.00", "missing_lines": 0, "excluded_lines": 0, "percent_statements_covered": 100.0, "percent_statements_covered_display": "100.00"}, "missing_lines": [], "excluded_lines": []}}}, "app/config/achievements/consistency.py": {"executed_lines": [1, 3, 9], "summary": {"covered_lines": 2, "num_statements": 2, "percent_covered": 100.0, "percent_covered_display": "100.00", "missing_lines": 0, "excluded_lines": 0, "percent_statements_covered": 100.0, "percent_statements_covered_display": "100.00"}, "missing_lines": [], "excluded_lines": [], "functions": {"": {"executed_lines": [1, 3, 9], "summary": {"covered_lines": 2, "num_statements": 2, "percent_covered": 100.0, "percent_covered_display": "100.00", "missing_lines": 0, "excluded_lines": 0, "percent_statements_covered": 100.0, "percent_statements_covered_display": "100.00"}, "missing_lines": [], "excluded_lines": []}}, "classes": {"": {"executed_lines": [1, 3, 9], "summary": {"covered_lines": 2, "num_statements": 2, "percent_covered": 100.0, "percent_covered_display": "100.00", "missing_lines": 0, "excluded_lines": 0, "percent_statements_covered": 100.0, "percent_statements_covered_display": "100.00"}, "missing_lines": [], "excluded_lines": []}}}, "app/config/achievements/milestone.py": {"executed_lines": [1, 3, 5, 8, 35, 37, 39, 53, 54, 55, 56, 58, 59, 61, 62, 64, 66, 71, 72, 74, 83, 86, 88, 90, 104, 105, 106, 107, 109, 110, 112, 113, 115, 117, 122, 123, 125, 134, 137, 139, 141, 155, 156, 157, 158, 160, 161, 163, 164, 166, 168, 174, 175, 177, 186, 189, 191, 193, 207, 208, 209, 210, 212, 213, 215, 216, 218, 220, 225, 226, 228, 237, 240, 246, 248, 249, 250, 252, 257, 266, 269, 277, 279, 280, 281, 282, 283, 285, 290, 299, 302, 307, 310, 311, 312, 314, 319, 329, 330, 331, 333, 338, 347, 350, 356, 358, 372, 373, 374, 375, 377, 378, 380, 381, 383, 385, 390, 391, 393, 402, 405, 410, 412, 426, 427, 428, 429, 431, 432, 434, 435, 437, 439, 444, 445, 447, 456, 460, 461, 462, 463, 464, 465, 466, 467, 468], "summary": {"covered_lines": 145, "num_statements": 145, "percent_covered": 100.0, "percent_covered_display": "100.00", "missing_lines": 0, "excluded_lines": 0, "percent_statements_covered": 100.0, "percent_statements_covered_display": "100.00"}, "missing_lines": [], "excluded_lines": [], "functions": {"_generate_week_warrior_achievements": {"executed_lines": [37, 39, 53, 54, 55, 56, 58, 59, 61, 62, 64, 66, 71, 72, 74, 83], "summary": {"covered_lines": 16, "num_statements": 16, "percent_covered": 100.0, "percent_covered_display": "100.00", "missing_lines": 0, "excluded_lines": 0, "percent_statements_covered": 100.0, "percent_statements_covered_display": "100.00"}, "missing_lines": [], "excluded_lines": []}, "_generate_question_master_achievements": {"executed_lines": [88, 90, 104, 105, 106, 107, 109, 110, 112, 113, 115, 117, 122, 123, 125, 134], "summary": {"covered_lines": 16, "num_statements": 16, "percent_covered": 100.0, "percent_covered_display": "100.00", "missing_lines": 0, "excluded_lines": 0, "percent_statements_covered": 100.0, "percent_statements_covered_display": "100.00"}, "missing_lines": [], "excluded_lines": []}, "_generate_speed_demon_achievements": {"executed_lines": [139, 141, 155, 156, 157, 158, 160, 161, 163, 164, 166, 168, 174, 175, 177, 186], "summary": {"covered_lines": 16, "num_statements": 16, "percent_covered": 100.0, "percent_covered_display": "100.00", "missing_lines": 0, "excluded_lines": 0, "percent_statements_covered": 100.0, "percent_statements_covered_display": "100.00"}, "missing_lines": [], "excluded_lines": []}, "_generate_perfect_streak_achievements": {"executed_lines": [191, 193, 207, 208, 209, 210, 212, 213, 215, 216, 218, 220, 225, 226, 228, 237], "summary": {"covered_lines": 16, "num_statements": 16, "percent_covered": 100.0, "percent_covered_display": "100.00", "missing_lines": 0, "excluded_lines": 0, "percent_statements_covered": 100.0, "percent_statements_covered_display": "100.00"}, "missing_lines": [], "excluded_lines": []}, "_generate_level_grandmaster_achievements": {"executed_lines": [246, 248, 249, 250, 252, 257, 266], "summary": {"covered_lines": 7, "num_statements": 7, "percent_covered": 100.0, "percent_covered_display": "100.00", "missing_lines": 0, "excluded_lines": 0, "percent_statements_covered": 100.0, "percent_statements_covered_display": "100.00"}, "missing_lines": [], "excluded_lines": []}, "_generate_so_wow_achievements": {"executed_lines": [277, 279, 280, 281, 282, 283, 285, 290, 299], "summary": {"covered_lines": 9, "num_statements": 9, "percent_covered": 100.0, "percent_covered_display": "100.00", "missing_lines": 0, "excluded_lines": 0, "percent_statements_covered": 100.0, "percent_statements_covered_display": "100.00"}, "missing_lines": [], "excluded_lines": []}, "_generate_human_calculator_achievements": {"executed_lines": [307, 310, 311, 312, 314, 319, 329, 330, 331, 333, 338, 347], "summary": {"covered_lines": 12, "num_statements": 12, "percent_covered": 100.0, "percent_covered_display": "100.00", "missing_lines": 0, "excluded_lines": 0, "percent_statements_covered": 100.0, "percent_statements_covered_display": "100.00"}, "missing_lines": [], "excluded_lines": []}, "_generate_master_of_times_tables_achievements": {"executed_lines": [356, 358, 372, 373, 374, 375, 377, 378, 380, 381, 383, 385, 390, 391, 393, 402], "summary": {"covered_lines": 16, "num_statements": 16, "percent_covered": 100.0, "percent_covered_display": "100.00", "missing_lines": 0, "excluded_lines": 0, "percent_statements_covered": 100.0, "percent_statements_covered_display": "100.00"}, "missing_lines": [], "excluded_lines": []}, "_generate_master_of_division_tables_achievements": {"executed_lines": [410, 412, 426, 427, 428, 429, 431, 432, 434, 435, 437, 439, 444, 445, 447, 456], "summary": {"covered_lines": 16, "num_statements": 16, "percent_covered": 100.0, "percent_covered_display": "100.00", "missing_lines": 0, "excluded_lines": 0, "percent_statements_covered": 100.0, "percent_statements_covered_display": "100.00"}, "missing_lines": [], "excluded_lines": []}, "": {"executed_lines": [1, 3, 5, 8, 35, 86, 137, 189, 240, 269, 302, 350, 405, 460, 461, 462, 463, 464, 465, 466, 467, 468], "summary": {"covered_lines": 21, "num_statements": 21, "percent_covered": 100.0, "percent_covered_display": "100.00", "missing_lines": 0, "excluded_lines": 0, "percent_statements_covered": 100.0, "percent_statements_covered_display": "100.00"}, "missing_lines": [], "excluded_lines": []}}, "classes": {"": {"executed_lines": [1, 3, 5, 8, 35, 37, 39, 53, 54, 55, 56, 58, 59, 61, 62, 64, 66, 71, 72, 74, 83, 86, 88, 90, 104, 105, 106, 107, 109, 110, 112, 113, 115, 117, 122, 123, 125, 134, 137, 139, 141, 155, 156, 157, 158, 160, 161, 163, 164, 166, 168, 174, 175, 177, 186, 189, 191, 193, 207, 208, 209, 210, 212, 213, 215, 216, 218, 220, 225, 226, 228, 237, 240, 246, 248, 249, 250, 252, 257, 266, 269, 277, 279, 280, 281, 282, 283, 285, 290, 299, 302, 307, 310, 311, 312, 314, 319, 329, 330, 331, 333, 338, 347, 350, 356, 358, 372, 373, 374, 375, 377, 378, 380, 381, 383, 385, 390, 391, 393, 402, 405, 410, 412, 426, 427, 428, 429, 431, 432, 434, 435, 437, 439, 444, 445, 447, 456, 460, 461, 462, 463, 464, 465, 466, 467, 468], "summary": {"covered_lines": 145, "num_statements": 145, "percent_covered": 100.0, "percent_covered_display": "100.00", "missing_lines": 0, "excluded_lines": 0, "percent_statements_covered": 100.0, "percent_statements_covered_display": "100.00"}, "missing_lines": [], "excluded_lines": []}}}, "app/config/achievements/progression.py": {"executed_lines": [1, 8, 10], "summary": {"covered_lines": 2, "num_statements": 2, "percent_covered": 100.0, "percent_covered_display": "100.00", "missing_lines": 0, "excluded_lines": 0, "percent_statements_covered": 100.0, "percent_statements_covered_display": "100.00"}, "missing_lines": [], "excluded_lines": [], "functions": {"": {"executed_lines": [1, 8, 10], "summary": {"covered_lines": 2, "num_statements": 2, "percent_covered": 100.0, "percent_covered_display": "100.00", "missing_lines": 0, "excluded_lines": 0, "percent_statements_covered": 100.0, "percent_statements_covered_display": "100.00"}, "missing_lines": [], "excluded_lines": []}}, "classes": {"": {"executed_lines": [1, 8, 10], "summary": {"covered_lines": 2, "num_statements": 2, "percent_covered": 100.0, "percent_covered_display": "100.00", "missing_lines": 0, "excluded_lines": 0, "percent_statements_covered": 100.0, "percent_statements_covered_display": "100.00"}, "missing_lines": [], "excluded_lines": []}}}, "app/config/achievements/speed.py": {"executed_lines": [1, 3, 5, 9, 11, 13, 27, 28, 29, 30, 32, 33, 35, 36, 38, 40, 46, 47, 49, 58, 61, 62], "summary": {"covered_lines": 21, "num_statements": 21, "percent_covered": 100.0, "percent_covered_display": "100.00", "missing_lines": 0, "excluded_lines": 0, "percent_statements_covered": 100.0, "percent_statements_covered_display": "100.00"}, "missing_lines": [], "excluded_lines": [], "functions": {"_generate_lightning_fast_achievements": {"executed_lines": [11, 13, 27, 28, 29, 30, 32, 33, 35, 36, 38, 40, 46, 47, 49, 58], "summary": {"covered_lines": 16, "num_statements": 16, "percent_covered": 100.0, "percent_covered_display": "100.00", "missing_lines": 0, "excluded_lines": 0, "percent_statements_covered": 100.0, "percent_statements_covered_display": "100.00"}, "missing_lines": [], "excluded_lines": []}, "": {"executed_lines": [1, 3, 5, 9, 61, 62], "summary": {"covered_lines": 5, "num_statements": 5, "percent_covered": 100.0, "percent_covered_display": "100.00", "missing_lines": 0, "excluded_lines": 0, "percent_statements_covered": 100.0, "percent_statements_covered_display": "100.00"}, "missing_lines": [], "excluded_lines": []}}, "classes": {"": {"executed_lines": [1, 3, 5, 9, 11, 13, 27, 28, 29, 30, 32, 33, 35, 36, 38, 40, 46, 47, 49, 58, 61, 62], "summary": {"covered_lines": 21, "num_statements": 21, "percent_covered": 100.0, "percent_covered_display": "100.00", "missing_lines": 0, "excluded_lines": 0, "percent_statements_covered": 100.0, "percent_statements_covered_display": "100.00"}, "missing_lines": [], "excluded_lines": []}}}, "app/config/achievements/test.py": {"executed_lines": [], "summary": {"covered_lines": 0, "num_statements": 4, "percent_covered": 0.0, "percent_covered_display": "0.00", "missing_lines": 4, "excluded_lines": 0, "percent_statements_covered": 0.0, "percent_statements_covered_display": "0.00"}, "missing_lines": [7, 10, 13, 18], "excluded_lines": [], "functions": {"_generate_test_tier_achievements": {"executed_lines": [], "summary": {"covered_lines": 0, "num_statements": 1, "percent_covered": 0.0, "percent_covered_display": "0.00", "missing_lines": 1, "excluded_lines": 0, "percent_statements_covered": 0.0, "percent_statements_covered_display": "0.00"}, "missing_lines": [18], "excluded_lines": []}, "": {"executed_lines": [], "summary": {"covered_lines": 0, "num_statements": 3, "percent_covered": 0.0, "percent_covered_display": "0.00", "missing_lines": 3, "excluded_lines": 0, "percent_statements_covered": 0.0, "percent_statements_covered_display": "0.00"}, "missing_lines": [7, 10, 13], "excluded_lines": []}}, "classes": {"": {"executed_lines": [], "summary": {"covered_lines": 0, "num_statements": 4, "percent_covered": 0.0, "percent_covered_display": "0.00", "missing_lines": 4, "excluded_lines": 0, "percent_statements_covered": 0.0, "percent_statements_covered_display": "0.00"}, "missing_lines": [7, 10, 13, 18], "excluded_lines": []}}}, "app/config/achievements_config.py": {"executed_lines": [], "summary": {"covered_lines": 0, "num_statements": 5, "percent_covered": 0.0, "percent_covered_display": "0.00", "missing_lines": 5, "excluded_lines": 0, "percent_statements_covered": 0.0, "percent_statements_covered_display": "0.00"}, "missing_lines": [7, 8, 11, 14, 17], "excluded_lines": [], "functions": {"": {"executed_lines": [], "summary": {"covered_lines": 0, "num_statements": 5, "percent_covered": 0.0, "percent_covered_display": "0.00", "missing_lines": 5, "excluded_lines": 0, "percent_statements_covered": 0.0, "percent_statements_covered_display": "0.00"}, "missing_lines": [7, 8, 11, 14, 17], "excluded_lines": []}}, "classes": {"": {"executed_lines": [], "summary": {"covered_lines": 0, "num_statements": 5, "percent_covered": 0.0, "percent_covered_display": "0.00", "missing_lines": 5, "excluded_lines": 0, "percent_statements_covered": 0.0, "percent_statements_covered_display": "0.00"}, "missing_lines": [7, 8, 11, 14, 17], "excluded_lines": []}}}, "app/config/level_progression_config.py": {"executed_lines": [1, 3, 9], "summary": {"covered_lines": 2, "num_statements": 2, "percent_covered": 100.0, "percent_covered_display": "100.00", "missing_lines": 0, "excluded_lines": 0, "percent_statements_covered": 100.0, "percent_statements_covered_display": "100.00"}, "missing_lines": [], "excluded_lines": [], "functions": {"": {"executed_lines": [1, 3, 9], "summary": {"covered_lines": 2, "num_statements": 2, "percent_covered": 100.0, "percent_covered_display": "100.00", "missing_lines": 0, "excluded_lines": 0, "percent_statements_covered": 100.0, "percent_statements_covered_display": "100.00"}, "missing_lines": [], "excluded_lines": []}}, "classes": {"": {"executed_lines": [1, 3, 9], "summary": {"covered_lines": 2, "num_statements": 2, "percent_covered": 100.0, "percent_covered_display": "100.00", "missing_lines": 0, "excluded_lines": 0, "percent_statements_covered": 100.0, "percent_statements_covered_display": "100.00"}, "missing_lines": [], "excluded_lines": []}}}, "app/config/levels_config.py": {"executed_lines": [1, 3, 6], "summary": {"covered_lines": 2, "num_statements": 2, "percent_covered": 100.0, "percent_covered_display": "100.00", "missing_lines": 0, "excluded_lines": 0, "percent_statements_covered": 100.0, "percent_statements_covered_display": "100.00"}, "missing_lines": [], "excluded_lines": [], "functions": {"": {"executed_lines": [1, 3, 6], "summary": {"covered_lines": 2, "num_statements": 2, "percent_covered": 100.0, "percent_covered_display": "100.00", "missing_lines": 0, "excluded_lines": 0, "percent_statements_covered": 100.0, "percent_statements_covered_display": "100.00"}, "missing_lines": [], "excluded_lines": []}}, "classes": {"": {"executed_lines": [1, 3, 6], "summary": {"covered_lines": 2, "num_statements": 2, "percent_covered": 100.0, "percent_covered_display": "100.00", "missing_lines": 0, "excluded_lines": 0, "percent_statements_covered": 100.0, "percent_statements_covered_display": "100.00"}, "missing_lines": [], "excluded_lines": []}}}, "app/config/test_requirements/addition.py": {"executed_lines": [1, 3, 6], "summary": {"covered_lines": 2, "num_statements": 2, "percent_covered": 100.0, "percent_covered_display": "100.00", "missing_lines": 0, "excluded_lines": 0, "percent_statements_covered": 100.0, "percent_statements_covered_display": "100.00"}, "missing_lines": [], "excluded_lines": [], "functions": {"": {"executed_lines": [1, 3, 6], "summary": {"covered_lines": 2, "num_statements": 2, "percent_covered": 100.0, "percent_covered_display": "100.00", "missing_lines": 0, "excluded_lines": 0, "percent_statements_covered": 100.0, "percent_statements_covered_display": "100.00"}, "missing_lines": [], "excluded_lines": []}}, "classes": {"": {"executed_lines": [1, 3, 6], "summary": {"covered_lines": 2, "num_statements": 2, "percent_covered": 100.0, "percent_covered_display": "100.00", "missing_lines": 0, "excluded_lines": 0, "percent_statements_covered": 100.0, "percent_statements_covered_display": "100.00"}, "missing_lines": [], "excluded_lines": []}}}, "app/config/test_requirements/division.py": {"executed_lines": [1, 3, 6], "summary": {"covered_lines": 2, "num_statements": 2, "percent_covered": 100.0, "percent_covered_display": "100.00", "missing_lines": 0, "excluded_lines": 0, "percent_statements_covered": 100.0, "percent_statements_covered_display": "100.00"}, "missing_lines": [], "excluded_lines": [], "functions": {"": {"executed_lines": [1, 3, 6], "summary": {"covered_lines": 2, "num_statements": 2, "percent_covered": 100.0, "percent_covered_display": "100.00", "missing_lines": 0, "excluded_lines": 0, "percent_statements_covered": 100.0, "percent_statements_covered_display": "100.00"}, "missing_lines": [], "excluded_lines": []}}, "classes": {"": {"executed_lines": [1, 3, 6], "summary": {"covered_lines": 2, "num_statements": 2, "percent_covered": 100.0, "percent_covered_display": "100.00", "missing_lines": 0, "excluded_lines": 0, "percent_statements_covered": 100.0, "percent_statements_covered_display": "100.00"}, "missing_lines": [], "excluded_lines": []}}}, "app/config/test_requirements/multiplication.py": {"executed_lines": [1, 3, 6], "summary": {"covered_lines": 2, "num_statements": 2, "percent_covered": 100.0, "percent_covered_display": "100.00", "missing_lines": 0, "excluded_lines": 0, "percent_statements_covered": 100.0, "percent_statements_covered_display": "100.00"}, "missing_lines": [], "excluded_lines": [], "functions": {"": {"executed_lines": [1, 3, 6], "summary": {"covered_lines": 2, "num_statements": 2, "percent_covered": 100.0, "percent_covered_display": "100.00", "missing_lines": 0, "excluded_lines": 0, "percent_statements_covered": 100.0, "percent_statements_covered_display": "100.00"}, "missing_lines": [], "excluded_lines": []}}, "classes": {"": {"executed_lines": [1, 3, 6], "summary": {"covered_lines": 2, "num_statements": 2, "percent_covered": 100.0, "percent_covered_display": "100.00", "missing_lines": 0, "excluded_lines": 0, "percent_statements_covered": 100.0, "percent_statements_covered_display": "100.00"}, "missing_lines": [], "excluded_lines": []}}}, "app/config/test_requirements/subtraction.py": {"executed_lines": [1, 3, 6], "summary": {"covered_lines": 2, "num_statements": 2, "percent_covered": 100.0, "percent_covered_display": "100.00", "missing_lines": 0, "excluded_lines": 0, "percent_statements_covered": 100.0, "percent_statements_covered_display": "100.00"}, "missing_lines": [], "excluded_lines": [], "functions": {"": {"executed_lines": [1, 3, 6], "summary": {"covered_lines": 2, "num_statements": 2, "percent_covered": 100.0, "percent_covered_display": "100.00", "missing_lines": 0, "excluded_lines": 0, "percent_statements_covered": 100.0, "percent_statements_covered_display": "100.00"}, "missing_lines": [], "excluded_lines": []}}, "classes": {"": {"executed_lines": [1, 3, 6], "summary": {"covered_lines": 2, "num_statements": 2, "percent_covered": 100.0, "percent_covered_display": "100.00", "missing_lines": 0, "excluded_lines": 0, "percent_statements_covered": 100.0, "percent_statements_covered_display": "100.00"}, "missing_lines": [], "excluded_lines": []}}}, "app/database.py": {"executed_lines": [1, 3, 5, 6, 7, 8, 9, 10, 12, 13, 14, 15, 17, 19, 21, 24, 25, 27, 28, 30, 37, 38, 44, 45, 50, 51, 56, 57, 61, 64, 67, 68, 69, 70, 72, 73, 74, 75, 76, 77, 93, 96, 97, 100, 101, 102, 103, 104, 111, 112, 119, 124, 126, 128, 179, 180, 184, 185, 189, 190, 194, 195, 199, 200, 204, 205, 210, 211, 212, 217, 218, 223, 224, 225, 226, 227, 230, 231, 232, 233, 236, 237, 240, 241, 242, 244, 245, 248, 255, 256, 260, 261, 267, 268], "summary": {"covered_lines": 93, "num_statements": 158, "percent_covered": 58.860759493670884, "percent_covered_display": "58.86", "missing_lines": 65, "excluded_lines": 0, "percent_statements_covered": 58.860759493670884, "percent_statements_covered_display": "58.86"}, "missing_lines": [31, 32, 39, 41, 46, 47, 52, 53, 58, 59, 78, 79, 80, 84, 85, 86, 87, 91, 105, 106, 107, 108, 114, 115, 116, 121, 129, 130, 146, 149, 150, 151, 152, 153, 154, 155, 158, 159, 162, 163, 166, 167, 168, 169, 170, 171, 174, 181, 182, 186, 187, 191, 192, 196, 197, 201, 202, 206, 207, 214, 234, 243, 263, 264, 265], "excluded_lines": [], "functions": {"set_sqlite_pragma": {"executed_lines": [27, 28, 30, 37, 38, 44, 45, 50, 51, 56, 57, 61], "summary": {"covered_lines": 12, "num_statements": 22, "percent_covered": 54.54545454545455, "percent_covered_display": "54.55", "missing_lines": 10, "excluded_lines": 0, "percent_statements_covered": 54.54545454545455, "percent_statements_covered_display": "54.55"}, "missing_lines": [31, 32, 39, 41, 46, 47, 52, 53, 58, 59], "excluded_lines": []}, "log_query": {"executed_lines": [67, 68, 93], "summary": {"covered_lines": 3, "num_statements": 3, "percent_covered": 100.0, "percent_covered_display": "100.00", "missing_lines": 0, "excluded_lines": 0, "percent_statements_covered": 100.0, "percent_statements_covered_display": "100.00"}, "missing_lines": [], "excluded_lines": []}, "log_query.wrapper": {"executed_lines": [69, 70, 72, 73, 74, 75, 76, 77], "summary": {"covered_lines": 8, "num_statements": 16, "percent_covered": 50.0, "percent_covered_display": "50.00", "missing_lines": 8, "excluded_lines": 0, "percent_statements_covered": 50.0, "percent_statements_covered_display": "50.00"}, "missing_lines": [78, 79, 80, 84, 85, 86, 87, 91], "excluded_lines": []}, "transaction": {"executed_lines": [100, 101, 102, 103, 104], "summary": {"covered_lines": 5, "num_statements": 9, "percent_covered": 55.55555555555556, "percent_covered_display": "55.56", "missing_lines": 4, "excluded_lines": 0, "percent_statements_covered": 55.55555555555556, "percent_statements_covered_display": "55.56"}, "missing_lines": [105, 106, 107, 108], "excluded_lines": []}, "execute_query": {"executed_lines": [], "summary": {"covered_lines": 0, "num_statements": 3, "percent_covered": 0.0, "percent_covered_display": "0.00", "missing_lines": 3, "excluded_lines": 0, "percent_statements_covered": 0.0, "percent_statements_covered_display": "0.00"}, "missing_lines": [114, 115, 116], "excluded_lines": []}, "get_session": {"executed_lines": [], "summary": {"covered_lines": 0, "num_statements": 1, "percent_covered": 0.0, "percent_covered_display": "0.00", "missing_lines": 1, "excluded_lines": 0, "percent_statements_covered": 0.0, "percent_statements_covered_display": "0.00"}, "missing_lines": [121], "excluded_lines": []}, "init_db": {"executed_lines": [126, 128, 179, 180, 184, 185, 189, 190, 194, 195, 199, 200, 204, 205, 210, 211, 212, 217, 218, 223, 224, 225, 226, 227, 230, 231, 232, 233, 236, 237, 240, 241, 242, 244, 245, 248, 255, 256, 260, 261, 267, 268], "summary": {"covered_lines": 42, "num_statements": 81, "percent_covered": 51.851851851851855, "percent_covered_display": "51.85", "missing_lines": 39, "excluded_lines": 0, "percent_statements_covered": 51.851851851851855, "percent_statements_covered_display": "51.85"}, "missing_lines": [129, 130, 146, 149, 150, 151, 152, 153, 154, 155, 158, 159, 162, 163, 166, 167, 168, 169, 170, 171, 174, 181, 182, 186, 187, 191, 192, 196, 197, 201, 202, 206, 207, 214, 234, 243, 263, 264, 265], "excluded_lines": []}, "": {"executed_lines": [1, 3, 5, 6, 7, 8, 9, 10, 12, 13, 14, 15, 17, 19, 21, 24, 25, 64, 96, 97, 111, 112, 119, 124], "summary": {"covered_lines": 23, "num_statements": 23, "percent_covered": 100.0, "percent_covered_display": "100.00", "missing_lines": 0, "excluded_lines": 0, "percent_statements_covered": 100.0, "percent_statements_covered_display": "100.00"}, "missing_lines": [], "excluded_lines": []}}, "classes": {"": {"executed_lines": [1, 3, 5, 6, 7, 8, 9, 10, 12, 13, 14, 15, 17, 19, 21, 24, 25, 27, 28, 30, 37, 38, 44, 45, 50, 51, 56, 57, 61, 64, 67, 68, 69, 70, 72, 73, 74, 75, 76, 77, 93, 96, 97, 100, 101, 102, 103, 104, 111, 112, 119, 124, 126, 128, 179, 180, 184, 185, 189, 190, 194, 195, 199, 200, 204, 205, 210, 211, 212, 217, 218, 223, 224, 225, 226, 227, 230, 231, 232, 233, 236, 237, 240, 241, 242, 244, 245, 248, 255, 256, 260, 261, 267, 268], "summary": {"covered_lines": 93, "num_statements": 158, "percent_covered": 58.860759493670884, "percent_covered_display": "58.86", "missing_lines": 65, "excluded_lines": 0, "percent_statements_covered": 58.860759493670884, "percent_statements_covered_display": "58.86"}, "missing_lines": [31, 32, 39, 41, 46, 47, 52, 53, 58, 59, 78, 79, 80, 84, 85, 86, 87, 91, 105, 106, 107, 108, 114, 115, 116, 121, 129, 130, 146, 149, 150, 151, 152, 153, 154, 155, 158, 159, 162, 163, 166, 167, 168, 169, 170, 171, 174, 181, 182, 186, 187, 191, 192, 196, 197, 201, 202, 206, 207, 214, 234, 243, 263, 264, 265], "excluded_lines": []}}}, "app/models.py": {"executed_lines": [1, 3, 5, 7, 10, 11, 13, 14, 15, 17, 18, 19, 20, 22, 23, 29, 30, 31, 32, 35, 36, 38, 39, 40, 41, 42, 43, 44, 45, 46, 47, 48, 49, 50, 52, 53, 54, 57, 58, 60, 61, 62, 63, 64, 65, 66, 67, 68, 69, 70, 71, 72, 73, 74, 75, 76, 78, 79, 82, 83, 85, 86, 87, 88, 89, 90, 91, 92, 93, 94, 96, 97, 98, 101, 102, 104, 105, 106, 107, 108, 109, 110, 111, 112, 113, 115, 117, 118, 121, 122, 124, 125, 126, 127, 128, 129, 131, 133, 134, 135, 138, 139, 141, 142, 143, 144, 145, 146, 147, 148, 149, 151, 153, 156, 157, 159, 160, 161, 162, 163, 165, 168, 169, 171, 172, 173, 174, 175, 176, 177, 178, 179, 180, 181, 183, 186, 187, 189, 190, 191, 192, 193, 194, 195, 196, 197, 199, 202, 203, 205, 206, 207, 208, 209, 210, 211, 213, 214], "summary": {"covered_lines": 158, "num_statements": 158, "percent_covered": 100.0, "percent_covered_display": "100.00", "missing_lines": 0, "excluded_lines": 0, "percent_statements_covered": 100.0, "percent_statements_covered_display": "100.00"}, "missing_lines": [], "excluded_lines": [], "functions": {"": {"executed_lines": [1, 3, 5, 7, 10, 11, 13, 14, 15, 17, 18, 19, 20, 22, 23, 29, 30, 31, 32, 35, 36, 38, 39, 40, 41, 42, 43, 44, 45, 46, 47, 48, 49, 50, 52, 53, 54, 57, 58, 60, 61, 62, 63, 64, 65, 66, 67, 68, 69, 70, 71, 72, 73, 74, 75, 76, 78, 79, 82, 83, 85, 86, 87, 88, 89, 90, 91, 92, 93, 94, 96, 97, 98, 101, 102, 104, 105, 106, 107, 108, 109, 110, 111, 112, 113, 115, 117, 118, 121, 122, 124, 125, 126, 127, 128, 129, 131, 133, 134, 135, 138, 139, 141, 142, 143, 144, 145, 146, 147, 148, 149, 151, 153, 156, 157, 159, 160, 161, 162, 163, 165, 168, 169, 171, 172, 173, 174, 175, 176, 177, 178, 179, 180, 181, 183, 186, 187, 189, 190, 191, 192, 193, 194, 195, 196, 197, 199, 202, 203, 205, 206, 207, 208, 209, 210, 211, 213, 214], "summary": {"covered_lines": 158, "num_statements": 158, "percent_covered": 100.0, "percent_covered_display": "100.00", "missing_lines": 0, "excluded_lines": 0, "percent_statements_covered": 100.0, "percent_statements_covered_display": "100.00"}, "missing_lines": [], "excluded_lines": []}}, "classes": {"User": {"executed_lines": [], "summary": {"covered_lines": 0, "num_statements": 0, "percent_covered": 100.0, "percent_covered_display": "100.00", "missing_lines": 0, "excluded_lines": 0, "percent_statements_covered": 100.0, "percent_statements_covered_display": "100.00"}, "missing_lines": [], "excluded_lines": []}, "PracticeSession": {"executed_lines": [], "summary": {"covered_lines": 0, "num_statements": 0, "percent_covered": 100.0, "percent_covered_display": "100.00", "missing_lines": 0, "excluded_lines": 0, "percent_statements_covered": 100.0, "percent_statements_covered_display": "100.00"}, "missing_lines": [], "excluded_lines": []}, "Question": {"executed_lines": [], "summary": {"covered_lines": 0, "num_statements": 0, "percent_covered": 100.0, "percent_covered_display": "100.00", "missing_lines": 0, "excluded_lines": 0, "percent_statements_covered": 100.0, "percent_statements_covered_display": "100.00"}, "missing_lines": [], "excluded_lines": []}, "Response": {"executed_lines": [], "summary": {"covered_lines": 0, "num_statements": 0, "percent_covered": 100.0, "percent_covered_display": "100.00", "missing_lines": 0, "excluded_lines": 0, "percent_statements_covered": 100.0, "percent_statements_covered_display": "100.00"}, "missing_lines": [], "excluded_lines": []}, "Achievement": {"executed_lines": [], "summary": {"covered_lines": 0, "num_statements": 0, "percent_covered": 100.0, "percent_covered_display": "100.00", "missing_lines": 0, "excluded_lines": 0, "percent_statements_covered": 100.0, "percent_statements_covered_display": "100.00"}, "missing_lines": [], "excluded_lines": []}, "FlaggedQuestion": {"executed_lines": [], "summary": {"covered_lines": 0, "num_statements": 0, "percent_covered": 100.0, "percent_covered_display": "100.00", "missing_lines": 0, "excluded_lines": 0, "percent_statements_covered": 100.0, "percent_statements_covered_display": "100.00"}, "missing_lines": [], "excluded_lines": []}, "DailyStat": {"executed_lines": [], "summary": {"covered_lines": 0, "num_statements": 0, "percent_covered": 100.0, "percent_covered_display": "100.00", "missing_lines": 0, "excluded_lines": 0, "percent_statements_covered": 100.0, "percent_statements_covered_display": "100.00"}, "missing_lines": [], "excluded_lines": []}, "LevelProgression": {"executed_lines": [], "summary": {"covered_lines": 0, "num_statements": 0, "percent_covered": 100.0, "percent_covered_display": "100.00", "missing_lines": 0, "excluded_lines": 0, "percent_statements_covered": 100.0, "percent_statements_covered_display": "100.00"}, "missing_lines": [], "excluded_lines": []}, "LevelProblemConfig": {"executed_lines": [], "summary": {"covered_lines": 0, "num_statements": 0, "percent_covered": 100.0, "percent_covered_display": "100.00", "missing_lines": 0, "excluded_lines": 0, "percent_statements_covered": 100.0, "percent_statements_covered_display": "100.00"}, "missing_lines": [], "excluded_lines": []}, "TestAttempt": {"executed_lines": [], "summary": {"covered_lines": 0, "num_statements": 0, "percent_covered": 100.0, "percent_covered_display": "100.00", "missing_lines": 0, "excluded_lines": 0, "percent_statements_covered": 100.0, "percent_statements_covered_display": "100.00"}, "missing_lines": [], "excluded_lines": []}, "ServerRecord": {"executed_lines": [], "summary": {"covered_lines": 0, "num_statements": 0, "percent_covered": 100.0, "percent_covered_display": "100.00", "missing_lines": 0, "excluded_lines": 0, "percent_statements_covered": 100.0, "percent_statements_covered_display": "100.00"}, "missing_lines": [], "excluded_lines": []}, "": {"executed_lines": [1, 3, 5, 7, 10, 11, 13, 14, 15, 17, 18, 19, 20, 22, 23, 29, 30, 31, 32, 35, 36, 38, 39, 40, 41, 42, 43, 44, 45, 46, 47, 48, 49, 50, 52, 53, 54, 57, 58, 60, 61, 62, 63, 64, 65, 66, 67, 68, 69, 70, 71, 72, 73, 74, 75, 76, 78, 79, 82, 83, 85, 86, 87, 88, 89, 90, 91, 92, 93, 94, 96, 97, 98, 101, 102, 104, 105, 106, 107, 108, 109, 110, 111, 112, 113, 115, 117, 118, 121, 122, 124, 125, 126, 127, 128, 129, 131, 133, 134, 135, 138, 139, 141, 142, 143, 144, 145, 146, 147, 148, 149, 151, 153, 156, 157, 159, 160, 161, 162, 163, 165, 168, 169, 171, 172, 173, 174, 175, 176, 177, 178, 179, 180, 181, 183, 186, 187, 189, 190, 191, 192, 193, 194, 195, 196, 197, 199, 202, 203, 205, 206, 207, 208, 209, 210, 211, 213, 214], "summary": {"covered_lines": 158, "num_statements": 158, "percent_covered": 100.0, "percent_covered_display": "100.00", "missing_lines": 0, "excluded_lines": 0, "percent_statements_covered": 100.0, "percent_statements_covered_display": "100.00"}, "missing_lines": [], "excluded_lines": []}}}, "app/routes/achievements.py": {"executed_lines": [1, 3, 5, 7, 8, 9, 10, 12, 15, 16, 72, 73, 92, 93], "summary": {"covered_lines": 13, "num_statements": 47, "percent_covered": 27.659574468085108, "percent_covered_display": "27.66", "missing_lines": 34, "excluded_lines": 0, "percent_statements_covered": 27.659574468085108, "percent_statements_covered_display": "27.66"}, "missing_lines": [24, 25, 26, 28, 31, 32, 36, 39, 40, 41, 42, 43, 45, 46, 47, 48, 53, 54, 61, 63, 64, 65, 66, 67, 69, 75, 78, 79, 80, 89, 95, 96, 97, 98], "excluded_lines": [], "functions": {"list_achievements": {"executed_lines": [], "summary": {"covered_lines": 0, "num_statements": 25, "percent_covered": 0.0, "percent_covered_display": "0.00", "missing_lines": 25, "excluded_lines": 0, "percent_statements_covered": 0.0, "percent_statements_covered_display": "0.00"}, "missing_lines": [24, 25, 26, 28, 31, 32, 36, 39, 40, 41, 42, 43, 45, 46, 47, 48, 53, 54, 61, 63, 64, 65, 66, 67, 69], "excluded_lines": []}, "list_achievement_definitions": {"executed_lines": [], "summary": {"covered_lines": 0, "num_statements": 5, "percent_covered": 0.0, "percent_covered_display": "0.00", "missing_lines": 5, "excluded_lines": 0, "percent_statements_covered": 0.0, "percent_statements_covered_display": "0.00"}, "missing_lines": [75, 78, 79, 80, 89], "excluded_lines": []}, "get_achievement_requirements": {"executed_lines": [], "summary": {"covered_lines": 0, "num_statements": 4, "percent_covered": 0.0, "percent_covered_display": "0.00", "missing_lines": 4, "excluded_lines": 0, "percent_statements_covered": 0.0, "percent_statements_covered_display": "0.00"}, "missing_lines": [95, 96, 97, 98], "excluded_lines": []}, "": {"executed_lines": [1, 3, 5, 7, 8, 9, 10, 12, 15, 16, 72, 73, 92, 93], "summary": {"covered_lines": 13, "num_statements": 13, "percent_covered": 100.0, "percent_covered_display": "100.00", "missing_lines": 0, "excluded_lines": 0, "percent_statements_covered": 100.0, "percent_statements_covered_display": "100.00"}, "missing_lines": [], "excluded_lines": []}}, "classes": {"": {"executed_lines": [1, 3, 5, 7, 8, 9, 10, 12, 15, 16, 72, 73, 92, 93], "summary": {"covered_lines": 13, "num_statements": 47, "percent_covered": 27.659574468085108, "percent_covered_display": "27.66", "missing_lines": 34, "excluded_lines": 0, "percent_statements_covered": 27.659574468085108, "percent_statements_covered_display": "27.66"}, "missing_lines": [24, 25, 26, 28, 31, 32, 36, 39, 40, 41, 42, 43, 45, 46, 47, 48, 53, 54, 61, 63, 64, 65, 66, 67, 69, 75, 78, 79, 80, 89, 95, 96, 97, 98], "excluded_lines": []}}}, "app/routes/common.py": {"executed_lines": [1, 3, 5, 6, 8, 10, 11, 13, 16, 17, 20, 32, 46, 70, 102, 103, 108, 109, 126, 127, 140, 143, 144, 147, 149, 150, 151, 152, 153, 154, 157, 158, 161, 162, 164], "summary": {"covered_lines": 34, "num_statements": 57, "percent_covered": 59.64912280701754, "percent_covered_display": "59.65", "missing_lines": 23, "excluded_lines": 0, "percent_statements_covered": 59.64912280701754, "percent_statements_covered_display": "59.65"}, "missing_lines": [22, 23, 24, 25, 28, 29, 34, 36, 37, 38, 42, 43, 55, 57, 58, 61, 62, 64, 65, 67, 85, 87, 105], "excluded_lines": [], "functions": {"get_cached_user": {"executed_lines": [], "summary": {"covered_lines": 0, "num_statements": 6, "percent_covered": 0.0, "percent_covered_display": "0.00", "missing_lines": 6, "excluded_lines": 0, "percent_statements_covered": 0.0, "percent_statements_covered_display": "0.00"}, "missing_lines": [22, 23, 24, 25, 28, 29], "excluded_lines": []}, "cache_user": {"executed_lines": [], "summary": {"covered_lines": 0, "num_statements": 6, "percent_covered": 0.0, "percent_covered_display": "0.00", "missing_lines": 6, "excluded_lines": 0, "percent_statements_covered": 0.0, "percent_statements_covered_display": "0.00"}, "missing_lines": [34, 36, 37, 38, 42, 43], "excluded_lines": []}, "serialize_user": {"executed_lines": [], "summary": {"covered_lines": 0, "num_statements": 8, "percent_covered": 0.0, "percent_covered_display": "0.00", "missing_lines": 8, "excluded_lines": 0, "percent_statements_covered": 0.0, "percent_statements_covered_display": "0.00"}, "missing_lines": [55, 57, 58, 61, 62, 64, 65, 67], "excluded_lines": []}, "serialize_user_fast": {"executed_lines": [], "summary": {"covered_lines": 0, "num_statements": 2, "percent_covered": 0.0, "percent_covered_display": "0.00", "missing_lines": 2, "excluded_lines": 0, "percent_statements_covered": 0.0, "percent_statements_covered_display": "0.00"}, "missing_lines": [85, 87], "excluded_lines": []}, "hello_world": {"executed_lines": [], "summary": {"covered_lines": 0, "num_statements": 1, "percent_covered": 0.0, "percent_covered_display": "0.00", "missing_lines": 1, "excluded_lines": 0, "percent_statements_covered": 0.0, "percent_statements_covered_display": "0.00"}, "missing_lines": [105], "excluded_lines": []}, "reset_all_data": {"executed_lines": [126, 127, 140, 143, 144, 147, 149, 150, 151, 152, 153, 154, 157, 158, 161, 162, 164], "summary": {"covered_lines": 17, "num_statements": 17, "percent_covered": 100.0, "percent_covered_display": "100.00", "missing_lines": 0, "excluded_lines": 0, "percent_statements_covered": 100.0, "percent_statements_covered_display": "100.00"}, "missing_lines": [], "excluded_lines": []}, "": {"executed_lines": [1, 3, 5, 6, 8, 10, 11, 13, 16, 17, 20, 32, 46, 70, 102, 103, 108, 109], "summary": {"covered_lines": 17, "num_statements": 17, "percent_covered": 100.0, "percent_covered_display": "100.00", "missing_lines": 0, "excluded_lines": 0, "percent_statements_covered": 100.0, "percent_statements_covered_display": "100.00"}, "missing_lines": [], "excluded_lines": []}}, "classes": {"": {"executed_lines": [1, 3, 5, 6, 8, 10, 11, 13, 16, 17, 20, 32, 46, 70, 102, 103, 108, 109, 126, 127, 140, 143, 144, 147, 149, 150, 151, 152, 153, 154, 157, 158, 161, 162, 164], "summary": {"covered_lines": 34, "num_statements": 57, "percent_covered": 59.64912280701754, "percent_covered_display": "59.65", "missing_lines": 23, "excluded_lines": 0, "percent_statements_covered": 59.64912280701754, "percent_statements_covered_display": "59.65"}, "missing_lines": [22, 23, 24, 25, 28, 29, 34, 36, 37, 38, 42, 43, 55, 57, 58, 61, 62, 64, 65, 67, 85, 87, 105], "excluded_lines": []}}}, "app/routes/levels.py": {"executed_lines": [1, 3, 5, 7, 9, 12, 13, 19, 20, 28, 29, 35, 36], "summary": {"covered_lines": 12, "num_statements": 34, "percent_covered": 35.294117647058826, "percent_covered_display": "35.29", "missing_lines": 22, "excluded_lines": 0, "percent_statements_covered": 35.294117647058826, "percent_statements_covered_display": "35.29"}, "missing_lines": [15, 16, 22, 23, 24, 25, 31, 32, 42, 43, 44, 46, 47, 48, 49, 51, 52, 55, 56, 57, 58, 60], "excluded_lines": [], "functions": {"list_levels": {"executed_lines": [], "summary": {"covered_lines": 0, "num_statements": 2, "percent_covered": 0.0, "percent_covered_display": "0.00", "missing_lines": 2, "excluded_lines": 0, "percent_statements_covered": 0.0, "percent_statements_covered_display": "0.00"}, "missing_lines": [15, 16], "excluded_lines": []}, "get_level": {"executed_lines": [], "summary": {"covered_lines": 0, "num_statements": 4, "percent_covered": 0.0, "percent_covered_display": "0.00", "missing_lines": 4, "excluded_lines": 0, "percent_statements_covered": 0.0, "percent_statements_covered_display": "0.00"}, "missing_lines": [22, 23, 24, 25], "excluded_lines": []}, "get_level_requirements": {"executed_lines": [], "summary": {"covered_lines": 0, "num_statements": 2, "percent_covered": 0.0, "percent_covered_display": "0.00", "missing_lines": 2, "excluded_lines": 0, "percent_statements_covered": 0.0, "percent_statements_covered_display": "0.00"}, "missing_lines": [31, 32], "excluded_lines": []}, "get_batch_level_requirements": {"executed_lines": [], "summary": {"covered_lines": 0, "num_statements": 14, "percent_covered": 0.0, "percent_covered_display": "0.00", "missing_lines": 14, "excluded_lines": 0, "percent_statements_covered": 0.0, "percent_statements_covered_display": "0.00"}, "missing_lines": [42, 43, 44, 46, 47, 48, 49, 51, 52, 55, 56, 57, 58, 60], "excluded_lines": []}, "": {"executed_lines": [1, 3, 5, 7, 9, 12, 13, 19, 20, 28, 29, 35, 36], "summary": {"covered_lines": 12, "num_statements": 12, "percent_covered": 100.0, "percent_covered_display": "100.00", "missing_lines": 0, "excluded_lines": 0, "percent_statements_covered": 100.0, "percent_statements_covered_display": "100.00"}, "missing_lines": [], "excluded_lines": []}}, "classes": {"": {"executed_lines": [1, 3, 5, 7, 9, 12, 13, 19, 20, 28, 29, 35, 36], "summary": {"covered_lines": 12, "num_statements": 34, "percent_covered": 35.294117647058826, "percent_covered_display": "35.29", "missing_lines": 22, "excluded_lines": 0, "percent_statements_covered": 35.294117647058826, "percent_statements_covered_display": "35.29"}, "missing_lines": [15, 16, 22, 23, 24, 25, 31, 32, 42, 43, 44, 46, 47, 48, 49, 51, 52, 55, 56, 57, 58, 60], "excluded_lines": []}}}, "app/routes/practice.py": {"executed_lines": [1, 3, 5, 6, 8, 10, 11, 12, 13, 14, 15, 16, 18, 21, 22, 140, 141, 175, 176, 186, 187, 219, 220, 247, 248, 263, 264, 278, 279, 306, 307, 350, 351], "summary": {"covered_lines": 32, "num_statements": 215, "percent_covered": 14.883720930232558, "percent_covered_display": "14.88", "missing_lines": 183, "excluded_lines": 0, "percent_statements_covered": 14.883720930232558, "percent_statements_covered_display": "14.88"}, "missing_lines": [24, 25, 26, 27, 29, 30, 33, 34, 35, 36, 37, 38, 40, 41, 43, 44, 46, 47, 49, 50, 51, 54, 55, 58, 59, 60, 61, 62, 63, 65, 72, 73, 76, 77, 87, 99, 100, 103, 106, 111, 114, 115, 117, 137, 146, 147, 149, 150, 152, 154, 155, 158, 160, 178, 180, 181, 183, 193, 195, 196, 199, 200, 201, 213, 222, 223, 224, 225, 226, 227, 229, 230, 232, 233, 240, 241, 242, 243, 244, 250, 252, 253, 255, 256, 257, 259, 260, 266, 268, 269, 270, 271, 272, 274, 275, 281, 282, 284, 285, 287, 288, 289, 291, 293, 294, 302, 303, 309, 310, 311, 312, 313, 315, 316, 319, 320, 321, 324, 326, 327, 328, 331, 334, 344, 353, 354, 356, 359, 360, 361, 364, 367, 368, 369, 372, 380, 381, 382, 385, 386, 388, 389, 390, 391, 392, 395, 396, 397, 400, 409, 410, 413, 416, 419, 420, 421, 422, 423, 424, 427, 434, 437, 440, 443, 446, 447, 448, 451, 455, 458, 459, 460, 461, 464, 465, 466, 471, 472, 473, 474, 476, 478, 480], "excluded_lines": [], "functions": {"submit_practice_attempts": {"executed_lines": [], "summary": {"covered_lines": 0, "num_statements": 44, "percent_covered": 0.0, "percent_covered_display": "0.00", "missing_lines": 44, "excluded_lines": 0, "percent_statements_covered": 0.0, "percent_statements_covered_display": "0.00"}, "missing_lines": [24, 25, 26, 27, 29, 30, 33, 34, 35, 36, 37, 38, 40, 41, 43, 44, 46, 47, 49, 50, 51, 54, 55, 58, 59, 60, 61, 62, 63, 65, 72, 73, 76, 77, 87, 99, 100, 103, 106, 111, 114, 115, 117, 137], "excluded_lines": []}, "get_incomplete_session": {"executed_lines": [], "summary": {"covered_lines": 0, "num_statements": 9, "percent_covered": 0.0, "percent_covered_display": "0.00", "missing_lines": 9, "excluded_lines": 0, "percent_statements_covered": 0.0, "percent_statements_covered_display": "0.00"}, "missing_lines": [146, 147, 149, 150, 152, 154, 155, 158, 160], "excluded_lines": []}, "get_session_details": {"executed_lines": [], "summary": {"covered_lines": 0, "num_statements": 4, "percent_covered": 0.0, "percent_covered_display": "0.00", "missing_lines": 4, "excluded_lines": 0, "percent_statements_covered": 0.0, "percent_statements_covered_display": "0.00"}, "missing_lines": [178, 180, 181, 183], "excluded_lines": []}, "get_session_answers": {"executed_lines": [], "summary": {"covered_lines": 0, "num_statements": 7, "percent_covered": 0.0, "percent_covered_display": "0.00", "missing_lines": 7, "excluded_lines": 0, "percent_statements_covered": 0.0, "percent_statements_covered_display": "0.00"}, "missing_lines": [193, 195, 196, 199, 200, 201, 213], "excluded_lines": []}, "start_practice_session": {"executed_lines": [], "summary": {"covered_lines": 0, "num_statements": 15, "percent_covered": 0.0, "percent_covered_display": "0.00", "missing_lines": 15, "excluded_lines": 0, "percent_statements_covered": 0.0, "percent_statements_covered_display": "0.00"}, "missing_lines": [222, 223, 224, 225, 226, 227, 229, 230, 232, 233, 240, 241, 242, 243, 244], "excluded_lines": []}, "get_eligible_tests": {"executed_lines": [], "summary": {"covered_lines": 0, "num_statements": 8, "percent_covered": 0.0, "percent_covered_display": "0.00", "missing_lines": 8, "excluded_lines": 0, "percent_statements_covered": 0.0, "percent_statements_covered_display": "0.00"}, "missing_lines": [250, 252, 253, 255, 256, 257, 259, 260], "excluded_lines": []}, "get_test_requirements_endpoint": {"executed_lines": [], "summary": {"covered_lines": 0, "num_statements": 8, "percent_covered": 0.0, "percent_covered_display": "0.00", "missing_lines": 8, "excluded_lines": 0, "percent_statements_covered": 0.0, "percent_statements_covered_display": "0.00"}, "missing_lines": [266, 268, 269, 270, 271, 272, 274, 275], "excluded_lines": []}, "get_test_eligibility": {"executed_lines": [], "summary": {"covered_lines": 0, "num_statements": 12, "percent_covered": 0.0, "percent_covered_display": "0.00", "missing_lines": 12, "excluded_lines": 0, "percent_statements_covered": 0.0, "percent_statements_covered_display": "0.00"}, "missing_lines": [281, 282, 284, 285, 287, 288, 289, 291, 293, 294, 302, 303], "excluded_lines": []}, "check_answer": {"executed_lines": [], "summary": {"covered_lines": 0, "num_statements": 17, "percent_covered": 0.0, "percent_covered_display": "0.00", "missing_lines": 17, "excluded_lines": 0, "percent_statements_covered": 0.0, "percent_statements_covered_display": "0.00"}, "missing_lines": [309, 310, 311, 312, 313, 315, 316, 319, 320, 321, 324, 326, 327, 328, 331, 334, 344], "excluded_lines": []}, "complete_session": {"executed_lines": [], "summary": {"covered_lines": 0, "num_statements": 59, "percent_covered": 0.0, "percent_covered_display": "0.00", "missing_lines": 59, "excluded_lines": 0, "percent_statements_covered": 0.0, "percent_statements_covered_display": "0.00"}, "missing_lines": [353, 354, 356, 359, 360, 361, 364, 367, 368, 369, 372, 380, 381, 382, 385, 386, 388, 389, 390, 391, 392, 395, 396, 397, 400, 409, 410, 413, 416, 419, 420, 421, 422, 423, 424, 427, 434, 437, 440, 443, 446, 447, 448, 451, 455, 458, 459, 460, 461, 464, 465, 466, 471, 472, 473, 474, 476, 478, 480], "excluded_lines": []}, "": {"executed_lines": [1, 3, 5, 6, 8, 10, 11, 12, 13, 14, 15, 16, 18, 21, 22, 140, 141, 175, 176, 186, 187, 219, 220, 247, 248, 263, 264, 278, 279, 306, 307, 350, 351], "summary": {"covered_lines": 32, "num_statements": 32, "percent_covered": 100.0, "percent_covered_display": "100.00", "missing_lines": 0, "excluded_lines": 0, "percent_statements_covered": 100.0, "percent_statements_covered_display": "100.00"}, "missing_lines": [], "excluded_lines": []}}, "classes": {"": {"executed_lines": [1, 3, 5, 6, 8, 10, 11, 12, 13, 14, 15, 16, 18, 21, 22, 140, 141, 175, 176, 186, 187, 219, 220, 247, 248, 263, 264, 278, 279, 306, 307, 350, 351], "summary": {"covered_lines": 32, "num_statements": 215, "percent_covered": 14.883720930232558, "percent_covered_display": "14.88", "missing_lines": 183, "excluded_lines": 0, "percent_statements_covered": 14.883720930232558, "percent_statements_covered_display": "14.88"}, "missing_lines": [24, 25, 26, 27, 29, 30, 33, 34, 35, 36, 37, 38, 40, 41, 43, 44, 46, 47, 49, 50, 51, 54, 55, 58, 59, 60, 61, 62, 63, 65, 72, 73, 76, 77, 87, 99, 100, 103, 106, 111, 114, 115, 117, 137, 146, 147, 149, 150, 152, 154, 155, 158, 160, 178, 180, 181, 183, 193, 195, 196, 199, 200, 201, 213, 222, 223, 224, 225, 226, 227, 229, 230, 232, 233, 240, 241, 242, 243, 244, 250, 252, 253, 255, 256, 257, 259, 260, 266, 268, 269, 270, 271, 272, 274, 275, 281, 282, 284, 285, 287, 288, 289, 291, 293, 294, 302, 303, 309, 310, 311, 312, 313, 315, 316, 319, 320, 321, 324, 326, 327, 328, 331, 334, 344, 353, 354, 356, 359, 360, 361, 364, 367, 368, 369, 372, 380, 381, 382, 385, 386, 388, 389, 390, 391, 392, 395, 396, 397, 400, 409, 410, 413, 416, 419, 420, 421, 422, 423, 424, 427, 434, 437, 440, 443, 446, 447, 448, 451, 455, 458, 459, 460, 461, 464, 465, 466, 471, 472, 473, 474, 476, 478, 480], "excluded_lines": []}}}, "app/routes/tests.py": {"executed_lines": [1, 3, 5, 7, 8, 10, 13, 14, 38, 39, 54, 55, 70, 71], "summary": {"covered_lines": 13, "num_statements": 36, "percent_covered": 36.111111111111114, "percent_covered_display": "36.11", "missing_lines": 23, "excluded_lines": 0, "percent_statements_covered": 36.111111111111114, "percent_statements_covered_display": "36.11"}, "missing_lines": [21, 22, 23, 25, 26, 27, 28, 30, 35, 45, 47, 48, 50, 51, 61, 63, 64, 66, 67, 73, 75, 76, 78], "excluded_lines": [], "functions": {"get_test_definitions": {"executed_lines": [], "summary": {"covered_lines": 0, "num_statements": 9, "percent_covered": 0.0, "percent_covered_display": "0.00", "missing_lines": 9, "excluded_lines": 0, "percent_statements_covered": 0.0, "percent_statements_covered_display": "0.00"}, "missing_lines": [21, 22, 23, 25, 26, 27, 28, 30, 35], "excluded_lines": []}, "get_all_test_attempts": {"executed_lines": [], "summary": {"covered_lines": 0, "num_statements": 5, "percent_covered": 0.0, "percent_covered_display": "0.00", "missing_lines": 5, "excluded_lines": 0, "percent_statements_covered": 0.0, "percent_statements_covered_display": "0.00"}, "missing_lines": [45, 47, 48, 50, 51], "excluded_lines": []}, "get_test_attempts": {"executed_lines": [], "summary": {"covered_lines": 0, "num_statements": 5, "percent_covered": 0.0, "percent_covered_display": "0.00", "missing_lines": 5, "excluded_lines": 0, "percent_statements_covered": 0.0, "percent_statements_covered_display": "0.00"}, "missing_lines": [61, 63, 64, 66, 67], "excluded_lines": []}, "get_test_attempt_details": {"executed_lines": [], "summary": {"covered_lines": 0, "num_statements": 4, "percent_covered": 0.0, "percent_covered_display": "0.00", "missing_lines": 4, "excluded_lines": 0, "percent_statements_covered": 0.0, "percent_statements_covered_display": "0.00"}, "missing_lines": [73, 75, 76, 78], "excluded_lines": []}, "": {"executed_lines": [1, 3, 5, 7, 8, 10, 13, 14, 38, 39, 54, 55, 70, 71], "summary": {"covered_lines": 13, "num_statements": 13, "percent_covered": 100.0, "percent_covered_display": "100.00", "missing_lines": 0, "excluded_lines": 0, "percent_statements_covered": 100.0, "percent_statements_covered_display": "100.00"}, "missing_lines": [], "excluded_lines": []}}, "classes": {"": {"executed_lines": [1, 3, 5, 7, 8, 10, 13, 14, 38, 39, 54, 55, 70, 71], "summary": {"covered_lines": 13, "num_statements": 36, "percent_covered": 36.111111111111114, "percent_covered_display": "36.11", "missing_lines": 23, "excluded_lines": 0, "percent_statements_covered": 36.111111111111114, "percent_statements_covered_display": "36.11"}, "missing_lines": [21, 22, 23, 25, 26, 27, 28, 30, 35, 45, 47, 48, 50, 51, 61, 63, 64, 66, 67, 73, 75, 76, 78], "excluded_lines": []}}}, "app/routes/users.py": {"executed_lines": [1, 3, 5, 6, 8, 10, 11, 12, 13, 15, 18, 19, 34, 35, 89, 90, 113, 114, 138, 139, 176, 177, 194, 195, 197, 198, 199, 202, 203, 205, 206, 210, 212, 215, 218, 221, 224, 227, 228, 229, 231, 237, 238, 254, 255, 256, 259, 260, 262, 263, 266, 269, 270, 271, 274, 275, 276, 279, 280, 281, 286, 288, 289, 290, 298, 302, 306, 312, 316, 318, 320, 323, 326, 336, 338, 340, 348, 349, 361, 364, 365, 367, 369, 372], "summary": {"covered_lines": 83, "num_statements": 152, "percent_covered": 54.60526315789474, "percent_covered_display": "54.61", "missing_lines": 69, "excluded_lines": 0, "percent_statements_covered": 54.60526315789474, "percent_statements_covered_display": "54.61"}, "missing_lines": [21, 22, 23, 24, 26, 28, 29, 31, 41, 43, 45, 46, 49, 50, 64, 67, 70, 73, 76, 97, 98, 99, 101, 102, 103, 105, 108, 110, 120, 121, 123, 124, 126, 127, 128, 130, 132, 133, 135, 141, 142, 143, 145, 146, 148, 149, 156, 158, 160, 161, 168, 179, 180, 181, 183, 184, 186, 207, 264, 272, 292, 293, 294, 296, 299, 303, 313, 314, 370], "excluded_lines": [], "functions": {"create_user": {"executed_lines": [], "summary": {"covered_lines": 0, "num_statements": 8, "percent_covered": 0.0, "percent_covered_display": "0.00", "missing_lines": 8, "excluded_lines": 0, "percent_statements_covered": 0.0, "percent_statements_covered_display": "0.00"}, "missing_lines": [21, 22, 23, 24, 26, 28, 29, 31], "excluded_lines": []}, "list_users": {"executed_lines": [], "summary": {"covered_lines": 0, "num_statements": 11, "percent_covered": 0.0, "percent_covered_display": "0.00", "missing_lines": 11, "excluded_lines": 0, "percent_statements_covered": 0.0, "percent_statements_covered_display": "0.00"}, "missing_lines": [41, 43, 45, 46, 49, 50, 64, 67, 70, 73, 76], "excluded_lines": []}, "retrieve_user": {"executed_lines": [], "summary": {"covered_lines": 0, "num_statements": 9, "percent_covered": 0.0, "percent_covered_display": "0.00", "missing_lines": 9, "excluded_lines": 0, "percent_statements_covered": 0.0, "percent_statements_covered_display": "0.00"}, "missing_lines": [97, 98, 99, 101, 102, 103, 105, 108, 110], "excluded_lines": []}, "verify_user_pin": {"executed_lines": [], "summary": {"covered_lines": 0, "num_statements": 11, "percent_covered": 0.0, "percent_covered_display": "0.00", "missing_lines": 11, "excluded_lines": 0, "percent_statements_covered": 0.0, "percent_statements_covered_display": "0.00"}, "missing_lines": [120, 121, 123, 124, 126, 127, 128, 130, 132, 133, 135], "excluded_lines": []}, "manual_level_up": {"executed_lines": [], "summary": {"covered_lines": 0, "num_statements": 12, "percent_covered": 0.0, "percent_covered_display": "0.00", "missing_lines": 12, "excluded_lines": 0, "percent_statements_covered": 0.0, "percent_statements_covered_display": "0.00"}, "missing_lines": [141, 142, 143, 145, 146, 148, 149, 156, 158, 160, 161, 168], "excluded_lines": []}, "check_level_up_eligibility": {"executed_lines": [], "summary": {"covered_lines": 0, "num_statements": 6, "percent_covered": 0.0, "percent_covered_display": "0.00", "missing_lines": 6, "excluded_lines": 0, "percent_statements_covered": 0.0, "percent_statements_covered_display": "0.00"}, "missing_lines": [179, 180, 181, 183, 184, 186], "excluded_lines": []}, "reset_user_data": {"executed_lines": [197, 198, 199, 202, 203, 205, 206, 210, 212, 215, 218, 221, 224, 227, 228, 229, 231], "summary": {"covered_lines": 17, "num_statements": 18, "percent_covered": 94.44444444444444, "percent_covered_display": "94.44", "missing_lines": 1, "excluded_lines": 0, "percent_statements_covered": 94.44444444444444, "percent_statements_covered_display": "94.44"}, "missing_lines": [207], "excluded_lines": []}, "test_setup_user": {"executed_lines": [254, 255, 256, 259, 260, 262, 263, 266, 269, 270, 271, 274, 275, 276, 279, 280, 281, 286, 288, 289, 290, 298, 302, 306, 312, 316, 318, 320, 323, 326, 336, 338, 340], "summary": {"covered_lines": 33, "num_statements": 43, "percent_covered": 76.74418604651163, "percent_covered_display": "76.74", "missing_lines": 10, "excluded_lines": 0, "percent_statements_covered": 76.74418604651163, "percent_statements_covered_display": "76.74"}, "missing_lines": [264, 272, 292, 293, 294, 296, 299, 303, 313, 314], "excluded_lines": []}, "delete_user": {"executed_lines": [361, 364, 365, 367, 369, 372], "summary": {"covered_lines": 6, "num_statements": 7, "percent_covered": 85.71428571428571, "percent_covered_display": "85.71", "missing_lines": 1, "excluded_lines": 0, "percent_statements_covered": 85.71428571428571, "percent_statements_covered_display": "85.71"}, "missing_lines": [370], "excluded_lines": []}, "": {"executed_lines": [1, 3, 5, 6, 8, 10, 11, 12, 13, 15, 18, 19, 34, 35, 89, 90, 113, 114, 138, 139, 176, 177, 194, 195, 237, 238, 348, 349], "summary": {"covered_lines": 27, "num_statements": 27, "percent_covered": 100.0, "percent_covered_display": "100.00", "missing_lines": 0, "excluded_lines": 0, "percent_statements_covered": 100.0, "percent_statements_covered_display": "100.00"}, "missing_lines": [], "excluded_lines": []}}, "classes": {"": {"executed_lines": [1, 3, 5, 6, 8, 10, 11, 12, 13, 15, 18, 19, 34, 35, 89, 90, 113, 114, 138, 139, 176, 177, 194, 195, 197, 198, 199, 202, 203, 205, 206, 210, 212, 215, 218, 221, 224, 227, 228, 229, 231, 237, 238, 254, 255, 256, 259, 260, 262, 263, 266, 269, 270, 271, 274, 275, 276, 279, 280, 281, 286, 288, 289, 290, 298, 302, 306, 312, 316, 318, 320, 323, 326, 336, 338, 340, 348, 349, 361, 364, 365, 367, 369, 372], "summary": {"covered_lines": 83, "num_statements": 152, "percent_covered": 54.60526315789474, "percent_covered_display": "54.61", "missing_lines": 69, "excluded_lines": 0, "percent_statements_covered": 54.60526315789474, "percent_statements_covered_display": "54.61"}, "missing_lines": [21, 22, 23, 24, 26, 28, 29, 31, 41, 43, 45, 46, 49, 50, 64, 67, 70, 73, 76, 97, 98, 99, 101, 102, 103, 105, 108, 110, 120, 121, 123, 124, 126, 127, 128, 130, 132, 133, 135, 141, 142, 143, 145, 146, 148, 149, 156, 158, 160, 161, 168, 179, 180, 181, 183, 184, 186, 207, 264, 272, 292, 293, 294, 296, 299, 303, 313, 314, 370], "excluded_lines": []}}}, "app/services/achievement_service.py": {"executed_lines": [1, 3, 5, 6, 8, 9, 12, 17, 18, 20, 21, 22, 35, 37, 38, 40, 42, 43, 74, 75, 76, 99, 100, 101, 107, 108, 109, 118, 120, 122, 123, 124, 138, 139, 140, 164, 165, 166, 190, 192, 204, 205, 206, 208, 210, 212, 213, 220, 222, 224, 225, 226, 246, 247, 248, 259, 260, 262, 263, 264, 267, 270, 273, 274, 276, 277, 278, 311, 312, 313, 332, 333, 334, 344, 346, 348, 349, 350, 374, 376, 385, 386, 387, 409, 411, 419, 420, 421, 437, 439, 440, 442, 444, 445, 446, 459, 461, 462, 464, 466, 467, 468, 480, 482, 483, 485, 487, 488, 489, 503, 505, 506, 508, 510, 511, 512, 532, 533, 534, 547, 549, 550, 552, 553, 554], "summary": {"covered_lines": 123, "num_statements": 164, "percent_covered": 75.0, "percent_covered_display": "75.00", "missing_lines": 41, "excluded_lines": 0, "percent_statements_covered": 75.0, "percent_statements_covered_display": "75.00"}, "missing_lines": [65, 67, 68, 70, 92, 94, 95, 97, 103, 105, 134, 136, 155, 157, 239, 241, 242, 244, 288, 290, 291, 294, 297, 299, 300, 303, 305, 306, 307, 309, 325, 327, 328, 525, 527, 528, 530, 563, 565, 566, 568], "excluded_lines": [], "functions": {"AchievementService.ensure_achievements": {"executed_lines": [35, 37, 38, 40], "summary": {"covered_lines": 4, "num_statements": 4, "percent_covered": 100.0, "percent_covered_display": "100.00", "missing_lines": 0, "excluded_lines": 0, "percent_statements_covered": 100.0, "percent_statements_covered_display": "100.00"}, "missing_lines": [], "excluded_lines": []}, "AchievementService._ensure_achievements_with_data": {"executed_lines": [], "summary": {"covered_lines": 0, "num_statements": 4, "percent_covered": 0.0, "percent_covered_display": "0.00", "missing_lines": 4, "excluded_lines": 0, "percent_statements_covered": 0.0, "percent_statements_covered_display": "0.00"}, "missing_lines": [65, 67, 68, 70], "excluded_lines": []}, "AchievementService.ensure_achievements_batch": {"executed_lines": [], "summary": {"covered_lines": 0, "num_statements": 4, "percent_covered": 0.0, "percent_covered_display": "0.00", "missing_lines": 4, "excluded_lines": 0, "percent_statements_covered": 0.0, "percent_statements_covered_display": "0.00"}, "missing_lines": [92, 94, 95, 97], "excluded_lines": []}, "AchievementService.get_user_achievements": {"executed_lines": [], "summary": {"covered_lines": 0, "num_statements": 2, "percent_covered": 0.0, "percent_covered_display": "0.00", "missing_lines": 2, "excluded_lines": 0, "percent_statements_covered": 0.0, "percent_statements_covered_display": "0.00"}, "missing_lines": [103, 105], "excluded_lines": []}, "AchievementService.get_achievements_by_session": {"executed_lines": [118, 120], "summary": {"covered_lines": 2, "num_statements": 2, "percent_covered": 100.0, "percent_covered_display": "100.00", "missing_lines": 0, "excluded_lines": 0, "percent_statements_covered": 100.0, "percent_statements_covered_display": "100.00"}, "missing_lines": [], "excluded_lines": []}, "AchievementService.get_achievements_by_code": {"executed_lines": [], "summary": {"covered_lines": 0, "num_statements": 2, "percent_covered": 0.0, "percent_covered_display": "0.00", "missing_lines": 2, "excluded_lines": 0, "percent_statements_covered": 0.0, "percent_statements_covered_display": "0.00"}, "missing_lines": [134, 136], "excluded_lines": []}, "AchievementService.get_achievements_by_category": {"executed_lines": [], "summary": {"covered_lines": 0, "num_statements": 2, "percent_covered": 0.0, "percent_covered_display": "0.00", "missing_lines": 2, "excluded_lines": 0, "percent_statements_covered": 0.0, "percent_statements_covered_display": "0.00"}, "missing_lines": [155, 157], "excluded_lines": []}, "AchievementService.create_achievement": {"executed_lines": [190, 192], "summary": {"covered_lines": 2, "num_statements": 2, "percent_covered": 100.0, "percent_covered_display": "100.00", "missing_lines": 0, "excluded_lines": 0, "percent_statements_covered": 100.0, "percent_statements_covered_display": "100.00"}, "missing_lines": [], "excluded_lines": []}, "AchievementService.get_achievement_codes": {"executed_lines": [208, 210], "summary": {"covered_lines": 2, "num_statements": 2, "percent_covered": 100.0, "percent_covered_display": "100.00", "missing_lines": 0, "excluded_lines": 0, "percent_statements_covered": 100.0, "percent_statements_covered_display": "100.00"}, "missing_lines": [], "excluded_lines": []}, "AchievementService.serialize_achievement": {"executed_lines": [220, 222], "summary": {"covered_lines": 2, "num_statements": 2, "percent_covered": 100.0, "percent_covered_display": "100.00", "missing_lines": 0, "excluded_lines": 0, "percent_statements_covered": 100.0, "percent_statements_covered_display": "100.00"}, "missing_lines": [], "excluded_lines": []}, "AchievementService.check_consecutive_correct_achievements": {"executed_lines": [], "summary": {"covered_lines": 0, "num_statements": 4, "percent_covered": 0.0, "percent_covered_display": "0.00", "missing_lines": 4, "excluded_lines": 0, "percent_statements_covered": 0.0, "percent_statements_covered_display": "0.00"}, "missing_lines": [239, 241, 242, 244], "excluded_lines": []}, "AchievementService.check_all_achievements": {"executed_lines": [259, 260, 262, 263, 264, 267, 270, 273, 274], "summary": {"covered_lines": 9, "num_statements": 9, "percent_covered": 100.0, "percent_covered_display": "100.00", "missing_lines": 0, "excluded_lines": 0, "percent_statements_covered": 100.0, "percent_statements_covered_display": "100.00"}, "missing_lines": [], "excluded_lines": []}, "AchievementService.check_level_specific_achievements": {"executed_lines": [], "summary": {"covered_lines": 0, "num_statements": 12, "percent_covered": 0.0, "percent_covered_display": "0.00", "missing_lines": 12, "excluded_lines": 0, "percent_statements_covered": 0.0, "percent_statements_covered_display": "0.00"}, "missing_lines": [288, 290, 291, 294, 297, 299, 300, 303, 305, 306, 307, 309], "excluded_lines": []}, "AchievementService.validate_and_cleanup_tier_achievements": {"executed_lines": [], "summary": {"covered_lines": 0, "num_statements": 3, "percent_covered": 0.0, "percent_covered_display": "0.00", "missing_lines": 3, "excluded_lines": 0, "percent_statements_covered": 0.0, "percent_statements_covered_display": "0.00"}, "missing_lines": [325, 327, 328], "excluded_lines": []}, "AchievementService.count_achievements_by_code": {"executed_lines": [344, 346], "summary": {"covered_lines": 2, "num_statements": 2, "percent_covered": 100.0, "percent_covered_display": "100.00", "missing_lines": 0, "excluded_lines": 0, "percent_statements_covered": 100.0, "percent_statements_covered_display": "100.00"}, "missing_lines": [], "excluded_lines": []}, "AchievementService.count_achievements_by_code_with_filters": {"executed_lines": [374, 376], "summary": {"covered_lines": 2, "num_statements": 2, "percent_covered": 100.0, "percent_covered_display": "100.00", "missing_lines": 0, "excluded_lines": 0, "percent_statements_covered": 100.0, "percent_statements_covered_display": "100.00"}, "missing_lines": [], "excluded_lines": []}, "AchievementService.count_achievements_by_test_type_with_filters": {"executed_lines": [409, 411], "summary": {"covered_lines": 2, "num_statements": 2, "percent_covered": 100.0, "percent_covered_display": "100.00", "missing_lines": 0, "excluded_lines": 0, "percent_statements_covered": 100.0, "percent_statements_covered_display": "100.00"}, "missing_lines": [], "excluded_lines": []}, "AchievementService.check_level_master_achievements": {"executed_lines": [437, 439, 440, 442], "summary": {"covered_lines": 4, "num_statements": 4, "percent_covered": 100.0, "percent_covered_display": "100.00", "missing_lines": 0, "excluded_lines": 0, "percent_statements_covered": 100.0, "percent_statements_covered_display": "100.00"}, "missing_lines": [], "excluded_lines": []}, "AchievementService.check_lightning_fast_achievements": {"executed_lines": [459, 461, 462, 464], "summary": {"covered_lines": 4, "num_statements": 4, "percent_covered": 100.0, "percent_covered_display": "100.00", "missing_lines": 0, "excluded_lines": 0, "percent_statements_covered": 100.0, "percent_statements_covered_display": "100.00"}, "missing_lines": [], "excluded_lines": []}, "AchievementService.check_accuracy_ace_achievements": {"executed_lines": [480, 482, 483, 485], "summary": {"covered_lines": 4, "num_statements": 4, "percent_covered": 100.0, "percent_covered_display": "100.00", "missing_lines": 0, "excluded_lines": 0, "percent_statements_covered": 100.0, "percent_statements_covered_display": "100.00"}, "missing_lines": [], "excluded_lines": []}, "AchievementService.check_so_wow_achievements": {"executed_lines": [503, 505, 506, 508], "summary": {"covered_lines": 4, "num_statements": 4, "percent_covered": 100.0, "percent_covered_display": "100.00", "missing_lines": 0, "excluded_lines": 0, "percent_statements_covered": 100.0, "percent_statements_covered_display": "100.00"}, "missing_lines": [], "excluded_lines": []}, "AchievementService.check_level_grandmaster_achievement": {"executed_lines": [], "summary": {"covered_lines": 0, "num_statements": 4, "percent_covered": 0.0, "percent_covered_display": "0.00", "missing_lines": 4, "excluded_lines": 0, "percent_statements_covered": 0.0, "percent_statements_covered_display": "0.00"}, "missing_lines": [525, 527, 528, 530], "excluded_lines": []}, "AchievementService.checkChampionEligibility": {"executed_lines": [547, 549, 550], "summary": {"covered_lines": 3, "num_statements": 3, "percent_covered": 100.0, "percent_covered_display": "100.00", "missing_lines": 0, "excluded_lines": 0, "percent_statements_covered": 100.0, "percent_statements_covered_display": "100.00"}, "missing_lines": [], "excluded_lines": []}, "AchievementService.check_generic_accuracy_achievements": {"executed_lines": [], "summary": {"covered_lines": 0, "num_statements": 4, "percent_covered": 0.0, "percent_covered_display": "0.00", "missing_lines": 4, "excluded_lines": 0, "percent_statements_covered": 0.0, "percent_statements_covered_display": "0.00"}, "missing_lines": [563, 565, 566, 568], "excluded_lines": []}, "": {"executed_lines": [1, 3, 5, 6, 8, 9, 12, 17, 18, 20, 21, 22, 42, 43, 74, 75, 76, 99, 100, 101, 107, 108, 109, 122, 123, 124, 138, 139, 140, 164, 165, 166, 204, 205, 206, 212, 213, 224, 225, 226, 246, 247, 248, 276, 277, 278, 311, 312, 313, 332, 333, 334, 348, 349, 350, 385, 386, 387, 419, 420, 421, 444, 445, 446, 466, 467, 468, 487, 488, 489, 510, 511, 512, 532, 533, 534, 552, 553, 554], "summary": {"covered_lines": 77, "num_statements": 77, "percent_covered": 100.0, "percent_covered_display": "100.00", "missing_lines": 0, "excluded_lines": 0, "percent_statements_covered": 100.0, "percent_statements_covered_display": "100.00"}, "missing_lines": [], "excluded_lines": []}}, "classes": {"AchievementService": {"executed_lines": [35, 37, 38, 40, 118, 120, 190, 192, 208, 210, 220, 222, 259, 260, 262, 263, 264, 267, 270, 273, 274, 344, 346, 374, 376, 409, 411, 437, 439, 440, 442, 459, 461, 462, 464, 480, 482, 483, 485, 503, 505, 506, 508, 547, 549, 550], "summary": {"covered_lines": 46, "num_statements": 87, "percent_covered": 52.87356321839081, "percent_covered_display": "52.87", "missing_lines": 41, "excluded_lines": 0, "percent_statements_covered": 52.87356321839081, "percent_statements_covered_display": "52.87"}, "missing_lines": [65, 67, 68, 70, 92, 94, 95, 97, 103, 105, 134, 136, 155, 157, 239, 241, 242, 244, 288, 290, 291, 294, 297, 299, 300, 303, 305, 306, 307, 309, 325, 327, 328, 525, 527, 528, 530, 563, 565, 566, 568], "excluded_lines": []}, "": {"executed_lines": [1, 3, 5, 6, 8, 9, 12, 17, 18, 20, 21, 22, 42, 43, 74, 75, 76, 99, 100, 101, 107, 108, 109, 122, 123, 124, 138, 139, 140, 164, 165, 166, 204, 205, 206, 212, 213, 224, 225, 226, 246, 247, 248, 276, 277, 278, 311, 312, 313, 332, 333, 334, 348, 349, 350, 385, 386, 387, 419, 420, 421, 444, 445, 446, 466, 467, 468, 487, 488, 489, 510, 511, 512, 532, 533, 534, 552, 553, 554], "summary": {"covered_lines": 77, "num_statements": 77, "percent_covered": 100.0, "percent_covered_display": "100.00", "missing_lines": 0, "excluded_lines": 0, "percent_statements_covered": 100.0, "percent_statements_covered_display": "100.00"}, "missing_lines": [], "excluded_lines": []}}}, "app/services/achievements/achievement_checkers/accuracy_ace_checker.py": {"executed_lines": [1, 6, 8, 10, 11, 12, 15, 16, 18, 24, 26, 44, 46, 48, 49, 52, 53, 54, 62, 67, 71, 74, 75, 76, 79, 82, 83, 84, 87, 88, 89, 91, 92, 93, 95, 97, 98, 102, 111, 120, 122, 123, 125], "summary": {"covered_lines": 41, "num_statements": 53, "percent_covered": 77.35849056603773, "percent_covered_display": "77.36", "missing_lines": 12, "excluded_lines": 0, "percent_statements_covered": 77.35849056603773, "percent_statements_covered_display": "77.36"}, "missing_lines": [56, 57, 58, 59, 68, 85, 103, 104, 105, 106, 107, 109], "excluded_lines": [], "functions": {"AccuracyAceChecker.__init__": {"executed_lines": [24], "summary": {"covered_lines": 1, "num_statements": 1, "percent_covered": 100.0, "percent_covered_display": "100.00", "missing_lines": 0, "excluded_lines": 0, "percent_statements_covered": 100.0, "percent_statements_covered_display": "100.00"}, "missing_lines": [], "excluded_lines": []}, "AccuracyAceChecker.check": {"executed_lines": [44, 46, 48, 49, 52, 53, 54, 62, 67, 71, 74, 75, 76, 79, 82, 83, 84, 87, 88, 89, 91, 92, 93, 95, 97, 98, 102, 111, 120, 122, 123, 125], "summary": {"covered_lines": 32, "num_statements": 44, "percent_covered": 72.72727272727273, "percent_covered_display": "72.73", "missing_lines": 12, "excluded_lines": 0, "percent_statements_covered": 72.72727272727273, "percent_statements_covered_display": "72.73"}, "missing_lines": [56, 57, 58, 59, 68, 85, 103, 104, 105, 106, 107, 109], "excluded_lines": []}, "": {"executed_lines": [1, 6, 8, 10, 11, 12, 15, 16, 18, 26], "summary": {"covered_lines": 8, "num_statements": 8, "percent_covered": 100.0, "percent_covered_display": "100.00", "missing_lines": 0, "excluded_lines": 0, "percent_statements_covered": 100.0, "percent_statements_covered_display": "100.00"}, "missing_lines": [], "excluded_lines": []}}, "classes": {"AccuracyAceChecker": {"executed_lines": [24, 44, 46, 48, 49, 52, 53, 54, 62, 67, 71, 74, 75, 76, 79, 82, 83, 84, 87, 88, 89, 91, 92, 93, 95, 97, 98, 102, 111, 120, 122, 123, 125], "summary": {"covered_lines": 33, "num_statements": 45, "percent_covered": 73.33333333333333, "percent_covered_display": "73.33", "missing_lines": 12, "excluded_lines": 0, "percent_statements_covered": 73.33333333333333, "percent_statements_covered_display": "73.33"}, "missing_lines": [56, 57, 58, 59, 68, 85, 103, 104, 105, 106, 107, 109], "excluded_lines": []}, "": {"executed_lines": [1, 6, 8, 10, 11, 12, 15, 16, 18, 26], "summary": {"covered_lines": 8, "num_statements": 8, "percent_covered": 100.0, "percent_covered_display": "100.00", "missing_lines": 0, "excluded_lines": 0, "percent_statements_covered": 100.0, "percent_statements_covered_display": "100.00"}, "missing_lines": [], "excluded_lines": []}}}, "app/services/achievements/achievement_checkers/base_checker.py": {"executed_lines": [1, 3, 5, 6, 8, 11, 12, 18, 19], "summary": {"covered_lines": 5, "num_statements": 5, "percent_covered": 100.0, "percent_covered_display": "100.00", "missing_lines": 0, "excluded_lines": 18, "percent_statements_covered": 100.0, "percent_statements_covered_display": "100.00"}, "missing_lines": [], "excluded_lines": [18, 19, 20, 21, 22, 23, 24, 25, 26, 27, 28, 29, 30, 31, 32, 33, 34, 35], "functions": {"AchievementChecker.check": {"executed_lines": [], "summary": {"covered_lines": 0, "num_statements": 0, "percent_covered": 100.0, "percent_covered_display": "100.00", "missing_lines": 0, "excluded_lines": 11, "percent_statements_covered": 100.0, "percent_statements_covered_display": "100.00"}, "missing_lines": [], "excluded_lines": [25, 26, 27, 28, 29, 30, 31, 32, 33, 34, 35]}, "": {"executed_lines": [1, 3, 5, 6, 8, 11, 12, 18, 19], "summary": {"covered_lines": 5, "num_statements": 5, "percent_covered": 100.0, "percent_covered_display": "100.00", "missing_lines": 0, "excluded_lines": 7, "percent_statements_covered": 100.0, "percent_statements_covered_display": "100.00"}, "missing_lines": [], "excluded_lines": [18, 19, 20, 21, 22, 23, 24]}}, "classes": {"AchievementChecker": {"executed_lines": [], "summary": {"covered_lines": 0, "num_statements": 0, "percent_covered": 100.0, "percent_covered_display": "100.00", "missing_lines": 0, "excluded_lines": 11, "percent_statements_covered": 100.0, "percent_statements_covered_display": "100.00"}, "missing_lines": [], "excluded_lines": [25, 26, 27, 28, 29, 30, 31, 32, 33, 34, 35]}, "": {"executed_lines": [1, 3, 5, 6, 8, 11, 12, 18, 19], "summary": {"covered_lines": 5, "num_statements": 5, "percent_covered": 100.0, "percent_covered_display": "100.00", "missing_lines": 0, "excluded_lines": 7, "percent_statements_covered": 100.0, "percent_statements_covered_display": "100.00"}, "missing_lines": [], "excluded_lines": [18, 19, 20, 21, 22, 23, 24]}}}, "app/services/achievements/achievement_checkers/basic_milestone_checker.py": {"executed_lines": [1, 7, 9, 11, 12, 13, 14, 17, 18, 20, 26, 28, 44, 46, 49, 51, 52, 53, 59, 62, 63, 64, 67, 70, 72, 73, 74, 77, 78, 79, 82, 88, 90, 91, 92, 93, 102, 106], "summary": {"covered_lines": 36, "num_statements": 40, "percent_covered": 90.0, "percent_covered_display": "90.00", "missing_lines": 4, "excluded_lines": 0, "percent_statements_covered": 90.0, "percent_statements_covered_display": "90.00"}, "missing_lines": [47, 83, 84, 104], "excluded_lines": [], "functions": {"BasicMilestoneChecker.__init__": {"executed_lines": [26], "summary": {"covered_lines": 1, "num_statements": 1, "percent_covered": 100.0, "percent_covered_display": "100.00", "missing_lines": 0, "excluded_lines": 0, "percent_statements_covered": 100.0, "percent_statements_covered_display": "100.00"}, "missing_lines": [], "excluded_lines": []}, "BasicMilestoneChecker.check": {"executed_lines": [44, 46, 49, 51, 52, 53, 59, 62, 63, 64, 67, 70, 72, 73, 74, 77, 78, 79, 82, 88, 90, 91, 92, 93, 102, 106], "summary": {"covered_lines": 26, "num_statements": 30, "percent_covered": 86.66666666666667, "percent_covered_display": "86.67", "missing_lines": 4, "excluded_lines": 0, "percent_statements_covered": 86.66666666666667, "percent_statements_covered_display": "86.67"}, "missing_lines": [47, 83, 84, 104], "excluded_lines": []}, "": {"executed_lines": [1, 7, 9, 11, 12, 13, 14, 17, 18, 20, 28], "summary": {"covered_lines": 9, "num_statements": 9, "percent_covered": 100.0, "percent_covered_display": "100.00", "missing_lines": 0, "excluded_lines": 0, "percent_statements_covered": 100.0, "percent_statements_covered_display": "100.00"}, "missing_lines": [], "excluded_lines": []}}, "classes": {"BasicMilestoneChecker": {"executed_lines": [26, 44, 46, 49, 51, 52, 53, 59, 62, 63, 64, 67, 70, 72, 73, 74, 77, 78, 79, 82, 88, 90, 91, 92, 93, 102, 106], "summary": {"covered_lines": 27, "num_statements": 31, "percent_covered": 87.09677419354838, "percent_covered_display": "87.10", "missing_lines": 4, "excluded_lines": 0, "percent_statements_covered": 87.09677419354838, "percent_statements_covered_display": "87.10"}, "missing_lines": [47, 83, 84, 104], "excluded_lines": []}, "": {"executed_lines": [1, 7, 9, 11, 12, 13, 14, 17, 18, 20, 28], "summary": {"covered_lines": 9, "num_statements": 9, "percent_covered": 100.0, "percent_covered_display": "100.00", "missing_lines": 0, "excluded_lines": 0, "percent_statements_covered": 100.0, "percent_statements_covered_display": "100.00"}, "missing_lines": [], "excluded_lines": []}}}, "app/services/achievements/achievement_checkers/consecutive_checker.py": {"executed_lines": [1, 6, 8, 9, 11, 12, 13, 14, 17, 18, 20, 28], "summary": {"covered_lines": 10, "num_statements": 40, "percent_covered": 25.0, "percent_covered_display": "25.00", "missing_lines": 30, "excluded_lines": 0, "percent_statements_covered": 25.0, "percent_statements_covered_display": "25.00"}, "missing_lines": [26, 46, 49, 51, 52, 53, 55, 58, 59, 60, 63, 64, 66, 67, 70, 74, 84, 86, 90, 103, 106, 119, 121, 123, 124, 133, 134, 136, 137, 139], "excluded_lines": [], "functions": {"ConsecutiveChecker.__init__": {"executed_lines": [], "summary": {"covered_lines": 0, "num_statements": 1, "percent_covered": 0.0, "percent_covered_display": "0.00", "missing_lines": 1, "excluded_lines": 0, "percent_statements_covered": 0.0, "percent_statements_covered_display": "0.00"}, "missing_lines": [26], "excluded_lines": []}, "ConsecutiveChecker.check": {"executed_lines": [], "summary": {"covered_lines": 0, "num_statements": 29, "percent_covered": 0.0, "percent_covered_display": "0.00", "missing_lines": 29, "excluded_lines": 0, "percent_statements_covered": 0.0, "percent_statements_covered_display": "0.00"}, "missing_lines": [46, 49, 51, 52, 53, 55, 58, 59, 60, 63, 64, 66, 67, 70, 74, 84, 86, 90, 103, 106, 119, 121, 123, 124, 133, 134, 136, 137, 139], "excluded_lines": []}, "": {"executed_lines": [1, 6, 8, 9, 11, 12, 13, 14, 17, 18, 20, 28], "summary": {"covered_lines": 10, "num_statements": 10, "percent_covered": 100.0, "percent_covered_display": "100.00", "missing_lines": 0, "excluded_lines": 0, "percent_statements_covered": 100.0, "percent_statements_covered_display": "100.00"}, "missing_lines": [], "excluded_lines": []}}, "classes": {"ConsecutiveChecker": {"executed_lines": [], "summary": {"covered_lines": 0, "num_statements": 30, "percent_covered": 0.0, "percent_covered_display": "0.00", "missing_lines": 30, "excluded_lines": 0, "perc
[...]
: 100.0, "percent_statements_covered_display": "100.00"}, "missing_lines": [], "excluded_lines": []}, "ServerRecordService.checkAndUpdateRecord": {"executed_lines": [105, 106, 109, 111, 112, 114, 115, 116, 117, 118, 119, 122, 130, 132], "summary": {"covered_lines": 14, "num_statements": 14, "percent_covered": 100.0, "percent_covered_display": "100.00", "missing_lines": 0, "excluded_lines": 0, "percent_statements_covered": 100.0, "percent_statements_covered_display": "100.00"}, "missing_lines": [], "excluded_lines": []}, "ServerRecordService.getChampionQualifyingTypes": {"executed_lines": [], "summary": {"covered_lines": 0, "num_statements": 4, "percent_covered": 0.0, "percent_covered_display": "0.00", "missing_lines": 4, "excluded_lines": 0, "percent_statements_covered": 0.0, "percent_statements_covered_display": "0.00"}, "missing_lines": [141, 142, 143, 144], "excluded_lines": []}, "ServerRecordService._determine_record_type": {"executed_lines": [156, 158, 159, 160, 161, 162, 163, 164, 165, 167], "summary": {"covered_lines": 10, "num_statements": 10, "percent_covered": 100.0, "percent_covered_display": "100.00", "missing_lines": 0, "excluded_lines": 0, "percent_statements_covered": 100.0, "percent_statements_covered_display": "100.00"}, "missing_lines": [], "excluded_lines": []}, "ServerRecordService._determine_record_value": {"executed_lines": [182, 184, 185, 186, 187, 189, 190, 192], "summary": {"covered_lines": 8, "num_statements": 11, "percent_covered": 72.72727272727273, "percent_covered_display": "72.73", "missing_lines": 3, "excluded_lines": 0, "percent_statements_covered": 72.72727272727273, "percent_statements_covered_display": "72.73"}, "missing_lines": [193, 196, 198], "excluded_lines": []}, "ServerRecordService.canAchievementHaveChampionTier": {"executed_lines": [211, 212, 213, 216, 219, 220, 223, 224, 227, 231, 234, 235, 238, 239], "summary": {"covered_lines": 14, "num_statements": 15, "percent_covered": 93.33333333333333, "percent_covered_display": "93.33", "missing_lines": 1, "excluded_lines": 0, "percent_statements_covered": 93.33333333333333, "percent_statements_covered_display": "93.33"}, "missing_lines": [241], "excluded_lines": []}, "": {"executed_lines": [1, 3, 5, 6, 8, 9, 12, 13, 16, 40, 41, 42, 53, 54, 55, 84, 85, 86, 134, 135, 146, 147, 169, 170, 200, 201], "summary": {"covered_lines": 24, "num_statements": 24, "percent_covered": 100.0, "percent_covered_display": "100.00", "missing_lines": 0, "excluded_lines": 0, "percent_statements_covered": 100.0, "percent_statements_covered_display": "100.00"}, "missing_lines": [], "excluded_lines": []}}, "classes": {"ServerRecordService": {"executed_lines": [51, 68, 70, 72, 77, 79, 82, 105, 106, 109, 111, 112, 114, 115, 116, 117, 118, 119, 122, 130, 132, 156, 158, 159, 160, 161, 162, 163, 164, 165, 167, 182, 184, 185, 186, 187, 189, 190, 192, 211, 212, 213, 216, 219, 220, 223, 224, 227, 231, 234, 235, 238, 239], "summary": {"covered_lines": 53, "num_statements": 61, "percent_covered": 86.88524590163935, "percent_covered_display": "86.89", "missing_lines": 8, "excluded_lines": 0, "percent_statements_covered": 86.88524590163935, "percent_statements_covered_display": "86.89"}, "missing_lines": [141, 142, 143, 144, 193, 196, 198, 241], "excluded_lines": []}, "": {"executed_lines": [1, 3, 5, 6, 8, 9, 12, 13, 16, 40, 41, 42, 53, 54, 55, 84, 85, 86, 134, 135, 146, 147, 169, 170, 200, 201], "summary": {"covered_lines": 24, "num_statements": 24, "percent_covered": 100.0, "percent_covered_display": "100.00", "missing_lines": 0, "excluded_lines": 0, "percent_statements_covered": 100.0, "percent_statements_covered_display": "100.00"}, "missing_lines": [], "excluded_lines": []}}}, "app/services/session_engine_service.py": {"executed_lines": [1, 3, 5, 6, 7, 9, 10, 11, 12, 13, 14, 15, 16, 19, 20, 24, 29, 30, 32, 33, 38, 39, 40, 71, 72, 73, 98, 99, 101, 102, 103, 119, 121, 122, 124, 125, 126, 148, 149, 153, 156, 157, 159, 161, 162, 164, 165, 166, 178, 181, 192, 245, 249, 254, 255, 257, 260, 263, 264, 265, 266, 267, 272, 283, 284, 287, 296, 297, 298, 299, 300, 302], "summary": {"covered_lines": 70, "num_statements": 121, "percent_covered": 57.85123966942149, "percent_covered_display": "57.85", "missing_lines": 51, "excluded_lines": 0, "percent_statements_covered": 57.85123966942149, "percent_statements_covered_display": "57.85"}, "missing_lines": [36, 47, 48, 51, 52, 56, 58, 61, 62, 64, 65, 67, 69, 75, 76, 78, 80, 81, 84, 85, 86, 88, 96, 120, 150, 168, 169, 193, 194, 197, 198, 199, 202, 203, 205, 208, 209, 210, 215, 218, 227, 228, 229, 230, 231, 233, 273, 275, 277, 278, 281], "excluded_lines": [], "functions": {"SessionEngineService._get_test_achievement_code": {"executed_lines": [], "summary": {"covered_lines": 0, "num_statements": 1, "percent_covered": 0.0, "percent_covered_display": "0.00", "missing_lines": 1, "excluded_lines": 0, "percent_statements_covered": 0.0, "percent_statements_covered_display": "0.00"}, "missing_lines": [36], "excluded_lines": []}, "SessionEngineService.check_test_eligibility": {"executed_lines": [], "summary": {"covered_lines": 0, "num_statements": 12, "percent_covered": 0.0, "percent_covered_display": "0.00", "missing_lines": 12, "excluded_lines": 0, "percent_statements_covered": 0.0, "percent_statements_covered_display": "0.00"}, "missing_lines": [47, 48, 51, 52, 56, 58, 61, 62, 64, 65, 67, 69], "excluded_lines": []}, "SessionEngineService.get_eligible_tests": {"executed_lines": [], "summary": {"covered_lines": 0, "num_statements": 10, "percent_covered": 0.0, "percent_covered_display": "0.00", "missing_lines": 10, "excluded_lines": 0, "percent_statements_covered": 0.0, "percent_statements_covered_display": "0.00"}, "missing_lines": [75, 76, 78, 80, 81, 84, 85, 86, 88, 96], "excluded_lines": []}, "SessionEngineService._transform_session_questions_to_generate_format": {"executed_lines": [101, 102, 103, 119, 121, 122], "summary": {"covered_lines": 6, "num_statements": 7, "percent_covered": 85.71428571428571, "percent_covered_display": "85.71", "missing_lines": 1, "excluded_lines": 0, "percent_statements_covered": 85.71428571428571, "percent_statements_covered_display": "85.71"}, "missing_lines": [120], "excluded_lines": []}, "SessionEngineService.generate_session": {"executed_lines": [148, 149, 153, 156, 157, 159, 161, 162, 164, 165, 166, 178, 181, 192, 245, 249, 254, 255, 257, 260, 263, 264, 265, 266, 267, 272, 283, 284, 287, 296, 297, 298, 299, 300, 302], "summary": {"covered_lines": 35, "num_statements": 62, "percent_covered": 56.45161290322581, "percent_covered_display": "56.45", "missing_lines": 27, "excluded_lines": 0, "percent_statements_covered": 56.45161290322581, "percent_statements_covered_display": "56.45"}, "missing_lines": [150, 168, 169, 193, 194, 197, 198, 199, 202, 203, 205, 208, 209, 210, 215, 218, 227, 228, 229, 230, 231, 233, 273, 275, 277, 278, 281], "excluded_lines": []}, "": {"executed_lines": [1, 3, 5, 6, 7, 9, 10, 11, 12, 13, 14, 15, 16, 19, 20, 24, 29, 30, 32, 33, 38, 39, 40, 71, 72, 73, 98, 99, 124, 125, 126], "summary": {"covered_lines": 29, "num_statements": 29, "percent_covered": 100.0, "percent_covered_display": "100.00", "missing_lines": 0, "excluded_lines": 0, "percent_statements_covered": 100.0, "percent_statements_covered_display": "100.00"}, "missing_lines": [], "excluded_lines": []}}, "classes": {"SessionEngineService": {"executed_lines": [101, 102, 103, 119, 121, 122, 148, 149, 153, 156, 157, 159, 161, 162, 164, 165, 166, 178, 181, 192, 245, 249, 254, 255, 257, 260, 263, 264, 265, 266, 267, 272, 283, 284, 287, 296, 297, 298, 299, 300, 302], "summary": {"covered_lines": 41, "num_statements": 92, "percent_covered": 44.56521739130435, "percent_covered_display": "44.57", "missing_lines": 51, "excluded_lines": 0, "percent_statements_covered": 44.56521739130435, "percent_statements_covered_display": "44.57"}, "missing_lines": [36, 47, 48, 51, 52, 56, 58, 61, 62, 64, 65, 67, 69, 75, 76, 78, 80, 81, 84, 85, 86, 88, 96, 120, 150, 168, 169, 193, 194, 197, 198, 199, 202, 203, 205, 208, 209, 210, 215, 218, 227, 228, 229, 230, 231, 233, 273, 275, 277, 278, 281], "excluded_lines": []}, "": {"executed_lines": [1, 3, 5, 6, 7, 9, 10, 11, 12, 13, 14, 15, 16, 19, 20, 24, 29, 30, 32, 33, 38, 39, 40, 71, 72, 73, 98, 99, 124, 125, 126], "summary": {"covered_lines": 29, "num_statements": 29, "percent_covered": 100.0, "percent_covered_display": "100.00", "missing_lines": 0, "excluded_lines": 0, "percent_statements_covered": 100.0, "percent_statements_covered_display": "100.00"}, "missing_lines": [], "excluded_lines": []}}}, "app/services/user_service.py": {"executed_lines": [1, 3, 5, 6, 8, 9, 11, 12, 15, 16, 18, 19, 20, 49, 50, 51, 53, 55, 56, 57, 61, 62, 63, 76, 77, 78, 82, 83, 84, 90, 91, 93, 97, 98, 101, 108, 109, 121, 122, 123, 124, 125, 128, 129, 135, 136, 137, 139, 141, 142, 143, 149, 151, 152, 154, 155, 156, 157, 159, 161, 162, 163, 174, 175, 176, 182, 183, 188, 189, 191], "summary": {"covered_lines": 68, "num_statements": 99, "percent_covered": 68.68686868686869, "percent_covered_display": "68.69", "missing_lines": 31, "excluded_lines": 0, "percent_statements_covered": 68.68686868686869, "percent_statements_covered_display": "68.69"}, "missing_lines": [26, 28, 29, 30, 31, 33, 34, 37, 38, 39, 40, 42, 43, 44, 45, 47, 59, 65, 80, 94, 110, 112, 118, 165, 166, 167, 168, 169, 170, 172, 184], "excluded_lines": [], "functions": {"UserService.create_user": {"executed_lines": [], "summary": {"covered_lines": 0, "num_statements": 16, "percent_covered": 0.0, "percent_covered_display": "0.00", "missing_lines": 16, "excluded_lines": 0, "percent_statements_covered": 0.0, "percent_statements_covered_display": "0.00"}, "missing_lines": [26, 28, 29, 30, 31, 33, 34, 37, 38, 39, 40, 42, 43, 44, 45, 47], "excluded_lines": []}, "UserService.get_user": {"executed_lines": [53], "summary": {"covered_lines": 1, "num_statements": 1, "percent_covered": 100.0, "percent_covered_display": "100.00", "missing_lines": 0, "excluded_lines": 0, "percent_statements_covered": 100.0, "percent_statements_covered_display": "100.00"}, "missing_lines": [], "excluded_lines": []}, "UserService.get_user_by_name": {"executed_lines": [], "summary": {"covered_lines": 0, "num_statements": 1, "percent_covered": 0.0, "percent_covered_display": "0.00", "missing_lines": 1, "excluded_lines": 0, "percent_statements_covered": 0.0, "percent_statements_covered_display": "0.00"}, "missing_lines": [59], "excluded_lines": []}, "UserService.list_users": {"executed_lines": [], "summary": {"covered_lines": 0, "num_statements": 1, "percent_covered": 0.0, "percent_covered_display": "0.00", "missing_lines": 1, "excluded_lines": 0, "percent_statements_covered": 0.0, "percent_statements_covered_display": "0.00"}, "missing_lines": [65], "excluded_lines": []}, "UserService.verify_pin": {"executed_lines": [], "summary": {"covered_lines": 0, "num_statements": 1, "percent_covered": 0.0, "percent_covered_display": "0.00", "missing_lines": 1, "excluded_lines": 0, "percent_statements_covered": 0.0, "percent_statements_covered_display": "0.00"}, "missing_lines": [80], "excluded_lines": []}, "UserService.can_level_up": {"executed_lines": [90, 91, 93, 97, 98, 101, 108, 109, 121, 122, 123, 124, 125, 128, 129, 135, 136, 137, 139], "summary": {"covered_lines": 19, "num_statements": 23, "percent_covered": 82.6086956521739, "percent_covered_display": "82.61", "missing_lines": 4, "excluded_lines": 0, "percent_statements_covered": 82.6086956521739, "percent_statements_covered_display": "82.61"}, "missing_lines": [94, 110, 112, 118], "excluded_lines": []}, "UserService.level_up": {"executed_lines": [149, 151, 152, 154, 155, 156, 157, 159], "summary": {"covered_lines": 8, "num_statements": 8, "percent_covered": 100.0, "percent_covered_display": "100.00", "missing_lines": 0, "excluded_lines": 0, "percent_statements_covered": 100.0, "percent_statements_covered_display": "100.00"}, "missing_lines": [], "excluded_lines": []}, "UserService.update_user": {"executed_lines": [], "summary": {"covered_lines": 0, "num_statements": 7, "percent_covered": 0.0, "percent_covered_display": "0.00", "missing_lines": 7, "excluded_lines": 0, "percent_statements_covered": 0.0, "percent_statements_covered_display": "0.00"}, "missing_lines": [165, 166, 167, 168, 169, 170, 172], "excluded_lines": []}, "UserService.delete_user": {"executed_lines": [182, 183, 188, 189, 191], "summary": {"covered_lines": 5, "num_statements": 6, "percent_covered": 83.33333333333333, "percent_covered_display": "83.33", "missing_lines": 1, "excluded_lines": 0, "percent_statements_covered": 83.33333333333333, "percent_statements_covered_display": "83.33"}, "missing_lines": [184], "excluded_lines": []}, "": {"executed_lines": [1, 3, 5, 6, 8, 9, 11, 12, 15, 16, 18, 19, 20, 49, 50, 51, 55, 56, 57, 61, 62, 63, 76, 77, 78, 82, 83, 84, 141, 142, 143, 161, 162, 163, 174, 175, 176], "summary": {"covered_lines": 35, "num_statements": 35, "percent_covered": 100.0, "percent_covered_display": "100.00", "missing_lines": 0, "excluded_lines": 0, "percent_statements_covered": 100.0, "percent_statements_covered_display": "100.00"}, "missing_lines": [], "excluded_lines": []}}, "classes": {"UserService": {"executed_lines": [53, 90, 91, 93, 97, 98, 101, 108, 109, 121, 122, 123, 124, 125, 128, 129, 135, 136, 137, 139, 149, 151, 152, 154, 155, 156, 157, 159, 182, 183, 188, 189, 191], "summary": {"covered_lines": 33, "num_statements": 64, "percent_covered": 51.5625, "percent_covered_display": "51.56", "missing_lines": 31, "excluded_lines": 0, "percent_statements_covered": 51.5625, "percent_statements_covered_display": "51.56"}, "missing_lines": [26, 28, 29, 30, 31, 33, 34, 37, 38, 39, 40, 42, 43, 44, 45, 47, 59, 65, 80, 94, 110, 112, 118, 165, 166, 167, 168, 169, 170, 172, 184], "excluded_lines": []}, "": {"executed_lines": [1, 3, 5, 6, 8, 9, 11, 12, 15, 16, 18, 19, 20, 49, 50, 51, 55, 56, 57, 61, 62, 63, 76, 77, 78, 82, 83, 84, 141, 142, 143, 161, 162, 163, 174, 175, 176], "summary": {"covered_lines": 35, "num_statements": 35, "percent_covered": 100.0, "percent_covered_display": "100.00", "missing_lines": 0, "excluded_lines": 0, "percent_statements_covered": 100.0, "percent_statements_covered_display": "100.00"}, "missing_lines": [], "excluded_lines": []}}}, "app/utils/tier_utils.py": {"executed_lines": [1, 3, 6, 21, 30, 45, 51, 54, 60, 63, 72, 75, 85, 86, 87, 90, 99, 102, 117, 130, 131, 132, 137, 138, 141, 151, 152, 156, 157, 160, 170, 171, 172, 173, 175, 178, 200, 201, 211, 212, 213, 214, 216, 220, 231, 234, 235, 237, 238, 242, 243, 245, 246, 249, 252, 253, 254, 256], "summary": {"covered_lines": 57, "num_statements": 74, "percent_covered": 77.02702702702703, "percent_covered_display": "77.03", "missing_lines": 17, "excluded_lines": 0, "percent_statements_covered": 77.02702702702703, "percent_statements_covered_display": "77.03"}, "missing_lines": [111, 112, 114, 153, 203, 208, 217, 221, 222, 223, 224, 225, 226, 227, 228, 229, 239], "excluded_lines": [], "functions": {"get_tier_hierarchy": {"executed_lines": [51], "summary": {"covered_lines": 1, "num_statements": 1, "percent_covered": 100.0, "percent_covered_display": "100.00", "missing_lines": 0, "excluded_lines": 0, "percent_statements_covered": 100.0, "percent_statements_covered_display": "100.00"}, "missing_lines": [], "excluded_lines": []}, "get_all_tiers": {"executed_lines": [60], "summary": {"covered_lines": 1, "num_statements": 1, "percent_covered": 100.0, "percent_covered_display": "100.00", "missing_lines": 0, "excluded_lines": 0, "percent_statements_covered": 100.0, "percent_statements_covered_display": "100.00"}, "missing_lines": [], "excluded_lines": []}, "map_old_tier_to_new": {"executed_lines": [72], "summary": {"covered_lines": 1, "num_statements": 1, "percent_covered": 100.0, "percent_covered_display": "100.00", "missing_lines": 0, "excluded_lines": 0, "percent_statements_covered": 100.0, "percent_statements_covered_display": "100.00"}, "missing_lines": [], "excluded_lines": []}, "is_tier_higher_than": {"executed_lines": [85, 86, 87], "summary": {"covered_lines": 3, "num_statements": 3, "percent_covered": 100.0, "percent_covered_display": "100.00", "missing_lines": 0, "excluded_lines": 0, "percent_statements_covered": 100.0, "percent_statements_covered_display": "100.00"}, "missing_lines": [], "excluded_lines": []}, "get_tier_value": {"executed_lines": [99], "summary": {"covered_lines": 1, "num_statements": 1, "percent_covered": 100.0, "percent_covered_display": "100.00", "missing_lines": 0, "excluded_lines": 0, "percent_statements_covered": 100.0, "percent_statements_covered_display": "100.00"}, "missing_lines": [], "excluded_lines": []}, "get_highest_tier": {"executed_lines": [], "summary": {"covered_lines": 0, "num_statements": 3, "percent_covered": 0.0, "percent_covered_display": "0.00", "missing_lines": 3, "excluded_lines": 0, "percent_statements_covered": 0.0, "percent_statements_covered_display": "0.00"}, "missing_lines": [111, 112, 114], "excluded_lines": []}, "convert_tier_to_base_units": {"executed_lines": [130, 131, 132, 137, 138], "summary": {"covered_lines": 5, "num_statements": 5, "percent_covered": 100.0, "percent_covered_display": "100.00", "missing_lines": 0, "excluded_lines": 0, "percent_statements_covered": 100.0, "percent_statements_covered_display": "100.00"}, "missing_lines": [], "excluded_lines": []}, "convert_base_units_to_tier_count": {"executed_lines": [151, 152, 156, 157], "summary": {"covered_lines": 4, "num_statements": 5, "percent_covered": 80.0, "percent_covered_display": "80.00", "missing_lines": 1, "excluded_lines": 0, "percent_statements_covered": 80.0, "percent_statements_covered_display": "80.00"}, "missing_lines": [153], "excluded_lines": []}, "extract_base_code_and_tier": {"executed_lines": [170, 171, 172, 173, 175], "summary": {"covered_lines": 5, "num_statements": 5, "percent_covered": 100.0, "percent_covered_display": "100.00", "missing_lines": 0, "excluded_lines": 0, "percent_statements_covered": 100.0, "percent_statements_covered_display": "100.00"}, "missing_lines": [], "excluded_lines": []}, "count_achievements_with_tier_substitution": {"executed_lines": [200, 201, 211, 212, 213, 214, 216, 220, 231, 234, 235, 237, 238, 242, 243, 245, 246, 249, 252, 253, 254, 256], "summary": {"covered_lines": 22, "num_statements": 35, "percent_covered": 62.857142857142854, "percent_covered_display": "62.86", "missing_lines": 13, "excluded_lines": 0, "percent_statements_covered": 62.857142857142854, "percent_statements_covered_display": "62.86"}, "missing_lines": [203, 208, 217, 221, 222, 223, 224, 225, 226, 227, 228, 229, 239], "excluded_lines": []}, "": {"executed_lines": [1, 3, 6, 21, 30, 45, 54, 63, 75, 90, 102, 117, 141, 160, 178], "summary": {"covered_lines": 14, "num_statements": 14, "percent_covered": 100.0, "percent_covered_display": "100.00", "missing_lines": 0, "excluded_lines": 0, "percent_statements_covered": 100.0, "percent_statements_covered_display": "100.00"}, "missing_lines": [], "excluded_lines": []}}, "classes": {"": {"executed_lines": [1, 3, 6, 21, 30, 45, 51, 54, 60, 63, 72, 75, 85, 86, 87, 90, 99, 102, 117, 130, 131, 132, 137, 138, 141, 151, 152, 156, 157, 160, 170, 171, 172, 173, 175, 178, 200, 201, 211, 212, 213, 214, 216, 220, 231, 234, 235, 237, 238, 242, 243, 245, 246, 249, 252, 253, 254, 256], "summary": {"covered_lines": 57, "num_statements": 74, "percent_covered": 77.02702702702703, "percent_covered_display": "77.03", "missing_lines": 17, "excluded_lines": 0, "percent_statements_covered": 77.02702702702703, "percent_statements_covered_display": "77.03"}, "missing_lines": [111, 112, 114, 153, 203, 208, 217, 221, 222, 223, 224, 225, 226, 227, 228, 229, 239], "excluded_lines": []}}}}, "totals": {"covered_lines": 2366, "num_statements": 3811, "percent_covered": 62.083442665966935, "percent_covered_display": "62.08", "missing_lines": 1445, "excluded_lines": 18, "percent_statements_covered": 62.083442665966935, "percent_statements_covered_display": "62.08"}}