{"meta": {"format": 3, "version": "7.13.0", "timestamp": "2025-12-22T10:08:09.610109", "branch_coverage": false, "show_contexts": false}, "files": {"app/config/achievement_xp.py": {"executed_lines": [1, 12, 14, 17, 20, 23], "summary": {"covered_lines": 5, "num_statements": 5, "percent_covered": 100.0, "percent_covered_display": "100.00", "missing_lines": 0, "excluded_lines": 0, "percent_statements_covered": 100.0, "percent_statements_covered_display": "100.00"}, "missing_lines": [], "excluded_lines": [], "functions": {"": {"executed_lines": [1, 12, 14, 17, 20, 23], "summary": {"covered_lines": 5, "num_statements": 5, "percent_covered": 100.0, "percent_covered_display": "100.00", "missing_lines": 0, "excluded_lines": 0, "percent_statements_covered": 100.0, "percent_statements_covered_display": "100.00"}, "missing_lines": [], "excluded_lines": []}}, "classes": {"": {"executed_lines": [1, 12, 14, 17, 20, 23], "summary": {"covered_lines": 5, "num_statements": 5, "percent_covered": 100.0, "percent_covered_display": "100.00", "missing_lines": 0, "excluded_lines": 0, "percent_statements_covered": 100.0, "percent_statements_covered_display": "100.00"}, "missing_lines": [], "excluded_lines": []}}}, "app/config/achievements/accuracy.py": {"executed_lines": [1, 3, 5, 11, 13, 15, 29, 30, 31, 32, 34, 35, 37, 38, 40, 42, 47, 48, 50, 64, 67, 76, 79, 85, 86, 87, 88, 90, 91, 92, 94, 100, 114, 117, 118, 119], "summary": {"covered_lines": 35, "num_statements": 35, "percent_covered": 100.0, "percent_covered_display": "100.00", "missing_lines": 0, "excluded_lines": 0, "percent_statements_covered": 100.0, "percent_statements_covered_display": "100.00"}, "missing_lines": [], "excluded_lines": [], "functions": {"_generate_level_master_achievements": {"executed_lines": [13, 15, 29, 30, 31, 32, 34, 35, 37, 38, 40, 42, 47, 48, 50, 64], "summary": {"covered_lines": 16, "num_statements": 16, "percent_covered": 100.0, "percent_covered_display": "100.00", "missing_lines": 0, "excluded_lines": 0, "percent_statements_covered": 100.0, "percent_statements_covered_display": "100.00"}, "missing_lines": [], "excluded_lines": []}, "_generate_accuracy_ace_achievements": {"executed_lines": [76, 79, 85, 86, 87, 88, 90, 91, 92, 94, 100, 114], "summary": {"covered_lines": 12, "num_statements": 12, "percent_covered": 100.0, "percent_covered_display": "100.00", "missing_lines": 0, "excluded_lines": 0, "percent_statements_covered": 100.0, "percent_statements_covered_display": "100.00"}, "missing_lines": [], "excluded_lines": []}, "": {"executed_lines": [1, 3, 5, 11, 67, 117, 118, 119], "summary": {"covered_lines": 7, "num_statements": 7, "percent_covered": 100.0, "percent_covered_display": "100.00", "missing_lines": 0, "excluded_lines": 0, "percent_statements_covered": 100.0, "percent_statements_covered_display": "100.00"}, "missing_lines": [], "excluded_lines": []}}, "classes": {"": {"executed_lines": [1, 3, 5, 11, 13, 15, 29, 30, 31, 32, 34, 35, 37, 38, 40, 42, 47, 48, 50, 64, 67, 76, 79, 85, 86, 87, 88, 90, 91, 92, 94, 100, 114, 117, 118, 119], "summary": {"covered_lines": 35, "num_statements": 35, "percent_covered": 100.0, "percent_covered_display": "100.00", "missing_lines": 0, "excluded_lines": 0, "percent_statements_covered": 100.0, "percent_statements_covered_display": "100.00"}, "missing_lines": [], "excluded_lines": []}}}, "app/config/achievements/consistency.py": {"executed_lines": [1, 3, 9], "summary": {"covered_lines": 2, "num_statements": 2, "percent_covered": 100.0, "percent_covered_display": "100.00", "missing_lines": 0, "excluded_lines": 0, "percent_statements_covered": 100.0, "percent_statements_covered_display": "100.00"}, "missing_lines": [], "excluded_lines": [], "functions": {"": {"executed_lines": [1, 3, 9], "summary": {"covered_lines": 2, "num_statements": 2, "percent_covered": 100.0, "percent_covered_display": "100.00", "missing_lines": 0, "excluded_lines": 0, "percent_statements_covered": 100.0, "percent_statements_covered_display": "100.00"}, "missing_lines": [], "excluded_lines": []}}, "classes": {"": {"executed_lines": [1, 3, 9], "summary": {"covered_lines": 2, "num_statements": 2, "percent_covered": 100.0, "percent_covered_display": "100.00", "missing_lines": 0, "excluded_lines": 0, "percent_statements_covered": 100.0, "percent_statements_covered_display": "100.00"}, "missing_lines": [], "excluded_lines": []}}}, "app/config/achievements/milestone.py": {"executed_lines": [1, 3, 5, 8, 45, 47, 49, 63, 64, 65, 66, 68, 69, 71, 72, 74, 76, 81, 82, 84, 98, 101, 103, 105, 119, 120, 121, 122, 124, 125, 127, 128, 130, 132, 137, 138, 140, 154, 157, 159, 161, 175, 176, 177, 178, 180, 181, 183, 184, 186, 188, 194, 195, 197, 211, 214, 228, 230, 244, 245, 246, 247, 249, 250, 252, 253, 255, 257, 262, 263, 265, 279, 282, 288, 290, 291, 292, 294, 299, 313, 316, 324, 326, 327, 328, 329, 330, 332, 337, 351, 354, 359, 362, 363, 364, 366, 371, 386, 387, 388, 390, 395, 409, 412, 418, 420, 434, 435, 436, 437, 439, 440, 442, 443, 445, 447, 452, 453, 455, 469, 472, 477, 479, 493, 494, 495, 496, 498, 499, 501, 502, 504, 506, 511, 512, 514, 528, 532, 533, 534, 535, 536, 537, 538, 539, 540], "summary": {"covered_lines": 145, "num_statements": 145, "percent_covered": 100.0, "percent_covered_display": "100.00", "missing_lines": 0, "excluded_lines": 0, "percent_statements_covered": 100.0, "percent_statements_covered_display": "100.00"}, "missing_lines": [], "excluded_lines": [], "functions": {"_generate_week_warrior_achievements": {"executed_lines": [47, 49, 63, 64, 65, 66, 68, 69, 71, 72, 74, 76, 81, 82, 84, 98], "summary": {"covered_lines": 16, "num_statements": 16, "percent_covered": 100.0, "percent_covered_display": "100.00", "missing_lines": 0, "excluded_lines": 0, "percent_statements_covered": 100.0, "percent_statements_covered_display": "100.00"}, "missing_lines": [], "excluded_lines": []}, "_generate_question_master_achievements": {"executed_lines": [103, 105, 119, 120, 121, 122, 124, 125, 127, 128, 130, 132, 137, 138, 140, 154], "summary": {"covered_lines": 16, "num_statements": 16, "percent_covered": 100.0, "percent_covered_display": "100.00", "missing_lines": 0, "excluded_lines": 0, "percent_statements_covered": 100.0, "percent_statements_covered_display": "100.00"}, "missing_lines": [], "excluded_lines": []}, "_generate_speed_demon_achievements": {"executed_lines": [159, 161, 175, 176, 177, 178, 180, 181, 183, 184, 186, 188, 194, 195, 197, 211], "summary": {"covered_lines": 16, "num_statements": 16, "percent_covered": 100.0, "percent_covered_display": "100.00", "missing_lines": 0, "excluded_lines": 0, "percent_statements_covered": 100.0, "percent_statements_covered_display": "100.00"}, "missing_lines": [], "excluded_lines": []}, "_generate_perfect_streak_achievements": {"executed_lines": [228, 230, 244, 245, 246, 247, 249, 250, 252, 253, 255, 257, 262, 263, 265, 279], "summary": {"covered_lines": 16, "num_statements": 16, "percent_covered": 100.0, "percent_covered_display": "100.00", "missing_lines": 0, "excluded_lines": 0, "percent_statements_covered": 100.0, "percent_statements_covered_display": "100.00"}, "missing_lines": [], "excluded_lines": []}, "_generate_level_grandmaster_achievements": {"executed_lines": [288, 290, 291, 292, 294, 299, 313], "summary": {"covered_lines": 7, "num_statements": 7, "percent_covered": 100.0, "percent_covered_display": "100.00", "missing_lines": 0, "excluded_lines": 0, "percent_statements_covered": 100.0, "percent_statements_covered_display": "100.00"}, "missing_lines": [], "excluded_lines": []}, "_generate_so_wow_achievements": {"executed_lines": [324, 326, 327, 328, 329, 330, 332, 337, 351], "summary": {"covered_lines": 9, "num_statements": 9, "percent_covered": 100.0, "percent_covered_display": "100.00", "missing_lines": 0, "excluded_lines": 0, "percent_statements_covered": 100.0, "percent_statements_covered_display": "100.00"}, "missing_lines": [], "excluded_lines": []}, "_generate_human_calculator_achievements": {"executed_lines": [359, 362, 363, 364, 366, 371, 386, 387, 388, 390, 395, 409], "summary": {"covered_lines": 12, "num_statements": 12, "percent_covered": 100.0, "percent_covered_display": "100.00", "missing_lines": 0, "excluded_lines": 0, "percent_statements_covered": 100.0, "percent_statements_covered_display": "100.00"}, "missing_lines": [], "excluded_lines": []}, "_generate_master_of_times_tables_achievements": {"executed_lines": [418, 420, 434, 435, 436, 437, 439, 440, 442, 443, 445, 447, 452, 453, 455, 469], "summary": {"covered_lines": 16, "num_statements": 16, "percent_covered": 100.0, "percent_covered_display": "100.00", "missing_lines": 0, "excluded_lines": 0, "percent_statements_covered": 100.0, "percent_statements_covered_display": "100.00"}, "missing_lines": [], "excluded_lines": []}, "_generate_master_of_division_tables_achievements": {"executed_lines": [477, 479, 493, 494, 495, 496, 498, 499, 501, 502, 504, 506, 511, 512, 514, 528], "summary": {"covered_lines": 16, "num_statements": 16, "percent_covered": 100.0, "percent_covered_display": "100.00", "missing_lines": 0, "excluded_lines": 0, "percent_statements_covered": 100.0, "percent_statements_covered_display": "100.00"}, "missing_lines": [], "excluded_lines": []}, "": {"executed_lines": [1, 3, 5, 8, 45, 101, 157, 214, 282, 316, 354, 412, 472, 532, 533, 534, 535, 536, 537, 538, 539, 540], "summary": {"covered_lines": 21, "num_statements": 21, "percent_covered": 100.0, "percent_covered_display": "100.00", "missing_lines": 0, "excluded_lines": 0, "percent_statements_covered": 100.0, "percent_statements_covered_display": "100.00"}, "missing_lines": [], "excluded_lines": []}}, "classes": {"": {"executed_lines": [1, 3, 5, 8, 45, 47, 49, 63, 64, 65, 66, 68, 69, 71, 72, 74, 76, 81, 82, 84, 98, 101, 103, 105, 119, 120, 121, 122, 124, 125, 127, 128, 130, 132, 137, 138, 140, 154, 157, 159, 161, 175, 176, 177, 178, 180, 181, 183, 184, 186, 188, 194, 195, 197, 211, 214, 228, 230, 244, 245, 246, 247, 249, 250, 252, 253, 255, 257, 262, 263, 265, 279, 282, 288, 290, 291, 292, 294, 299, 313, 316, 324, 326, 327, 328, 329, 330, 332, 337, 351, 354, 359, 362, 363, 364, 366, 371, 386, 387, 388, 390, 395, 409, 412, 418, 420, 434, 435, 436, 437, 439, 440, 442, 443, 445, 447, 452, 453, 455, 469, 472, 477, 479, 493, 494, 495, 496, 498, 499, 501, 502, 504, 506, 511, 512, 514, 528, 532, 533, 534, 535, 536, 537, 538, 539, 540], "summary": {"covered_lines": 145, "num_statements": 145, "percent_covered": 100.0, "percent_covered_display": "100.00", "missing_lines": 0, "excluded_lines": 0, "percent_statements_covered": 100.0, "percent_statements_covered_display": "100.00"}, "missing_lines": [], "excluded_lines": []}}}, "app/config/achievements/progression.py": {"executed_lines": [1, 8, 10], "summary": {"covered_lines": 2, "num_statements": 2, "percent_covered": 100.0, "percent_covered_display": "100.00", "missing_lines": 0, "excluded_lines": 0, "percent_statements_covered": 100.0, "percent_statements_covered_display": "100.00"}, "missing_lines": [], "excluded_lines": [], "functions": {"": {"executed_lines": [1, 8, 10], "summary": {"covered_lines": 2, "num_statements": 2, "percent_covered": 100.0, "percent_covered_display": "100.00", "missing_lines": 0, "excluded_lines": 0, "percent_statements_covered": 100.0, "percent_statements_covered_display": "100.00"}, "missing_lines": [], "excluded_lines": []}}, "classes": {"": {"executed_lines": [1, 8, 10], "summary": {"covered_lines": 2, "num_statements": 2, "percent_covered": 100.0, "percent_covered_display": "100.00", "missing_lines": 0, "excluded_lines": 0, "percent_statements_covered": 100.0, "percent_statements_covered_display": "100.00"}, "missing_lines": [], "excluded_lines": []}}}, "app/config/achievements/speed.py": {"executed_lines": [1, 3, 5, 9, 11, 13, 27, 28, 29, 30, 32, 33, 35, 36, 38, 40, 46, 47, 49, 63, 66, 67], "summary": {"covered_lines": 21, "num_statements": 21, "percent_covered": 100.0, "percent_covered_display": "100.00", "missing_lines": 0, "excluded_lines": 0, "percent_statements_covered": 100.0, "percent_statements_covered_display": "100.00"}, "missing_lines": [], "excluded_lines": [], "functions": {"_generate_lightning_fast_achievements": {"executed_lines": [11, 13, 27, 28, 29, 30, 32, 33, 35, 36, 38, 40, 46, 47, 49, 63], "summary": {"covered_lines": 16, "num_statements": 16, "percent_covered": 100.0, "percent_covered_display": "100.00", "missing_lines": 0, "excluded_lines": 0, "percent_statements_covered": 100.0, "percent_statements_covered_display": "100.00"}, "missing_lines": [], "excluded_lines": []}, "": {"executed_lines": [1, 3, 5, 9, 66, 67], "summary": {"covered_lines": 5, "num_statements": 5, "percent_covered": 100.0, "percent_covered_display": "100.00", "missing_lines": 0, "excluded_lines": 0, "percent_statements_covered": 100.0, "percent_statements_covered_display": "100.00"}, "missing_lines": [], "excluded_lines": []}}, "classes": {"": {"executed_lines": [1, 3, 5, 9, 11, 13, 27, 28, 29, 30, 32, 33, 35, 36, 38, 40, 46, 47, 49, 63, 66, 67], "summary": {"covered_lines": 21, "num_statements": 21, "percent_covered": 100.0, "percent_covered_display": "100.00", "missing_lines": 0, "excluded_lines": 0, "percent_statements_covered": 100.0, "percent_statements_covered_display": "100.00"}, "missing_lines": [], "excluded_lines": []}}}, "app/config/achievements_config.py": {"executed_lines": [], "summary": {"covered_lines": 0, "num_statements": 5, "percent_covered": 0.0, "percent_covered_display": "0.00", "missing_lines": 5, "excluded_lines": 0, "percent_statements_covered": 0.0, "percent_statements_covered_display": "0.00"}, "missing_lines": [7, 8, 11, 14, 17], "excluded_lines": [], "functions": {"": {"executed_lines": [], "summary": {"covered_lines": 0, "num_statements": 5, "percent_covered": 0.0, "percent_covered_display": "0.00", "missing_lines": 5, "excluded_lines": 0, "percent_statements_covered": 0.0, "percent_statements_covered_display": "0.00"}, "missing_lines": [7, 8, 11, 14, 17], "excluded_lines": []}}, "classes": {"": {"executed_lines": [], "summary": {"covered_lines": 0, "num_statements": 5, "percent_covered": 0.0, "percent_covered_display": "0.00", "missing_lines": 5, "excluded_lines": 0, "percent_statements_covered": 0.0, "percent_statements_covered_display": "0.00"}, "missing_lines": [7, 8, 11, 14, 17], "excluded_lines": []}}}, "app/config/concept_unlock_requirements.py": {"executed_lines": [1, 7, 9, 12, 15], "summary": {"covered_lines": 4, "num_statements": 4, "percent_covered": 100.0, "percent_covered_display": "100.00", "missing_lines": 0, "excluded_lines": 0, "percent_statements_covered": 100.0, "percent_statements_covered_display": "100.00"}, "missing_lines": [], "excluded_lines": [], "functions": {"": {"executed_lines": [1, 7, 9, 12, 15], "summary": {"covered_lines": 4, "num_statements": 4, "percent_covered": 100.0, "percent_covered_display": "100.00", "missing_lines": 0, "excluded_lines": 0, "percent_statements_covered": 100.0, "percent_statements_covered_display": "100.00"}, "missing_lines": [], "excluded_lines": []}}, "classes": {"": {"executed_lines": [1, 7, 9, 12, 15], "summary": {"covered_lines": 4, "num_statements": 4, "percent_covered": 100.0, "percent_covered_display": "100.00", "missing_lines": 0, "excluded_lines": 0, "percent_statements_covered": 100.0, "percent_statements_covered_display": "100.00"}, "missing_lines": [], "excluded_lines": []}}}, "app/config/concept_xp.py": {"executed_lines": [1, 8, 11], "summary": {"covered_lines": 2, "num_statements": 2, "percent_covered": 100.0, "percent_covered_display": "100.00", "missing_lines": 0, "excluded_lines": 0, "percent_statements_covered": 100.0, "percent_statements_covered_display": "100.00"}, "missing_lines": [], "excluded_lines": [], "functions": {"": {"executed_lines": [1, 8, 11], "summary": {"covered_lines": 2, "num_statements": 2, "percent_covered": 100.0, "percent_covered_display": "100.00", "missing_lines": 0, "excluded_lines": 0, "percent_statements_covered": 100.0, "percent_statements_covered_display": "100.00"}, "missing_lines": [], "excluded_lines": []}}, "classes": {"": {"executed_lines": [1, 8, 11], "summary": {"covered_lines": 2, "num_statements": 2, "percent_covered": 100.0, "percent_covered_display": "100.00", "missing_lines": 0, "excluded_lines": 0, "percent_statements_covered": 100.0, "percent_statements_covered_display": "100.00"}, "missing_lines": [], "excluded_lines": []}}}, "app/config/concepts_config.py": {"executed_lines": [1, 10, 12, 14, 17, 24, 36, 37, 47, 72, 73, 83, 91, 92, 102], "summary": {"covered_lines": 14, "num_statements": 14, "percent_covered": 100.0, "percent_covered_display": "100.00", "missing_lines": 0, "excluded_lines": 0, "percent_statements_covered": 100.0, "percent_statements_covered_display": "100.00"}, "missing_lines": [], "excluded_lines": [], "functions": {"_addition_fixed_addend": {"executed_lines": [37], "summary": {"covered_lines": 1, "num_statements": 1, "percent_covered": 100.0, "percent_covered_display": "100.00", "missing_lines": 0, "excluded_lines": 0, "percent_statements_covered": 100.0, "percent_statements_covered_display": "100.00"}, "missing_lines": [], "excluded_lines": []}, "_multiplication_table": {"executed_lines": [73], "summary": {"covered_lines": 1, "num_statements": 1, "percent_covered": 100.0, "percent_covered_display": "100.00", "missing_lines": 0, "excluded_lines": 0, "percent_statements_covered": 100.0, "percent_statements_covered_display": "100.00"}, "missing_lines": [], "excluded_lines": []}, "_subtraction_fixed_subtrahend": {"executed_lines": [92], "summary": {"covered_lines": 1, "num_statements": 1, "percent_covered": 100.0, "percent_covered_display": "100.00", "missing_lines": 0, "excluded_lines": 0, "percent_statements_covered": 100.0, "percent_statements_covered_display": "100.00"}, "missing_lines": [], "excluded_lines": []}, "": {"executed_lines": [1, 10, 12, 14, 17, 24, 36, 47, 72, 83, 91, 102], "summary": {"covered_lines": 11, "num_statements": 11, "percent_covered": 100.0, "percent_covered_display": "100.00", "missing_lines": 0, "excluded_lines": 0, "percent_statements_covered": 100.0, "percent_statements_covered_display": "100.00"}, "missing_lines": [], "excluded_lines": []}}, "classes": {"": {"executed_lines": [1, 10, 12, 14, 17, 24, 36, 37, 47, 72, 73, 83, 91, 92, 102], "summary": {"covered_lines": 14, "num_statements": 14, "percent_covered": 100.0, "percent_covered_display": "100.00", "missing_lines": 0, "excluded_lines": 0, "percent_statements_covered": 100.0, "percent_statements_covered_display": "100.00"}, "missing_lines": [], "excluded_lines": []}}}, "app/config/legacy_test_type_to_level.py": {"executed_lines": [1, 10, 12], "summary": {"covered_lines": 2, "num_statements": 2, "percent_covered": 100.0, "percent_covered_display": "100.00", "missing_lines": 0, "excluded_lines": 0, "percent_statements_covered": 100.0, "percent_statements_covered_display": "100.00"}, "missing_lines": [], "excluded_lines": [], "functions": {"": {"executed_lines": [1, 10, 12], "summary": {"covered_lines": 2, "num_statements": 2, "percent_covered": 100.0, "percent_covered_display": "100.00", "missing_lines": 0, "excluded_lines": 0, "percent_statements_covered": 100.0, "percent_statements_covered_display": "100.00"}, "missing_lines": [], "excluded_lines": []}}, "classes": {"": {"executed_lines": [1, 10, 12], "summary": {"covered_lines": 2, "num_statements": 2, "percent_covered": 100.0, "percent_covered_display": "100.00", "missing_lines": 0, "excluded_lines": 0, "percent_statements_covered": 100.0, "percent_statements_covered_display": "100.00"}, "missing_lines": [], "excluded_lines": []}}}, "app/config/level_progression_config.py": {"executed_lines": [1, 3, 9], "summary": {"covered_lines": 2, "num_statements": 2, "percent_covered": 100.0, "percent_covered_display": "100.00", "missing_lines": 0, "excluded_lines": 0, "percent_statements_covered": 100.0, "percent_statements_covered_display": "100.00"}, "missing_lines": [], "excluded_lines": [], "functions": {"": {"executed_lines": [1, 3, 9], "summary": {"covered_lines": 2, "num_statements": 2, "percent_covered": 100.0, "percent_covered_display": "100.00", "missing_lines": 0, "excluded_lines": 0, "percent_statements_covered": 100.0, "percent_statements_covered_display": "100.00"}, "missing_lines": [], "excluded_lines": []}}, "classes": {"": {"executed_lines": [1, 3, 9], "summary": {"covered_lines": 2, "num_statements": 2, "percent_covered": 100.0, "percent_covered_display": "100.00", "missing_lines": 0, "excluded_lines": 0, "percent_statements_covered": 100.0, "percent_statements_covered_display": "100.00"}, "missing_lines": [], "excluded_lines": []}}}, "app/config/levels_config.py": {"executed_lines": [1, 3, 6], "summary": {"covered_lines": 2, "num_statements": 2, "percent_covered": 100.0, "percent_covered_display": "100.00", "missing_lines": 0, "excluded_lines": 0, "percent_statements_covered": 100.0, "percent_statements_covered_display": "100.00"}, "missing_lines": [], "excluded_lines": [], "functions": {"": {"executed_lines": [1, 3, 6], "summary": {"covered_lines": 2, "num_statements": 2, "percent_covered": 100.0, "percent_covered_display": "100.00", "missing_lines": 0, "excluded_lines": 0, "percent_statements_covered": 100.0, "percent_statements_covered_display": "100.00"}, "missing_lines": [], "excluded_lines": []}}, "classes": {"": {"executed_lines": [1, 3, 6], "summary": {"covered_lines": 2, "num_statements": 2, "percent_covered": 100.0, "percent_covered_display": "100.00", "missing_lines": 0, "excluded_lines": 0, "percent_statements_covered": 100.0, "percent_statements_covered_display": "100.00"}, "missing_lines": [], "excluded_lines": []}}}, "app/config/xp_table.py": {"executed_lines": [1, 7, 9, 111], "summary": {"covered_lines": 3, "num_statements": 3, "percent_covered": 100.0, "percent_covered_display": "100.00", "missing_lines": 0, "excluded_lines": 0, "percent_statements_covered": 100.0, "percent_statements_covered_display": "100.00"}, "missing_lines": [], "excluded_lines": [], "functions": {"": {"executed_lines": [1, 7, 9, 111], "summary": {"covered_lines": 3, "num_statements": 3, "percent_covered": 100.0, "percent_covered_display": "100.00", "missing_lines": 0, "excluded_lines": 0, "percent_statements_covered": 100.0, "percent_statements_covered_display": "100.00"}, "missing_lines": [], "excluded_lines": []}}, "classes": {"": {"executed_lines": [1, 7, 9, 111], "summary": {"covered_lines": 3, "num_statements": 3, "percent_covered": 100.0, "percent_covered_display": "100.00", "missing_lines": 0, "excluded_lines": 0, "percent_statements_covered": 100.0, "percent_statements_covered_display": "100.00"}, "missing_lines": [], "excluded_lines": []}}}, "app/database.py": {"executed_lines": [1, 3, 5, 6, 7, 8, 9, 10, 12, 13, 14, 15, 17, 19, 21, 24, 25, 27, 28, 30, 37, 38, 44, 45, 50, 51, 56, 57, 61, 64, 67, 68, 69, 70, 72, 73, 74, 75, 76, 77, 78, 85, 86, 87, 91, 93, 96, 97, 100, 101, 102, 103, 104, 111, 112, 119, 124, 126, 128, 177, 178, 182, 183, 187, 188, 192, 193, 197, 198, 202, 203, 208, 209, 210, 215, 216, 221, 222, 223, 224, 225, 228, 229, 230, 231, 234, 235, 238, 239, 240, 242, 243, 246, 253, 254, 258, 259, 265, 266], "summary": {"covered_lines": 98, "num_statements": 157, "percent_covered": 62.4203821656051, "percent_covered_display": "62.42", "missing_lines": 59, "excluded_lines": 0, "percent_statements_covered": 62.4203821656051, "percent_statements_covered_display": "62.42"}, "missing_lines": [31, 32, 39, 41, 46, 47, 52, 53, 58, 59, 79, 80, 84, 105, 106, 107, 108, 114, 115, 116, 121, 129, 130, 145, 148, 149, 150, 151, 152, 153, 156, 157, 160, 161, 164, 165, 166, 167, 168, 169, 172, 179, 180, 184, 185, 189, 190, 194, 195, 199, 200, 204, 205, 212, 232, 241, 261, 262, 263], "excluded_lines": [], "functions": {"set_sqlite_pragma": {"executed_lines": [27, 28, 30, 37, 38, 44, 45, 50, 51, 56, 57, 61], "summary": {"covered_lines": 12, "num_statements": 22, "percent_covered": 54.54545454545455, "percent_covered_display": "54.55", "missing_lines": 10, "excluded_lines": 0, "percent_statements_covered": 54.54545454545455, "percent_statements_covered_display": "54.55"}, "missing_lines": [31, 32, 39, 41, 46, 47, 52, 53, 58, 59], "excluded_lines": []}, "log_query": {"executed_lines": [67, 68, 93], "summary": {"covered_lines": 3, "num_statements": 3, "percent_covered": 100.0, "percent_covered_display": "100.00", "missing_lines": 0, "excluded_lines": 0, "percent_statements_covered": 100.0, "percent_statements_covered_display": "100.00"}, "missing_lines": [], "excluded_lines": []}, "log_query.wrapper": {"executed_lines": [69, 70, 72, 73, 74, 75, 76, 77, 78, 85, 86, 87, 91], "summary": {"covered_lines": 13, "num_statements": 16, "percent_covered": 81.25, "percent_covered_display": "81.25", "missing_lines": 3, "excluded_lines": 0, "percent_statements_covered": 81.25, "percent_statements_covered_display": "81.25"}, "missing_lines": [79, 80, 84], "excluded_lines": []}, "transaction": {"executed_lines": [100, 101, 102, 103, 104], "summary": {"covered_lines": 5, "num_statements": 9, "percent_covered": 55.55555555555556, "percent_covered_display": "55.56", "missing_lines": 4, "excluded_lines": 0, "percent_statements_covered": 55.55555555555556, "percent_statements_covered_display": "55.56"}, "missing_lines": [105, 106, 107, 108], "excluded_lines": []}, "execute_query": {"executed_lines": [], "summary": {"covered_lines": 0, "num_statements": 3, "percent_covered": 0.0, "percent_covered_display": "0.00", "missing_lines": 3, "excluded_lines": 0, "percent_statements_covered": 0.0, "percent_statements_covered_display": "0.00"}, "missing_lines": [114, 115, 116], "excluded_lines": []}, "get_session": {"executed_lines": [], "summary": {"covered_lines": 0, "num_statements": 1, "percent_covered": 0.0, "percent_covered_display": "0.00", "missing_lines": 1, "excluded_lines": 0, "percent_statements_covered": 0.0, "percent_statements_covered_display": "0.00"}, "missing_lines": [121], "excluded_lines": []}, "init_db": {"executed_lines": [126, 128, 177, 178, 182, 183, 187, 188, 192, 193, 197, 198, 202, 203, 208, 209, 210, 215, 216, 221, 222, 223, 224, 225, 228, 229, 230, 231, 234, 235, 238, 239, 240, 242, 243, 246, 253, 254, 258, 259, 265, 266], "summary": {"covered_lines": 42, "num_statements": 80, "percent_covered": 52.5, "percent_covered_display": "52.50", "missing_lines": 38, "excluded_lines": 0, "percent_statements_covered": 52.5, "percent_statements_covered_display": "52.50"}, "missing_lines": [129, 130, 145, 148, 149, 150, 151, 152, 153, 156, 157, 160, 161, 164, 165, 166, 167, 168, 169, 172, 179, 180, 184, 185, 189, 190, 194, 195, 199, 200, 204, 205, 212, 232, 241, 261, 262, 263], "excluded_lines": []}, "": {"executed_lines": [1, 3, 5, 6, 7, 8, 9, 10, 12, 13, 14, 15, 17, 19, 21, 24, 25, 64, 96, 97, 111, 112, 119, 124], "summary": {"covered_lines": 23, "num_statements": 23, "percent_covered": 100.0, "percent_covered_display": "100.00", "missing_lines": 0, "excluded_lines": 0, "percent_statements_covered": 100.0, "percent_statements_covered_display": "100.00"}, "missing_lines": [], "excluded_lines": []}}, "classes": {"": {"executed_lines": [1, 3, 5, 6, 7, 8, 9, 10, 12, 13, 14, 15, 17, 19, 21, 24, 25, 27, 28, 30, 37, 38, 44, 45, 50, 51, 56, 57, 61, 64, 67, 68, 69, 70, 72, 73, 74, 75, 76, 77, 78, 85, 86, 87, 91, 93, 96, 97, 100, 101, 102, 103, 104, 111, 112, 119, 124, 126, 128, 177, 178, 182, 183, 187, 188, 192, 193, 197, 198, 202, 203, 208, 209, 210, 215, 216, 221, 222, 223, 224, 225, 228, 229, 230, 231, 234, 235, 238, 239, 240, 242, 243, 246, 253, 254, 258, 259, 265, 266], "summary": {"covered_lines": 98, "num_statements": 157, "percent_covered": 62.4203821656051, "percent_covered_display": "62.42", "missing_lines": 59, "excluded_lines": 0, "percent_statements_covered": 62.4203821656051, "percent_statements_covered_display": "62.42"}, "missing_lines": [31, 32, 39, 41, 46, 47, 52, 53, 58, 59, 79, 80, 84, 105, 106, 107, 108, 114, 115, 116, 121, 129, 130, 145, 148, 149, 150, 151, 152, 153, 156, 157, 160, 161, 164, 165, 166, 167, 168, 169, 172, 179, 180, 184, 185, 189, 190, 194, 195, 199, 200, 204, 205, 212, 232, 241, 261, 262, 263], "excluded_lines": []}}}, "app/models.py": {"executed_lines": [1, 3, 5, 7, 10, 11, 13, 14, 15, 17, 18, 20, 21, 22, 24, 25, 31, 32, 33, 36, 37, 39, 40, 41, 42, 43, 44, 45, 46, 47, 48, 49, 50, 52, 53, 54, 57, 58, 60, 61, 62, 63, 64, 65, 66, 67, 68, 69, 70, 71, 72, 73, 74, 75, 76, 78, 79, 82, 83, 85, 86, 87, 88, 89, 90, 91, 92, 93, 94, 96, 97, 98, 101, 102, 104, 105, 106, 107, 108, 109, 110, 111, 112, 113, 115, 119, 120, 123, 124, 126, 127, 128, 129, 130, 131, 133, 135, 136, 137, 140, 141, 143, 144, 145, 146, 147, 148, 149, 150, 151, 153, 155, 158, 159, 161, 162, 163, 164, 165, 167, 170, 171, 173, 174, 175, 176, 177, 178, 179, 180, 181, 182, 183, 185, 188, 189, 191, 192, 193, 194, 195, 196, 197, 199, 200], "summary": {"covered_lines": 145, "num_statements": 145, "percent_covered": 100.0, "percent_covered_display": "100.00", "missing_lines": 0, "excluded_lines": 0, "percent_statements_covered": 100.0, "percent_statements_covered_display": "100.00"}, "missing_lines": [], "excluded_lines": [], "functions": {"": {"executed_lines": [1, 3, 5, 7, 10, 11, 13, 14, 15, 17, 18, 20, 21, 22, 24, 25, 31, 32, 33, 36, 37, 39, 40, 41, 42, 43, 44, 45, 46, 47, 48, 49, 50, 52, 53, 54, 57, 58, 60, 61, 62, 63, 64, 65, 66, 67, 68, 69, 70, 71, 72, 73, 74, 75, 76, 78, 79, 82, 83, 85, 86, 87, 88, 89, 90, 91, 92, 93, 94, 96, 97, 98, 101, 102, 104, 105, 106, 107, 108, 109, 110, 111, 112, 113, 115, 119, 120, 123, 124, 126, 127, 128, 129, 130, 131, 133, 135, 136, 137, 140, 141, 143, 144, 145, 146, 147, 148, 149, 150, 151, 153, 155, 158, 159, 161, 162, 163, 164, 165, 167, 170, 171, 173, 174, 175, 176, 177, 178, 179, 180, 181, 182, 183, 185, 188, 189, 191, 192, 193, 194, 195, 196, 197, 199, 200], "summary": {"covered_lines": 145, "num_statements": 145, "percent_covered": 100.0, "percent_covered_display": "100.00", "missing_lines": 0, "excluded_lines": 0, "percent_statements_covered": 100.0, "percent_statements_covered_display": "100.00"}, "missing_lines": [], "excluded_lines": []}}, "classes": {"User": {"executed_lines": [], "summary": {"covered_lines": 0, "num_statements": 0, "percent_covered": 100.0, "percent_covered_display": "100.00", "missing_lines": 0, "excluded_lines": 0, "percent_statements_covered": 100.0, "percent_statements_covered_display": "100.00"}, "missing_lines": [], "excluded_lines": []}, "PracticeSession": {"executed_lines": [], "summary": {"covered_lines": 0, "num_statements": 0, "percent_covered": 100.0, "percent_covered_display": "100.00", "missing_lines": 0, "excluded_lines": 0, "percent_statements_covered": 100.0, "percent_statements_covered_display": "100.00"}, "missing_lines": [], "excluded_lines": []}, "Question": {"executed_lines": [], "summary": {"covered_lines": 0, "num_statements": 0, "percent_covered": 100.0, "percent_covered_display": "100.00", "missing_lines": 0, "excluded_lines": 0, "percent_statements_covered": 100.0, "percent_statements_covered_display": "100.00"}, "missing_lines": [], "excluded_lines": []}, "Response": {"executed_lines": [], "summary": {"covered_lines": 0, "num_statements": 0, "percent_covered": 100.0, "percent_covered_display": "100.00", "missing_lines": 0, "excluded_lines": 0, "percent_statements_covered": 100.0, "percent_statements_covered_display": "100.00"}, "missing_lines": [], "excluded_lines": []}, "Achievement": {"executed_lines": [], "summary": {"covered_lines": 0, "num_statements": 0, "percent_covered": 100.0, "percent_covered_display": "100.00", "missing_lines": 0, "excluded_lines": 0, "percent_statements_covered": 100.0, "percent_statements_covered_display": "100.00"}, "missing_lines": [], "excluded_lines": []}, "FlaggedQuestion": {"executed_lines": [], "summary": {"covered_lines": 0, "num_statements": 0, "percent_covered": 100.0, "percent_covered_display": "100.00", "missing_lines": 0, "excluded_lines": 0, "percent_statements_covered": 100.0, "percent_statements_covered_display": "100.00"}, "missing_lines": [], "excluded_lines": []}, "DailyStat": {"executed_lines": [], "summary": {"covered_lines": 0, "num_statements": 0, "percent_covered": 100.0, "percent_covered_display": "100.00", "missing_lines": 0, "excluded_lines": 0, "percent_statements_covered": 100.0, "percent_statements_covered_display": "100.00"}, "missing_lines": [], "excluded_lines": []}, "LevelProgression": {"executed_lines": [], "summary": {"covered_lines": 0, "num_statements": 0, "percent_covered": 100.0, "percent_covered_display": "100.00", "missing_lines": 0, "excluded_lines": 0, "percent_statements_covered": 100.0, "percent_statements_covered_display": "100.00"}, "missing_lines": [], "excluded_lines": []}, "LevelProblemConfig": {"executed_lines": [], "summary": {"covered_lines": 0, "num_statements": 0, "percent_covered": 100.0, "percent_covered_display": "100.00", "missing_lines": 0, "excluded_lines": 0, "percent_statements_covered": 100.0, "percent_statements_covered_display": "100.00"}, "missing_lines": [], "excluded_lines": []}, "ServerRecord": {"executed_lines": [], "summary": {"covered_lines": 0, "num_statements": 0, "percent_covered": 100.0, "percent_covered_display": "100.00", "missing_lines": 0, "excluded_lines": 0, "percent_statements_covered": 100.0, "percent_statements_covered_display": "100.00"}, "missing_lines": [], "excluded_lines": []}, "": {"executed_lines": [1, 3, 5, 7, 10, 11, 13, 14, 15, 17, 18, 20, 21, 22, 24, 25, 31, 32, 33, 36, 37, 39, 40, 41, 42, 43, 44, 45, 46, 47, 48, 49, 50, 52, 53, 54, 57, 58, 60, 61, 62, 63, 64, 65, 66, 67, 68, 69, 70, 71, 72, 73, 74, 75, 76, 78, 79, 82, 83, 85, 86, 87, 88, 89, 90, 91, 92, 93, 94, 96, 97, 98, 101, 102, 104, 105, 106, 107, 108, 109, 110, 111, 112, 113, 115, 119, 120, 123, 124, 126, 127, 128, 129, 130, 131, 133, 135, 136, 137, 140, 141, 143, 144, 145, 146, 147, 148, 149, 150, 151, 153, 155, 158, 159, 161, 162, 163, 164, 165, 167, 170, 171, 173, 174, 175, 176, 177, 178, 179, 180, 181, 182, 183, 185, 188, 189, 191, 192, 193, 194, 195, 196, 197, 199, 200], "summary": {"covered_lines": 145, "num_statements": 145, "percent_covered": 100.0, "percent_covered_display": "100.00", "missing_lines": 0, "excluded_lines": 0, "percent_statements_covered": 100.0, "percent_statements_covered_display": "100.00"}, "missing_lines": [], "excluded_lines": []}}}, "app/routes/achievements.py": {"executed_lines": [1, 3, 5, 7, 8, 9, 10, 11, 13, 16, 17, 73, 74, 98, 99], "summary": {"covered_lines": 14, "num_statements": 49, "percent_covered": 28.571428571428573, "percent_covered_display": "28.57", "missing_lines": 35, "excluded_lines": 0, "percent_statements_covered": 28.571428571428573, "percent_statements_covered_display": "28.57"}, "missing_lines": [25, 26, 27, 29, 32, 33, 37, 40, 41, 42, 43, 44, 46, 47, 48, 49, 54, 55, 62, 64, 65, 66, 67, 68, 70, 76, 79, 80, 81, 82, 95, 101, 102, 103, 104], "excluded_lines": [], "functions": {"list_achievements": {"executed_lines": [], "summary": {"covered_lines": 0, "num_statements": 25, "percent_covered": 0.0, "percent_covered_display": "0.00", "missing_lines": 25, "excluded_lines": 0, "percent_statements_covered": 0.0, "percent_statements_covered_display": "0.00"}, "missing_lines": [25, 26, 27, 29, 32, 33, 37, 40, 41, 42, 43, 44, 46, 47, 48, 49, 54, 55, 62, 64, 65, 66, 67, 68, 70], "excluded_lines": []}, "list_achievement_definitions": {"executed_lines": [], "summary": {"covered_lines": 0, "num_statements": 6, "percent_covered": 0.0, "percent_covered_display": "0.00", "missing_lines": 6, "excluded_lines": 0, "percent_statements_covered": 0.0, "percent_statements_covered_display": "0.00"}, "missing_lines": [76, 79, 80, 81, 82, 95], "excluded_lines": []}, "get_achievement_requirements": {"executed_lines": [], "summary": {"covered_lines": 0, "num_statements": 4, "percent_covered": 0.0, "percent_covered_display": "0.00", "missing_lines": 4, "excluded_lines": 0, "percent_statements_covered": 0.0, "percent_statements_covered_display": "0.00"}, "missing_lines": [101, 102, 103, 104], "excluded_lines": []}, "": {"executed_lines": [1, 3, 5, 7, 8, 9, 10, 11, 13, 16, 17, 73, 74, 98, 99], "summary": {"covered_lines": 14, "num_statements": 14, "percent_covered": 100.0, "percent_covered_display": "100.00", "missing_lines": 0, "excluded_lines": 0, "percent_statements_covered": 100.0, "percent_statements_covered_display": "100.00"}, "missing_lines": [], "excluded_lines": []}}, "classes": {"": {"executed_lines": [1, 3, 5, 7, 8, 9, 10, 11, 13, 16, 17, 73, 74, 98, 99], "summary": {"covered_lines": 14, "num_statements": 49, "percent_covered": 28.571428571428573, "percent_covered_display": "28.57", "missing_lines": 35, "excluded_lines": 0, "percent_statements_covered": 28.571428571428573, "percent_statements_covered_display": "28.57"}, "missing_lines": [25, 26, 27, 29, 32, 33, 37, 40, 41, 42, 43, 44, 46, 47, 48, 49, 54, 55, 62, 64, 65, 66, 67, 68, 70, 76, 79, 80, 81, 82, 95, 101, 102, 103, 104], "excluded_lines": []}}}, "app/routes/common.py": {"executed_lines": [1, 3, 5, 6, 8, 9, 11, 12, 14, 17, 18, 21, 33, 47, 53, 56, 80, 118, 119, 124, 125, 141, 142, 154, 157, 158, 161, 163, 164, 165, 166, 167, 170, 171, 174, 175, 177], "summary": {"covered_lines": 36, "num_statements": 61, "percent_covered": 59.01639344262295, "percent_covered_display": "59.02", "missing_lines": 25, "excluded_lines": 0, "percent_statements_covered": 59.01639344262295, "percent_statements_covered_display": "59.02"}, "missing_lines": [23, 24, 25, 26, 29, 30, 35, 37, 38, 39, 43, 44, 65, 67, 68, 71, 72, 74, 75, 77, 95, 97, 99, 101, 121], "excluded_lines": [], "functions": {"get_cached_user": {"executed_lines": [], "summary": {"covered_lines": 0, "num_statements": 6, "percent_covered": 0.0, "percent_covered_display": "0.00", "missing_lines": 6, "excluded_lines": 0, "percent_statements_covered": 0.0, "percent_statements_covered_display": "0.00"}, "missing_lines": [23, 24, 25, 26, 29, 30], "excluded_lines": []}, "cache_user": {"executed_lines": [], "summary": {"covered_lines": 0, "num_statements": 6, "percent_covered": 0.0, "percent_covered_display": "0.00", "missing_lines": 6, "excluded_lines": 0, "percent_statements_covered": 0.0, "percent_statements_covered_display": "0.00"}, "missing_lines": [35, 37, 38, 39, 43, 44], "excluded_lines": []}, "invalidate_user_cache": {"executed_lines": [53], "summary": {"covered_lines": 1, "num_statements": 1, "percent_covered": 100.0, "percent_covered_display": "100.00", "missing_lines": 0, "excluded_lines": 0, "percent_statements_covered": 100.0, "percent_statements_covered_display": "100.00"}, "missing_lines": [], "excluded_lines": []}, "serialize_user": {"executed_lines": [], "summary": {"covered_lines": 0, "num_statements": 8, "percent_covered": 0.0, "percent_covered_display": "0.00", "missing_lines": 8, "excluded_lines": 0, "percent_statements_covered": 0.0, "percent_statements_covered_display": "0.00"}, "missing_lines": [65, 67, 68, 71, 72, 74, 75, 77], "excluded_lines": []}, "serialize_user_fast": {"executed_lines": [], "summary": {"covered_lines": 0, "num_statements": 4, "percent_covered": 0.0, "percent_covered_display": "0.00", "missing_lines": 4, "excluded_lines": 0, "percent_statements_covered": 0.0, "percent_statements_covered_display": "0.00"}, "missing_lines": [95, 97, 99, 101], "excluded_lines": []}, "hello_world": {"executed_lines": [], "summary": {"covered_lines": 0, "num_statements": 1, "percent_covered": 0.0, "percent_covered_display": "0.00", "missing_lines": 1, "excluded_lines": 0, "percent_statements_covered": 0.0, "percent_statements_covered_display": "0.00"}, "missing_lines": [121], "excluded_lines": []}, "reset_all_data": {"executed_lines": [141, 142, 154, 157, 158, 161, 163, 164, 165, 166, 167, 170, 171, 174, 175, 177], "summary": {"covered_lines": 16, "num_statements": 16, "percent_covered": 100.0, "percent_covered_display": "100.00", "missing_lines": 0, "excluded_lines": 0, "percent_statements_covered": 100.0, "percent_statements_covered_display": "100.00"}, "missing_lines": [], "excluded_lines": []}, "": {"executed_lines": [1, 3, 5, 6, 8, 9, 11, 12, 14, 17, 18, 21, 33, 47, 56, 80, 118, 119, 124, 125], "summary": {"covered_lines": 19, "num_statements": 19, "percent_covered": 100.0, "percent_covered_display": "100.00", "missing_lines": 0, "excluded_lines": 0, "percent_statements_covered": 100.0, "percent_statements_covered_display": "100.00"}, "missing_lines": [], "excluded_lines": []}}, "classes": {"": {"executed_lines": [1, 3, 5, 6, 8, 9, 11, 12, 14, 17, 18, 21, 33, 47, 53, 56, 80, 118, 119, 124, 125, 141, 142, 154, 157, 158, 161, 163, 164, 165, 166, 167, 170, 171, 174, 175, 177], "summary": {"covered_lines": 36, "num_statements": 61, "percent_covered": 59.01639344262295, "percent_covered_display": "59.02", "missing_lines": 25, "excluded_lines": 0, "percent_statements_covered": 59.01639344262295, "percent_statements_covered_display": "59.02"}, "missing_lines": [23, 24, 25, 26, 29, 30, 35, 37, 38, 39, 43, 44, 65, 67, 68, 71, 72, 74, 75, 77, 95, 97, 99, 101, 121], "excluded_lines": []}}}, "app/routes/concepts.py": {"executed_lines": [1, 3, 5, 7, 8, 9, 12, 15, 16, 26, 27, 29, 32, 33, 36, 38, 39, 42, 43, 57, 58, 59, 60, 61, 62, 64, 70, 71, 72, 73, 75, 77, 79], "summary": {"covered_lines": 32, "num_statements": 42, "percent_covered": 76.19047619047619, "percent_covered_display": "76.19", "missing_lines": 10, "excluded_lines": 0, "percent_statements_covered": 76.19047619047619, "percent_statements_covered_display": "76.19"}, "missing_lines": [30, 34, 45, 46, 47, 48, 49, 51, 52, 54], "excluded_lines": [], "functions": {"get_concept_requirements": {"executed_lines": [26, 27, 29, 32, 33, 36, 38, 39, 42, 43, 57, 58, 59, 60, 61, 62, 64, 70, 71, 72, 73, 75, 77, 79], "summary": {"covered_lines": 24, "num_statements": 34, "percent_covered": 70.58823529411765, "percent_covered_display": "70.59", "missing_lines": 10, "excluded_lines": 0, "percent_statements_covered": 70.58823529411765, "percent_statements_covered_display": "70.59"}, "missing_lines": [30, 34, 45, 46, 47, 48, 49, 51, 52, 54], "excluded_lines": []}, "": {"executed_lines": [1, 3, 5, 7, 8, 9, 12, 15, 16], "summary": {"covered_lines": 8, "num_statements": 8, "percent_covered": 100.0, "percent_covered_display": "100.00", "missing_lines": 0, "excluded_lines": 0, "percent_statements_covered": 100.0, "percent_statements_covered_display": "100.00"}, "missing_lines": [], "excluded_lines": []}}, "classes": {"": {"executed_lines": [1, 3, 5, 7, 8, 9, 12, 15, 16, 26, 27, 29, 32, 33, 36, 38, 39, 42, 43, 57, 58, 59, 60, 61, 62, 64, 70, 71, 72, 73, 75, 77, 79], "summary": {"covered_lines": 32, "num_statements": 42, "percent_covered": 76.19047619047619, "percent_covered_display": "76.19", "missing_lines": 10, "excluded_lines": 0, "percent_statements_covered": 76.19047619047619, "percent_statements_covered_display": "76.19"}, "missing_lines": [30, 34, 45, 46, 47, 48, 49, 51, 52, 54], "excluded_lines": []}}}, "app/routes/levels.py": {"executed_lines": [1, 3, 5, 7, 9, 11, 18, 19, 21, 22, 25, 27, 28, 34, 35, 36, 39, 40, 46, 47, 55, 56, 69, 70, 77, 78, 80, 83, 84, 88, 92, 93, 94, 96, 97, 98, 99, 100, 101, 104, 105, 106, 107, 109, 110, 112, 113, 114, 115, 116, 119, 120, 126, 127, 128, 129, 131, 133, 135], "summary": {"covered_lines": 58, "num_statements": 80, "percent_covered": 72.5, "percent_covered_display": "72.50", "missing_lines": 22, "excluded_lines": 0, "percent_statements_covered": 72.5, "percent_statements_covered_display": "72.50"}, "missing_lines": [23, 30, 31, 32, 42, 43, 49, 50, 51, 52, 58, 60, 61, 62, 63, 64, 65, 66, 81, 85, 86, 89], "excluded_lines": [], "functions": {"_translate_test_type_metadata_filter": {"executed_lines": [18, 19, 21, 22, 25, 27, 28, 34, 35, 36], "summary": {"covered_lines": 10, "num_statements": 14, "percent_covered": 71.42857142857143, "percent_covered_display": "71.43", "missing_lines": 4, "excluded_lines": 0, "percent_statements_covered": 71.42857142857143, "percent_statements_covered_display": "71.43"}, "missing_lines": [23, 30, 31, 32], "excluded_lines": []}, "list_levels": {"executed_lines": [], "summary": {"covered_lines": 0, "num_statements": 2, "percent_covered": 0.0, "percent_covered_display": "0.00", "missing_lines": 2, "excluded_lines": 0, "percent_statements_covered": 0.0, "percent_statements_covered_display": "0.00"}, "missing_lines": [42, 43], "excluded_lines": []}, "get_level": {"executed_lines": [], "summary": {"covered_lines": 0, "num_statements": 4, "percent_covered": 0.0, "percent_covered_display": "0.00", "missing_lines": 4, "excluded_lines": 0, "percent_statements_covered": 0.0, "percent_statements_covered_display": "0.00"}, "missing_lines": [49, 50, 51, 52], "excluded_lines": []}, "get_level_requirements": {"executed_lines": [], "summary": {"covered_lines": 0, "num_statements": 8, "percent_covered": 0.0, "percent_covered_display": "0.00", "missing_lines": 8, "excluded_lines": 0, "percent_statements_covered": 0.0, "percent_statements_covered_display": "0.00"}, "missing_lines": [58, 60, 61, 62, 63, 64, 65, 66], "excluded_lines": []}, "get_batch_level_requirements": {"executed_lines": [77, 78, 80, 83, 84, 88, 92, 93, 94, 96, 97, 98, 99, 100, 101, 104, 105, 106, 107, 109, 110, 112, 113, 114, 115, 116, 119, 120, 126, 127, 128, 129, 131, 133, 135], "summary": {"covered_lines": 35, "num_statements": 39, "percent_covered": 89.74358974358974, "percent_covered_display": "89.74", "missing_lines": 4, "excluded_lines": 0, "percent_statements_covered": 89.74358974358974, "percent_statements_covered_display": "89.74"}, "missing_lines": [81, 85, 86, 89], "excluded_lines": []}, "": {"executed_lines": [1, 3, 5, 7, 9, 11, 39, 40, 46, 47, 55, 56, 69, 70], "summary": {"covered_lines": 13, "num_statements": 13, "percent_covered": 100.0, "percent_covered_display": "100.00", "missing_lines": 0, "excluded_lines": 0, "percent_statements_covered": 100.0, "percent_statements_covered_display": "100.00"}, "missing_lines": [], "excluded_lines": []}}, "classes": {"": {"executed_lines": [1, 3, 5, 7, 9, 11, 18, 19, 21, 22, 25, 27, 28, 34, 35, 36, 39, 40, 46, 47, 55, 56, 69, 70, 77, 78, 80, 83, 84, 88, 92, 93, 94, 96, 97, 98, 99, 100, 101, 104, 105, 106, 107, 109, 110, 112, 113, 114, 115, 116, 119, 120, 126, 127, 128, 129, 131, 133, 135], "summary": {"covered_lines": 58, "num_statements": 80, "percent_covered": 72.5, "percent_covered_display": "72.50", "missing_lines": 22, "excluded_lines": 0, "percent_statements_covered": 72.5, "percent_statements_covered_display": "72.50"}, "missing_lines": [23, 30, 31, 32, 42, 43, 49, 50, 51, 52, 58, 60, 61, 62, 63, 64, 65, 66, 81, 85, 86, 89], "excluded_lines": []}}}, "app/routes/practice.py": {"executed_lines": [1, 3, 5, 6, 8, 9, 11, 12, 13, 14, 15, 16, 17, 18, 27, 30, 31, 76, 77, 178, 179, 212, 213, 223, 224, 256, 257, 284, 285, 338, 339, 341, 342, 344, 347, 348, 352, 359, 360, 361, 362, 363, 364, 367, 368, 371, 372, 375, 378, 386, 387, 391, 394, 397, 398, 405, 408, 411, 414, 417, 418, 419, 422, 426, 429, 430, 431, 432, 435, 436, 437, 439, 440, 443, 446, 447, 448, 451, 452, 453, 454, 455, 456, 458, 459, 461, 462, 463, 464, 466, 498, 500], "summary": {"covered_lines": 91, "num_statements": 198, "percent_covered": 45.95959595959596, "percent_covered_display": "45.96", "missing_lines": 107, "excluded_lines": 0, "percent_statements_covered": 45.95959595959596, "percent_statements_covered_display": "45.96"}, "missing_lines": [33, 34, 35, 36, 38, 39, 42, 44, 45, 46, 47, 48, 50, 51, 52, 54, 56, 79, 82, 83, 84, 85, 87, 88, 89, 92, 93, 96, 97, 98, 99, 100, 101, 103, 110, 111, 114, 115, 125, 137, 138, 141, 144, 149, 152, 153, 155, 175, 184, 185, 187, 188, 190, 192, 193, 196, 198, 215, 217, 218, 220, 230, 232, 233, 236, 237, 238, 250, 259, 260, 261, 262, 263, 264, 266, 267, 269, 270, 277, 278, 279, 280, 281, 287, 288, 289, 290, 291, 294, 303, 304, 307, 308, 309, 312, 314, 315, 316, 319, 322, 332, 349, 388, 399, 400, 401, 402], "excluded_lines": [], "functions": {"list_practice_sessions": {"executed_lines": [], "summary": {"covered_lines": 0, "num_statements": 17, "percent_covered": 0.0, "percent_covered_display": "0.00", "missing_lines": 17, "excluded_lines": 0, "percent_statements_covered": 0.0, "percent_statements_covered_display": "0.00"}, "missing_lines": [33, 34, 35, 36, 38, 39, 42, 44, 45, 46, 47, 48, 50, 51, 52, 54, 56], "excluded_lines": []}, "submit_practice_attempts": {"executed_lines": [], "summary": {"covered_lines": 0, "num_statements": 31, "percent_covered": 0.0, "percent_covered_display": "0.00", "missing_lines": 31, "excluded_lines": 0, "percent_statements_covered": 0.0, "percent_statements_covered_display": "0.00"}, "missing_lines": [79, 82, 83, 84, 85, 87, 88, 89, 92, 93, 96, 97, 98, 99, 100, 101, 103, 110, 111, 114, 115, 125, 137, 138, 141, 144, 149, 152, 153, 155, 175], "excluded_lines": []}, "get_incomplete_session": {"executed_lines": [], "summary": {"covered_lines": 0, "num_statements": 9, "percent_covered": 0.0, "percent_covered_display": "0.00", "missing_lines": 9, "excluded_lines": 0, "percent_statements_covered": 0.0, "percent_statements_covered_display": "0.00"}, "missing_lines": [184, 185, 187, 188, 190, 192, 193, 196, 198], "excluded_lines": []}, "get_session_details": {"executed_lines": [], "summary": {"covered_lines": 0, "num_statements": 4, "percent_covered": 0.0, "percent_covered_display": "0.00", "missing_lines": 4, "excluded_lines": 0, "percent_statements_covered": 0.0, "percent_statements_covered_display": "0.00"}, "missing_lines": [215, 217, 218, 220], "excluded_lines": []}, "get_session_answers": {"executed_lines": [], "summary": {"covered_lines": 0, "num_statements": 7, "percent_covered": 0.0, "percent_covered_display": "0.00", "missing_lines": 7, "excluded_lines": 0, "percent_statements_covered": 0.0, "percent_statements_covered_display": "0.00"}, "missing_lines": [230, 232, 233, 236, 237, 238, 250], "excluded_lines": []}, "start_practice_session": {"executed_lines": [], "summary": {"covered_lines": 0, "num_statements": 15, "percent_covered": 0.0, "percent_covered_display": "0.00", "missing_lines": 15, "excluded_lines": 0, "percent_statements_covered": 0.0, "percent_statements_covered_display": "0.00"}, "missing_lines": [259, 260, 261, 262, 263, 264, 266, 267, 269, 270, 277, 278, 279, 280, 281], "excluded_lines": []}, "check_answer": {"executed_lines": [], "summary": {"covered_lines": 0, "num_statements": 18, "percent_covered": 0.0, "percent_covered_display": "0.00", "missing_lines": 18, "excluded_lines": 0, "percent_statements_covered": 0.0, "percent_statements_covered_display": "0.00"}, "missing_lines": [287, 288, 289, 290, 291, 294, 303, 304, 307, 308, 309, 312, 314, 315, 316, 319, 322, 332], "excluded_lines": []}, "complete_session": {"executed_lines": [341, 342, 344, 347, 348, 352, 359, 360, 361, 362, 363, 364, 367, 368, 371, 372, 375, 378, 386, 387, 391, 394, 397, 398, 405, 408, 411, 414, 417, 418, 419, 422, 426, 429, 430, 431, 432, 435, 436, 437, 439, 440, 443, 446, 447, 448, 451, 452, 453, 454, 455, 456, 458, 459, 461, 462, 463, 464, 466, 498, 500], "summary": {"covered_lines": 61, "num_statements": 67, "percent_covered": 91.04477611940298, "percent_covered_display": "91.04", "missing_lines": 6, "excluded_lines": 0, "percent_statements_covered": 91.04477611940298, "percent_statements_covered_display": "91.04"}, "missing_lines": [349, 388, 399, 400, 401, 402], "excluded_lines": []}, "": {"executed_lines": [1, 3, 5, 6, 8, 9, 11, 12, 13, 14, 15, 16, 17, 18, 27, 30, 31, 76, 77, 178, 179, 212, 213, 223, 224, 256, 257, 284, 285, 338, 339], "summary": {"covered_lines": 30, "num_statements": 30, "percent_covered": 100.0, "percent_covered_display": "100.00", "missing_lines": 0, "excluded_lines": 0, "percent_statements_covered": 100.0, "percent_statements_covered_display": "100.00"}, "missing_lines": [], "excluded_lines": []}}, "classes": {"": {"executed_lines": [1, 3, 5, 6, 8, 9, 11, 12, 13, 14, 15, 16, 17, 18, 27, 30, 31, 76, 77, 178, 179, 212, 213, 223, 224, 256, 257, 284, 285, 338, 339, 341, 342, 344, 347, 348, 352, 359, 360, 361, 362, 363, 364, 367, 368, 371, 372, 375, 378, 386, 387, 391, 394, 397, 398, 405, 408, 411, 414, 417, 418, 419, 422, 426, 429, 430, 431, 432, 435, 436, 437, 439, 440, 443, 446, 447, 448, 451, 452, 453, 454, 455, 456, 458, 459, 461, 462, 463, 464, 466, 498, 500], "summary": {"covered_lines": 91, "num_statements": 198, "percent_covered": 45.95959595959596, "percent_covered_display": "45.96", "missing_lines": 107, "excluded_lines": 0, "percent_statements_covered": 45.95959595959596, "percent_statements_covered_display": "45.96"}, "missing_lines": [33, 34, 35, 36, 38, 39, 42, 44, 45, 46, 47, 48, 50, 51, 52, 54, 56, 79, 82, 83, 84, 85, 87, 88, 89, 92, 93, 96, 97, 98, 99, 100, 101, 103, 110, 111, 114, 115, 125, 137, 138, 141, 144, 149, 152, 153, 155, 175, 184, 185, 187, 188, 190, 192, 193, 196, 198, 215, 217, 218, 220, 230, 232, 233, 236, 237, 238, 250, 259, 260, 261, 262, 263, 264, 266, 267, 269, 270, 277, 278, 279, 280, 281, 287, 288, 289, 290, 291, 294, 303, 304, 307, 308, 309, 312, 314, 315, 316, 319, 322, 332, 349, 388, 399, 400, 401, 402], "excluded_lines": []}}}, "app/routes/route_helpers.py": {"executed_lines": [1, 3, 5, 7, 9, 12, 21, 42, 91, 128, 141, 151, 152, 157], "summary": {"covered_lines": 13, "num_statements": 72, "percent_covered": 18.055555555555557, "percent_covered_display": "18.06", "missing_lines": 59, "excluded_lines": 0, "percent_statements_covered": 18.055555555555557, "percent_statements_covered_display": "18.06"}, "missing_lines": [18, 30, 31, 33, 34, 35, 36, 37, 38, 39, 57, 58, 60, 61, 64, 65, 66, 67, 68, 69, 71, 72, 74, 75, 78, 79, 80, 82, 83, 85, 86, 88, 106, 107, 109, 111, 112, 115, 116, 117, 118, 119, 120, 122, 123, 125, 138, 154, 166, 167, 168, 169, 170, 171, 172, 173, 174, 175, 176], "excluded_lines": [], "functions": {"get_json_payload": {"executed_lines": [], "summary": {"covered_lines": 0, "num_statements": 1, "percent_covered": 0.0, "percent_covered_display": "0.00", "missing_lines": 1, "excluded_lines": 0, "percent_statements_covered": 0.0, "percent_statements_covered_display": "0.00"}, "missing_lines": [18], "excluded_lines": []}, "get_user_id_from_payload": {"executed_lines": [], "summary": {"covered_lines": 0, "num_statements": 9, "percent_covered": 0.0, "percent_covered_display": "0.00", "missing_lines": 9, "excluded_lines": 0, "percent_statements_covered": 0.0, "percent_statements_covered_display": "0.00"}, "missing_lines": [30, 31, 33, 34, 35, 36, 37, 38, 39], "excluded_lines": []}, "get_user_from_payload": {"executed_lines": [], "summary": {"covered_lines": 0, "num_statements": 22, "percent_covered": 0.0, "percent_covered_display": "0.00", "missing_lines": 22, "excluded_lines": 0, "percent_statements_covered": 0.0, "percent_statements_covered_display": "0.00"}, "missing_lines": [57, 58, 60, 61, 64, 65, 66, 67, 68, 69, 71, 72, 74, 75, 78, 79, 80, 82, 83, 85, 86, 88], "excluded_lines": []}, "validate_required_fields": {"executed_lines": [], "summary": {"covered_lines": 0, "num_statements": 14, "percent_covered": 0.0, "percent_covered_display": "0.00", "missing_lines": 14, "excluded_lines": 0, "percent_statements_covered": 0.0, "percent_statements_covered_display": "0.00"}, "missing_lines": [106, 107, 109, 111, 112, 115, 116, 117, 118, 119, 120, 122, 123, 125], "excluded_lines": []}, "create_error_response": {"executed_lines": [], "summary": {"covered_lines": 0, "num_statements": 1, "percent_covered": 0.0, "percent_covered_display": "0.00", "missing_lines": 1, "excluded_lines": 0, "percent_statements_covered": 0.0, "percent_statements_covered_display": "0.00"}, "missing_lines": [138], "excluded_lines": []}, "create_success_response": {"executed_lines": [151, 152], "summary": {"covered_lines": 2, "num_statements": 3, "percent_covered": 66.66666666666667, "percent_covered_display": "66.67", "missing_lines": 1, "excluded_lines": 0, "percent_statements_covered": 66.66666666666667, "percent_statements_covered_display": "66.67"}, "missing_lines": [154], "excluded_lines": []}, "handle_service_error": {"executed_lines": [], "summary": {"covered_lines": 0, "num_statements": 3, "percent_covered": 0.0, "percent_covered_display": "0.00", "missing_lines": 3, "excluded_lines": 0, "percent_statements_covered": 0.0, "percent_statements_covered_display": "0.00"}, "missing_lines": [166, 175, 176], "excluded_lines": []}, "handle_service_error.wrapper": {"executed_lines": [], "summary": {"covered_lines": 0, "num_statements": 8, "percent_covered": 0.0, "percent_covered_display": "0.00", "missing_lines": 8, "excluded_lines": 0, "percent_statements_covered": 0.0, "percent_statements_covered_display": "0.00"}, "missing_lines": [167, 168, 169, 170, 171, 172, 173, 174], "excluded_lines": []}, "": {"executed_lines": [1, 3, 5, 7, 9, 12, 21, 42, 91, 128, 141, 157], "summary": {"covered_lines": 11, "num_statements": 11, "percent_covered": 100.0, "percent_covered_display": "100.00", "missing_lines": 0, "excluded_lines": 0, "percent_statements_covered": 100.0, "percent_statements_covered_display": "100.00"}, "missing_lines": [], "excluded_lines": []}}, "classes": {"": {"executed_lines": [1, 3, 5, 7, 9, 12, 21, 42, 91, 128, 141, 151, 152, 157], "summary": {"covered_lines": 13, "num_statements": 72, "percent_covered": 18.055555555555557, "percent_covered_display": "18.06", "missing_lines": 59, "excluded_lines": 0, "percent_statements_covered": 18.055555555555557, "percent_statements_covered_display": "18.06"}, "missing_lines": [18, 30, 31, 33, 34, 35, 36, 37, 38, 39, 57, 58, 60, 61, 64, 65, 66, 67, 68, 69, 71, 72, 74, 75, 78, 79, 80, 82, 83, 85, 86, 88, 106, 107, 109, 111, 112, 115, 116, 117, 118, 119, 120, 122, 123, 125, 138, 154, 166, 167, 168, 169, 170, 171, 172, 173, 174, 175, 176], "excluded_lines": []}}}, "app/routes/users.py": {"executed_lines": [1, 3, 5, 6, 8, 10, 11, 12, 13, 15, 18, 19, 34, 35, 89, 90, 113, 114, 138, 139, 179, 180, 197, 198, 200, 201, 202, 205, 206, 208, 209, 213, 215, 218, 221, 224, 227, 230, 231, 232, 235, 237, 243, 244, 260, 261, 262, 265, 266, 268, 269, 272, 275, 276, 277, 280, 281, 282, 285, 286, 287, 292, 294, 295, 296, 304, 308, 312, 318, 322, 324, 326, 329, 332, 342, 344, 346, 348, 356, 357, 369, 372, 373, 375, 377, 380], "summary": {"covered_lines": 85, "num_statements": 156, "percent_covered": 54.48717948717949, "percent_covered_display": "54.49", "missing_lines": 71, "excluded_lines": 0, "percent_statements_covered": 54.48717948717949, "percent_statements_covered_display": "54.49"}, "missing_lines": [21, 22, 23, 24, 26, 28, 29, 31, 41, 43, 45, 46, 49, 50, 64, 67, 70, 73, 76, 97, 98, 99, 101, 102, 103, 105, 108, 110, 120, 121, 123, 124, 126, 127, 128, 130, 132, 133, 135, 141, 142, 143, 145, 146, 148, 149, 156, 158, 160, 162, 163, 164, 171, 182, 183, 184, 186, 187, 189, 210, 270, 278, 298, 299, 300, 302, 305, 309, 319, 320, 378], "excluded_lines": [], "functions": {"create_user": {"executed_lines": [], "summary": {"covered_lines": 0, "num_statements": 8, "percent_covered": 0.0, "percent_covered_display": "0.00", "missing_lines": 8, "excluded_lines": 0, "percent_statements_covered": 0.0, "percent_statements_covered_display": "0.00"}, "missing_lines": [21, 22, 23, 24, 26, 28, 29, 31], "excluded_lines": []}, "list_users": {"executed_lines": [], "summary": {"covered_lines": 0, "num_statements": 11, "percent_covered": 0.0, "percent_covered_display": "0.00", "missing_lines": 11, "excluded_lines": 0, "percent_statements_covered": 0.0, "percent_statements_covered_display": "0.00"}, "missing_lines": [41, 43, 45, 46, 49, 50, 64, 67, 70, 73, 76], "excluded_lines": []}, "retrieve_user": {"executed_lines": [], "summary": {"covered_lines": 0, "num_statements": 9, "percent_covered": 0.0, "percent_covered_display": "0.00", "missing_lines": 9, "excluded_lines": 0, "percent_statements_covered": 0.0, "percent_statements_covered_display": "0.00"}, "missing_lines": [97, 98, 99, 101, 102, 103, 105, 108, 110], "excluded_lines": []}, "verify_user_pin": {"executed_lines": [], "summary": {"covered_lines": 0, "num_statements": 11, "percent_covered": 0.0, "percent_covered_display": "0.00", "missing_lines": 11, "excluded_lines": 0, "percent_statements_covered": 0.0, "percent_statements_covered_display": "0.00"}, "missing_lines": [120, 121, 123, 124, 126, 127, 128, 130, 132, 133, 135], "excluded_lines": []}, "manual_level_up": {"executed_lines": [], "summary": {"covered_lines": 0, "num_statements": 14, "percent_covered": 0.0, "percent_covered_display": "0.00", "missing_lines": 14, "excluded_lines": 0, "percent_statements_covered": 0.0, "percent_statements_covered_display": "0.00"}, "missing_lines": [141, 142, 143, 145, 146, 148, 149, 156, 158, 160, 162, 163, 164, 171], "excluded_lines": []}, "check_level_up_eligibility": {"executed_lines": [], "summary": {"covered_lines": 0, "num_statements": 6, "percent_covered": 0.0, "percent_covered_display": "0.00", "missing_lines": 6, "excluded_lines": 0, "percent_statements_covered": 0.0, "percent_statements_covered_display": "0.00"}, "missing_lines": [182, 183, 184, 186, 187, 189], "excluded_lines": []}, "reset_user_data": {"executed_lines": [200, 201, 202, 205, 206, 208, 209, 213, 215, 218, 221, 224, 227, 230, 231, 232, 235, 237], "summary": {"covered_lines": 18, "num_statements": 19, "percent_covered": 94.73684210526316, "percent_covered_display": "94.74", "missing_lines": 1, "excluded_lines": 0, "percent_statements_covered": 94.73684210526316, "percent_statements_covered_display": "94.74"}, "missing_lines": [210], "excluded_lines": []}, "test_setup_user": {"executed_lines": [260, 261, 262, 265, 266, 268, 269, 272, 275, 276, 277, 280, 281, 282, 285, 286, 287, 292, 294, 295, 296, 304, 308, 312, 318, 322, 324, 326, 329, 332, 342, 344, 346, 348], "summary": {"covered_lines": 34, "num_statements": 44, "percent_covered": 77.27272727272727, "percent_covered_display": "77.27", "missing_lines": 10, "excluded_lines": 0, "percent_statements_covered": 77.27272727272727, "percent_statements_covered_display": "77.27"}, "missing_lines": [270, 278, 298, 299, 300, 302, 305, 309, 319, 320], "excluded_lines": []}, "delete_user": {"executed_lines": [369, 372, 373, 375, 377, 380], "summary": {"covered_lines": 6, "num_statements": 7, "percent_covered": 85.71428571428571, "percent_covered_display": "85.71", "missing_lines": 1, "excluded_lines": 0, "percent_statements_covered": 85.71428571428571, "percent_statements_covered_display": "85.71"}, "missing_lines": [378], "excluded_lines": []}, "": {"executed_lines": [1, 3, 5, 6, 8, 10, 11, 12, 13, 15, 18, 19, 34, 35, 89, 90, 113, 114, 138, 139, 179, 180, 197, 198, 243, 244, 356, 357], "summary": {"covered_lines": 27, "num_statements": 27, "percent_covered": 100.0, "percent_covered_display": "100.00", "missing_lines": 0, "excluded_lines": 0, "percent_statements_covered": 100.0, "percent_statements_covered_display": "100.00"}, "missing_lines": [], "excluded_lines": []}}, "classes": {"": {"executed_lines": [1, 3, 5, 6, 8, 10, 11, 12, 13, 15, 18, 19, 34, 35, 89, 90, 113, 114, 138, 139, 179, 180, 197, 198, 200, 201, 202, 205, 206, 208, 209, 213, 215, 218, 221, 224, 227, 230, 231, 232, 235, 237, 243, 244, 260, 261, 262, 265, 266, 268, 269, 272, 275, 276, 277, 280, 281, 282, 285, 286, 287, 292, 294, 295, 296, 304, 308, 312, 318, 322, 324, 326, 329, 332, 342, 344, 346, 348, 356, 357, 369, 372, 373, 375, 377, 380], "summary": {"covered_lines": 85, "num_statements": 156, "percent_covered": 54.48717948717949, "percent_covered_display": "54.49", "missing_lines": 71, "excluded_lines": 0, "percent_statements_covered": 54.48717948717949, "percent_statements_covered_display": "54.49"}, "missing_lines": [21, 22, 23, 24, 26, 28, 29, 31, 41, 43, 45, 46, 49, 50, 64, 67, 70, 73, 76, 97, 98, 99, 101, 102, 103, 105, 108, 110, 120, 121, 123, 124, 126, 127, 128, 130, 132, 133, 135, 141, 142, 143, 145, 146, 148, 149, 156, 158, 160, 162, 163, 164, 171, 182, 183, 184, 186, 187, 189, 210, 270, 278, 298, 299, 300, 302, 305, 309, 319, 320, 378], "excluded_lines": []}}}, "app/services/achievement_service.py": {"executed_lines": [1, 3, 5, 6, 8, 9, 12, 17, 18, 20, 21, 22, 35, 37, 38, 40, 42, 43, 74, 75, 76, 99, 100, 101, 107, 108, 109, 118, 120, 122, 123, 124, 138, 139, 140, 164, 165, 166, 190, 192, 204, 205, 206, 208, 210, 212, 213, 220, 222, 224, 225, 226, 237, 238, 239, 241, 242, 243, 244, 247, 250, 253, 256, 257, 259, 260, 261, 311, 312, 313, 319, 320, 321, 331, 333, 335, 336, 337, 361, 363, 372, 373, 374, 390, 392, 393, 395, 397, 398, 399, 412, 414, 415, 417, 419, 420, 421, 433, 435, 436, 438, 440, 441, 442, 456, 458, 459, 461, 463, 464, 465, 485, 486, 487, 500, 502, 503, 505, 506, 507, 516, 518, 519, 521], "summary": {"covered_lines": 122, "num_statements": 156, "percent_covered": 78.2051282051282, "percent_covered_display": "78.21", "missing_lines": 34, "excluded_lines": 0, "percent_statements_covered": 78.2051282051282, "percent_statements_covered_display": "78.21"}, "missing_lines": [65, 67, 68, 70, 92, 94, 95, 97, 103, 105, 134, 136, 155, 157, 271, 273, 274, 277, 280, 289, 297, 298, 299, 300, 303, 305, 306, 307, 309, 315, 478, 480, 481, 483], "excluded_lines": [], "functions": {"AchievementService.ensure_achievements": {"executed_lines": [35, 37, 38, 40], "summary": {"covered_lines": 4, "num_statements": 4, "percent_covered": 100.0, "percent_covered_display": "100.00", "missing_lines": 0, "excluded_lines": 0, "percent_statements_covered": 100.0, "percent_statements_covered_display": "100.00"}, "missing_lines": [], "excluded_lines": []}, "AchievementService._ensure_achievements_with_data": {"executed_lines": [], "summary": {"covered_lines": 0, "num_statements": 4, "percent_covered": 0.0, "percent_covered_display": "0.00", "missing_lines": 4, "excluded_lines": 0, "percent_statements_covered": 0.0, "percent_statements_covered_display": "0.00"}, "missing_lines": [65, 67, 68, 70], "excluded_lines": []}, "AchievementService.ensure_achievements_batch": {"executed_lines": [], "summary": {"covered_lines": 0, "num_statements": 4, "percent_covered": 0.0, "percent_covered_display": "0.00", "missing_lines": 4, "excluded_lines": 0, "percent_statements_covered": 0.0, "percent_statements_covered_display": "0.00"}, "missing_lines": [92, 94, 95, 97], "excluded_lines": []}, "AchievementService.get_user_achievements": {"executed_lines": [], "summary": {"covered_lines": 0, "num_statements": 2, "percent_covered": 0.0, "percent_covered_display": "0.00", "missing_lines": 2, "excluded_lines": 0, "percent_statements_covered": 0.0, "percent_statements_covered_display": "0.00"}, "missing_lines": [103, 105], "excluded_lines": []}, "AchievementService.get_achievements_by_session": {"executed_lines": [118, 120], "summary": {"covered_lines": 2, "num_statements": 2, "percent_covered": 100.0, "percent_covered_display": "100.00", "missing_lines": 0, "excluded_lines": 0, "percent_statements_covered": 100.0, "percent_statements_covered_display": "100.00"}, "missing_lines": [], "excluded_lines": []}, "AchievementService.get_achievements_by_code": {"executed_lines": [], "summary": {"covered_lines": 0, "num_statements": 2, "percent_covered": 0.0, "percent_covered_display": "0.00", "missing_lines": 2, "excluded_lines": 0, "percent_statements_covered": 0.0, "percent_statements_covered_display": "0.00"}, "missing_lines": [134, 136], "excluded_lines": []}, "AchievementService.get_achievements_by_category": {"executed_lines": [], "summary": {"covered_lines": 0, "num_statements": 2, "percent_covered": 0.0, "percent_covered_display": "0.00", "missing_lines": 2, "excluded_lines": 0, "percent_statements_covered": 0.0, "percent_statements_covered_display": "0.00"}, "missing_lines": [155, 157], "excluded_lines": []}, "AchievementService.create_achievement": {"executed_lines": [190, 192], "summary": {"covered_lines": 2, "num_statements": 2, "percent_covered": 100.0, "percent_covered_display": "100.00", "missing_lines": 0, "excluded_lines": 0, "percent_statements_covered": 100.0, "percent_statements_covered_display": "100.00"}, "missing_lines": [], "excluded_lines": []}, "AchievementService.get_achievement_codes": {"executed_lines": [208, 210], "summary": {"covered_lines": 2, "num_statements": 2, "percent_covered": 100.0, "percent_covered_display": "100.00", "missing_lines": 0, "excluded_lines": 0, "percent_statements_covered": 100.0, "percent_statements_covered_display": "100.00"}, "missing_lines": [], "excluded_lines": []}, "AchievementService.serialize_achievement": {"executed_lines": [220, 222], "summary": {"covered_lines": 2, "num_statements": 2, "percent_covered": 100.0, "percent_covered_display": "100.00", "missing_lines": 0, "excluded_lines": 0, "percent_statements_covered": 100.0, "percent_statements_covered_display": "100.00"}, "missing_lines": [], "excluded_lines": []}, "AchievementService.check_all_achievements": {"executed_lines": [237, 238, 239, 241, 242, 243, 244, 247, 250, 253, 256, 257], "summary": {"covered_lines": 12, "num_statements": 12, "percent_covered": 100.0, "percent_covered_display": "100.00", "missing_lines": 0, "excluded_lines": 0, "percent_statements_covered": 100.0, "percent_statements_covered_display": "100.00"}, "missing_lines": [], "excluded_lines": []}, "AchievementService.check_level_specific_achievements": {"executed_lines": [], "summary": {"covered_lines": 0, "num_statements": 15, "percent_covered": 0.0, "percent_covered_display": "0.00", "missing_lines": 15, "excluded_lines": 0, "percent_statements_covered": 0.0, "percent_statements_covered_display": "0.00"}, "missing_lines": [271, 273, 274, 277, 280, 289, 297, 298, 299, 300, 303, 305, 306, 307, 309], "excluded_lines": []}, "AchievementService.validate_and_cleanup_tier_achievements": {"executed_lines": [], "summary": {"covered_lines": 0, "num_statements": 1, "percent_covered": 0.0, "percent_covered_display": "0.00", "missing_lines": 1, "excluded_lines": 0, "percent_statements_covered": 0.0, "percent_statements_covered_display": "0.00"}, "missing_lines": [315], "excluded_lines": []}, "AchievementService.count_achievements_by_code": {"executed_lines": [331, 333], "summary": {"covered_lines": 2, "num_statements": 2, "percent_covered": 100.0, "percent_covered_display": "100.00", "missing_lines": 0, "excluded_lines": 0, "percent_statements_covered": 100.0, "percent_statements_covered_display": "100.00"}, "missing_lines": [], "excluded_lines": []}, "AchievementService.count_achievements_by_code_with_filters": {"executed_lines": [361, 363], "summary": {"covered_lines": 2, "num_statements": 2, "percent_covered": 100.0, "percent_covered_display": "100.00", "missing_lines": 0, "excluded_lines": 0, "percent_statements_covered": 100.0, "percent_statements_covered_display": "100.00"}, "missing_lines": [], "excluded_lines": []}, "AchievementService.check_level_master_achievements": {"executed_lines": [390, 392, 393, 395], "summary": {"covered_lines": 4, "num_statements": 4, "percent_covered": 100.0, "percent_covered_display": "100.00", "missing_lines": 0, "excluded_lines": 0, "percent_statements_covered": 100.0, "percent_statements_covered_display": "100.00"}, "missing_lines": [], "excluded_lines": []}, "AchievementService.check_lightning_fast_achievements": {"executed_lines": [412, 414, 415, 417], "summary": {"covered_lines": 4, "num_statements": 4, "percent_covered": 100.0, "percent_covered_display": "100.00", "missing_lines": 0, "excluded_lines": 0, "percent_statements_covered": 100.0, "percent_statements_covered_display": "100.00"}, "missing_lines": [], "excluded_lines": []}, "AchievementService.check_accuracy_ace_achievements": {"executed_lines": [433, 435, 436, 438], "summary": {"covered_lines": 4, "num_statements": 4, "percent_covered": 100.0, "percent_covered_display": "100.00", "missing_lines": 0, "excluded_lines": 0, "percent_statements_covered": 100.0, "percent_statements_covered_display": "100.00"}, "missing_lines": [], "excluded_lines": []}, "AchievementService.check_so_wow_achievements": {"executed_lines": [456, 458, 459, 461], "summary": {"covered_lines": 4, "num_statements": 4, "percent_covered": 100.0, "percent_covered_display": "100.00", "missing_lines": 0, "excluded_lines": 0, "percent_statements_covered": 100.0, "percent_statements_covered_display": "100.00"}, "missing_lines": [], "excluded_lines": []}, "AchievementService.check_level_grandmaster_achievement": {"executed_lines": [], "summary": {"covered_lines": 0, "num_statements": 4, "percent_covered": 0.0, "percent_covered_display": "0.00", "missing_lines": 4, "excluded_lines": 0, "percent_statements_covered": 0.0, "percent_statements_covered_display": "0.00"}, "missing_lines": [478, 480, 481, 483], "excluded_lines": []}, "AchievementService.checkChampionEligibility": {"executed_lines": [500, 502, 503], "summary": {"covered_lines": 3, "num_statements": 3, "percent_covered": 100.0, "percent_covered_display": "100.00", "missing_lines": 0, "excluded_lines": 0, "percent_statements_covered": 100.0, "percent_statements_covered_display": "100.00"}, "missing_lines": [], "excluded_lines": []}, "AchievementService.check_generic_accuracy_achievements": {"executed_lines": [516, 518, 519, 521], "summary": {"covered_lines": 4, "num_statements": 4, "percent_covered": 100.0, "percent_covered_display": "100.00", "missing_lines": 0, "excluded_lines": 0, "percent_statements_covered": 100.0, "percent_statements_covered_display": "100.00"}, "missing_lines": [], "excluded_lines": []}, "": {"executed_lines": [1, 3, 5, 6, 8, 9, 12, 17, 18, 20, 21, 22, 42, 43, 74, 75, 76, 99, 100, 101, 107, 108, 109, 122, 123, 124, 138, 139, 140, 164, 165, 166, 204, 205, 206, 212, 213, 224, 225, 226, 259, 260, 261, 311, 312, 313, 319, 320, 321, 335, 336, 337, 372, 373, 374, 397, 398, 399, 419, 420, 421, 440, 441, 442, 463, 464, 465, 485, 486, 487, 505, 506, 507], "summary": {"covered_lines": 71, "num_statements": 71, "percent_covered": 100.0, "percent_covered_display": "100.00", "missing_lines": 0, "excluded_lines": 0, "percent_statements_covered": 100.0, "percent_statements_covered_display": "100.00"}, "missing_lines": [], "excluded_lines": []}}, "classes": {"AchievementService": {"executed_lines": [35, 37, 38, 40, 118, 120, 190, 192, 208, 210, 220, 222, 237, 238, 239, 241, 242, 243, 244, 247, 250, 253, 256, 257, 331, 333, 361, 363, 390, 392, 393, 395, 412, 414, 415, 417, 433, 435, 436, 438, 456, 458, 459, 461, 500, 502, 503, 516, 518, 519, 521], "summary": {"covered_lines": 51, "num_statements": 85, "percent_covered": 60.0, "percent_covered_display": "60.00", "missing_lines": 34, "excluded_lines": 0, "percent_statements_covered": 60.0, "percent_statements_covered_display": "60.00"}, "missing_lines": [65, 67, 68, 70, 92, 94, 95, 97, 103, 105, 134, 136, 155, 157, 271, 273, 274, 277, 280, 289, 297, 298, 299, 300, 303, 305, 306, 307, 309, 315, 478, 480, 481, 483], "excluded_lines": []}, "": {"executed_lines": [1, 3, 5, 6, 8, 9, 12, 17, 18, 20, 21, 22, 42, 43, 74, 75, 76, 99, 100, 101, 107, 108, 109, 122, 123, 124, 138, 139, 140, 164, 165, 166, 204, 205, 206, 212, 213, 224, 225, 226, 259, 260, 261, 311, 312, 313, 319, 320, 321, 335, 336, 337, 372, 373, 374, 397, 398, 399, 419, 420, 421, 440, 441, 442, 463, 464, 465, 485, 486, 487, 505, 506, 507], "summary": {"covered_lines": 71, "num_statements": 71, "percent_covered": 100.0, "percent_covered_display": "100.00", "missing_lines": 0, "excluded_lines": 0, "percent_statements_covered": 100.0, "percent_statements_covered_display": "100.00"}, "missing_lines": [], "excluded_lines": []}}}, "app/services/achievement_xp_service.py": {"executed_lines": [1, 3, 5, 7, 8, 11, 12, 13, 14, 15, 16, 19, 20, 21, 26, 28, 29, 31, 32, 33, 37, 38, 39, 40, 42, 43, 44, 45, 46, 47, 48, 49, 51, 52, 54], "summary": {"covered_lines": 34, "num_statements": 36, "percent_covered": 94.44444444444444, "percent_covered_display": "94.44", "missing_lines": 2, "excluded_lines": 0, "percent_statements_covered": 94.44444444444444, "percent_statements_covered_display": "94.44"}, "missing_lines": [34, 35], "excluded_lines": [], "functions": {"AchievementXPService.reward_for_achievement_code": {"executed_lines": [26, 28, 29, 31, 32, 33, 37, 38, 39, 40, 42, 43, 44, 45, 46, 47, 48, 49, 51, 52, 54], "summary": {"covered_lines": 21, "num_statements": 23, "percent_covered": 91.30434782608695, "percent_covered_display": "91.30", "missing_lines": 2, "excluded_lines": 0, "percent_statements_covered": 91.30434782608695, "percent_statements_covered_display": "91.30"}, "missing_lines": [34, 35], "excluded_lines": []}, "": {"executed_lines": [1, 3, 5, 7, 8, 11, 12, 13, 14, 15, 16, 19, 20, 21], "summary": {"covered_lines": 13, "num_statements": 13, "percent_covered": 100.0, "percent_covered_display": "100.00", "missing_lines": 0, "excluded_lines": 0, "percent_statements_covered": 100.0, "percent_statements_covered_display": "100.00"}, "missing_lines": [], "excluded_lines": []}}, "classes": {"AchievementXPReward": {"executed_lines": [], "summary": {"covered_lines": 0, "num_statements": 0, "percent_covered": 100.0, "percent_covered_display": "100.00", "missing_lines": 0, "excluded_lines": 0, "percent_statements_covered": 100.0, "percent_statements_covered_display": "100.00"}, "missing_lines": [], "excluded_lines": []}, "AchievementXPService": {"executed_lines": [26, 28, 29, 31, 32, 33, 37, 38, 39, 40, 42, 43, 44, 45, 46, 47, 48, 49, 51, 52, 54], "summary": {"covered_lines": 21, "num_statements": 23, "percent_covered": 91.30434782608695, "percent_covered_display": "91.30", "missing_lines": 2, "excluded_lines": 0, "percent_statements_covered": 91.30434782608695, "percent_statements_covered_display": "91.30"}, "missing_lines": [34, 35], "excluded_lines": []}, "": {"executed_lines": [1, 3, 5, 7, 8, 11, 12, 13, 14, 15, 16, 19, 20, 21], "summary": {"covered_lines": 13, "num_statements": 13, "percent_covered": 100.0, "percent_covered_display": "100.00", "missing_lines": 0, "excluded_lines": 0, "percent_statements_covered": 100.0, "percent_statements_covered_display": "100.00"}, "missing_lines": [], "excluded_lines": []}}}, "app/services/achievements/achievement_checker_registry.py": {"executed_lines": [], "summary": {"covered_lines": 0, "num_statements": 27, "percent_covered": 0.0, "percent_covered_display": "0.00", "missing_lines": 27, "excluded_lines": 0, "percent_statements_covered": 0.0, "percent_statements_covered_display": "0.00"}, "missing_lines": [8, 10, 12, 13, 16, 24, 30, 31, 32, 34, 42, 43, 44, 45, 47, 56, 58, 68, 69, 70, 71, 72, 74, 90, 91, 92, 93], "excluded_lines": [], "functions": {"AchievementCheckerRegistry.__init__": {"executed_lines": [], "summary": {"covered_lines": 0, "num_statements": 3, "percent_covered": 0.0, "percent_covered_display": "0.00", "missing_lines": 3, "excluded_lines": 0, "percent_statements_covered": 0.0, "percent_statements_covered_display": "0.00"}, "missing_lines": [30, 31, 32], "excluded_lines": []}, "AchievementCheckerRegistry.register": {"executed_lines": [], "summary": {"covered_lines": 0, "num_statements": 4, "percent_covered": 0.0, "percent_covered_display": "0.00", "missing_lines": 4, "excluded_lines": 0, "percent_statements_covered": 0.0, "percent_statements_covered_display": "0.00"}, "missing_lines": [42, 43, 44, 45], "excluded_lines": []}, "AchievementCheckerRegistry.get_checker_for_type": {"executed_lines": [], "summary": {"covered_lines": 0, "num_statements": 1, "percent_covered": 0.0, "percent_covered_display": "0.00", "missing_lines": 1, "excluded_lines": 0, "percent_statements_covered": 0.0, "percent_statements_covered_display": "0.00"}, "missing_lines": [56], "excluded_lines": []}, "AchievementCheckerRegistry.check_all": {"executed_lines": [], "summary": {"covered_lines": 0, "num_statements": 5, "percent_covered": 0.0, "percent_covered_display": "0.00", "missing_lines": 5, "excluded_lines": 0, "percent_statements_covered": 0.0, "percent_statements_covered_display": "0.00"}, "missing_lines": [68, 69, 70, 71, 72], "excluded_lines": []}, "AchievementCheckerRegistry.check_by_type": {"executed_lines": [], "summary": {"covered_lines": 0, "num_statements": 4, "percent_cov
[...]
ted_lines": [1, 3, 5, 6, 8, 9, 12, 13, 16, 40, 41, 42, 53, 54, 55, 84, 85, 86, 134, 135, 146, 147, 169, 170, 200, 201], "summary": {"covered_lines": 24, "num_statements": 24, "percent_covered": 100.0, "percent_covered_display": "100.00", "missing_lines": 0, "excluded_lines": 0, "percent_statements_covered": 100.0, "percent_statements_covered_display": "100.00"}, "missing_lines": [], "excluded_lines": []}}, "classes": {"ServerRecordService": {"executed_lines": [51, 68, 70, 72, 77, 79, 82, 105, 106, 109, 111, 112, 114, 115, 116, 117, 118, 119, 122, 130, 132, 156, 158, 159, 160, 161, 162, 163, 164, 165, 167, 182, 184, 185, 186, 187, 189, 190, 192, 211, 212, 213, 216, 219, 220, 223, 224, 227, 231, 234, 235, 238, 239], "summary": {"covered_lines": 53, "num_statements": 61, "percent_covered": 86.88524590163935, "percent_covered_display": "86.89", "missing_lines": 8, "excluded_lines": 0, "percent_statements_covered": 86.88524590163935, "percent_statements_covered_display": "86.89"}, "missing_lines": [141, 142, 143, 144, 193, 196, 198, 241], "excluded_lines": []}, "": {"executed_lines": [1, 3, 5, 6, 8, 9, 12, 13, 16, 40, 41, 42, 53, 54, 55, 84, 85, 86, 134, 135, 146, 147, 169, 170, 200, 201], "summary": {"covered_lines": 24, "num_statements": 24, "percent_covered": 100.0, "percent_covered_display": "100.00", "missing_lines": 0, "excluded_lines": 0, "percent_statements_covered": 100.0, "percent_statements_covered_display": "100.00"}, "missing_lines": [], "excluded_lines": []}}}, "app/services/session_engine_service.py": {"executed_lines": [1, 3, 5, 6, 7, 8, 10, 11, 12, 13, 14, 15, 18, 19, 21, 22, 36, 40, 41, 45, 46, 47, 50, 52, 53, 57, 58, 60, 61, 62, 78, 80, 81, 83, 84, 85, 107, 108, 114, 119, 122, 126, 129, 134, 139, 141, 142, 144, 145, 146, 158, 161, 166, 176, 181, 183, 184, 186, 190, 194, 195, 198, 200, 201, 204, 205, 207, 208, 210, 211, 212, 213, 214, 215, 221, 227, 228, 231, 239, 240, 241, 242, 243, 245, 246], "summary": {"covered_lines": 83, "num_statements": 97, "percent_covered": 85.56701030927834, "percent_covered_display": "85.57", "missing_lines": 14, "excluded_lines": 0, "percent_statements_covered": 85.56701030927834, "percent_statements_covered_display": "85.57"}, "missing_lines": [37, 42, 55, 79, 109, 120, 148, 149, 187, 196, 202, 222, 224, 225], "excluded_lines": [], "functions": {"SessionEngineService._extract_legacy_level_from_concept_id": {"executed_lines": [36, 40, 41, 45, 46, 47, 50], "summary": {"covered_lines": 7, "num_statements": 9, "percent_covered": 77.77777777777777, "percent_covered_display": "77.78", "missing_lines": 2, "excluded_lines": 0, "percent_statements_covered": 77.77777777777777, "percent_statements_covered_display": "77.78"}, "missing_lines": [37, 42], "excluded_lines": []}, "SessionEngineService._concept_id_from_legacy_level": {"executed_lines": [], "summary": {"covered_lines": 0, "num_statements": 1, "percent_covered": 0.0, "percent_covered_display": "0.00", "missing_lines": 1, "excluded_lines": 0, "percent_statements_covered": 0.0, "percent_statements_covered_display": "0.00"}, "missing_lines": [55], "excluded_lines": []}, "SessionEngineService._transform_session_questions_to_generate_format": {"executed_lines": [60, 61, 62, 78, 80, 81], "summary": {"covered_lines": 6, "num_statements": 7, "percent_covered": 85.71428571428571, "percent_covered_display": "85.71", "missing_lines": 1, "excluded_lines": 0, "percent_statements_covered": 85.71428571428571, "percent_statements_covered_display": "85.71"}, "missing_lines": [79], "excluded_lines": []}, "SessionEngineService.generate_session": {"executed_lines": [107, 108, 114, 119, 122, 126, 129, 134, 139, 141, 142, 144, 145, 146, 158, 161, 166, 176, 181, 183, 184, 186, 190, 194, 195, 198, 200, 201, 204, 205, 207, 208, 210, 211, 212, 213, 214, 215, 221, 227, 228, 231, 239, 240, 241, 242, 243, 245, 246], "summary": {"covered_lines": 49, "num_statements": 59, "percent_covered": 83.05084745762711, "percent_covered_display": "83.05", "missing_lines": 10, "excluded_lines": 0, "percent_statements_covered": 83.05084745762711, "percent_statements_covered_display": "83.05"}, "missing_lines": [109, 120, 148, 149, 187, 196, 202, 222, 224, 225], "excluded_lines": []}, "": {"executed_lines": [1, 3, 5, 6, 7, 8, 10, 11, 12, 13, 14, 15, 18, 19, 21, 22, 52, 53, 57, 58, 83, 84, 85], "summary": {"covered_lines": 21, "num_statements": 21, "percent_covered": 100.0, "percent_covered_display": "100.00", "missing_lines": 0, "excluded_lines": 0, "percent_statements_covered": 100.0, "percent_statements_covered_display": "100.00"}, "missing_lines": [], "excluded_lines": []}}, "classes": {"SessionEngineService": {"executed_lines": [36, 40, 41, 45, 46, 47, 50, 60, 61, 62, 78, 80, 81, 107, 108, 114, 119, 122, 126, 129, 134, 139, 141, 142, 144, 145, 146, 158, 161, 166, 176, 181, 183, 184, 186, 190, 194, 195, 198, 200, 201, 204, 205, 207, 208, 210, 211, 212, 213, 214, 215, 221, 227, 228, 231, 239, 240, 241, 242, 243, 245, 246], "summary": {"covered_lines": 62, "num_statements": 76, "percent_covered": 81.57894736842105, "percent_covered_display": "81.58", "missing_lines": 14, "excluded_lines": 0, "percent_statements_covered": 81.57894736842105, "percent_statements_covered_display": "81.58"}, "missing_lines": [37, 42, 55, 79, 109, 120, 148, 149, 187, 196, 202, 222, 224, 225], "excluded_lines": []}, "": {"executed_lines": [1, 3, 5, 6, 7, 8, 10, 11, 12, 13, 14, 15, 18, 19, 21, 22, 52, 53, 57, 58, 83, 84, 85], "summary": {"covered_lines": 21, "num_statements": 21, "percent_covered": 100.0, "percent_covered_display": "100.00", "missing_lines": 0, "excluded_lines": 0, "percent_statements_covered": 100.0, "percent_statements_covered_display": "100.00"}, "missing_lines": [], "excluded_lines": []}}}, "app/services/user_service.py": {"executed_lines": [1, 3, 5, 6, 8, 9, 11, 12, 15, 16, 18, 19, 20, 26, 28, 29, 30, 31, 33, 34, 37, 38, 39, 40, 42, 43, 44, 45, 47, 49, 50, 51, 53, 55, 56, 57, 59, 61, 62, 63, 65, 76, 77, 78, 80, 82, 83, 84, 90, 91, 93, 94, 97, 98, 101, 108, 109, 110, 118, 121, 122, 123, 124, 125, 129, 130, 132, 133, 134, 135, 136, 139, 140, 146, 147, 148, 150, 152, 153, 154, 160, 162, 163, 165, 166, 167, 168, 170, 172, 173, 174, 176, 177, 178, 179, 180, 181, 183, 185, 186, 187, 193, 194, 195, 199, 200, 202], "summary": {"covered_lines": 105, "num_statements": 106, "percent_covered": 99.05660377358491, "percent_covered_display": "99.06", "missing_lines": 1, "excluded_lines": 0, "percent_statements_covered": 99.05660377358491, "percent_statements_covered_display": "99.06"}, "missing_lines": [112], "excluded_lines": [], "functions": {"UserService.create_user": {"executed_lines": [26, 28, 29, 30, 31, 33, 34, 37, 38, 39, 40, 42, 43, 44, 45, 47], "summary": {"covered_lines": 16, "num_statements": 16, "percent_covered": 100.0, "percent_covered_display": "100.00", "missing_lines": 0, "excluded_lines": 0, "percent_statements_covered": 100.0, "percent_statements_covered_display": "100.00"}, "missing_lines": [], "excluded_lines": []}, "UserService.get_user": {"executed_lines": [53], "summary": {"covered_lines": 1, "num_statements": 1, "percent_covered": 100.0, "percent_covered_display": "100.00", "missing_lines": 0, "excluded_lines": 0, "percent_statements_covered": 100.0, "percent_statements_covered_display": "100.00"}, "missing_lines": [], "excluded_lines": []}, "UserService.get_user_by_name": {"executed_lines": [59], "summary": {"covered_lines": 1, "num_statements": 1, "percent_covered": 100.0, "percent_covered_display": "100.00", "missing_lines": 0, "excluded_lines": 0, "percent_statements_covered": 100.0, "percent_statements_covered_display": "100.00"}, "missing_lines": [], "excluded_lines": []}, "UserService.list_users": {"executed_lines": [65], "summary": {"covered_lines": 1, "num_statements": 1, "percent_covered": 100.0, "percent_covered_display": "100.00", "missing_lines": 0, "excluded_lines": 0, "percent_statements_covered": 100.0, "percent_statements_covered_display": "100.00"}, "missing_lines": [], "excluded_lines": []}, "UserService.verify_pin": {"executed_lines": [80], "summary": {"covered_lines": 1, "num_statements": 1, "percent_covered": 100.0, "percent_covered_display": "100.00", "missing_lines": 0, "excluded_lines": 0, "percent_statements_covered": 100.0, "percent_statements_covered_display": "100.00"}, "missing_lines": [], "excluded_lines": []}, "UserService.can_level_up": {"executed_lines": [90, 91, 93, 94, 97, 98, 101, 108, 109, 110, 118, 121, 122, 123, 124, 125, 129, 130, 132, 133, 134, 135, 136, 139, 140, 146, 147, 148, 150], "summary": {"covered_lines": 29, "num_statements": 30, "percent_covered": 96.66666666666667, "percent_covered_display": "96.67", "missing_lines": 1, "excluded_lines": 0, "percent_statements_covered": 96.66666666666667, "percent_statements_covered_display": "96.67"}, "missing_lines": [112], "excluded_lines": []}, "UserService.level_up": {"executed_lines": [160, 162, 163, 165, 166, 167, 168, 170], "summary": {"covered_lines": 8, "num_statements": 8, "percent_covered": 100.0, "percent_covered_display": "100.00", "missing_lines": 0, "excluded_lines": 0, "percent_statements_covered": 100.0, "percent_statements_covered_display": "100.00"}, "missing_lines": [], "excluded_lines": []}, "UserService.update_user": {"executed_lines": [176, 177, 178, 179, 180, 181, 183], "summary": {"covered_lines": 7, "num_statements": 7, "percent_covered": 100.0, "percent_covered_display": "100.00", "missing_lines": 0, "excluded_lines": 0, "percent_statements_covered": 100.0, "percent_statements_covered_display": "100.00"}, "missing_lines": [], "excluded_lines": []}, "UserService.delete_user": {"executed_lines": [193, 194, 195, 199, 200, 202], "summary": {"covered_lines": 6, "num_statements": 6, "percent_covered": 100.0, "percent_covered_display": "100.00", "missing_lines": 0, "excluded_lines": 0, "percent_statements_covered": 100.0, "percent_statements_covered_display": "100.00"}, "missing_lines": [], "excluded_lines": []}, "": {"executed_lines": [1, 3, 5, 6, 8, 9, 11, 12, 15, 16, 18, 19, 20, 49, 50, 51, 55, 56, 57, 61, 62, 63, 76, 77, 78, 82, 83, 84, 152, 153, 154, 172, 173, 174, 185, 186, 187], "summary": {"covered_lines": 35, "num_statements": 35, "percent_covered": 100.0, "percent_covered_display": "100.00", "missing_lines": 0, "excluded_lines": 0, "percent_statements_covered": 100.0, "percent_statements_covered_display": "100.00"}, "missing_lines": [], "excluded_lines": []}}, "classes": {"UserService": {"executed_lines": [26, 28, 29, 30, 31, 33, 34, 37, 38, 39, 40, 42, 43, 44, 45, 47, 53, 59, 65, 80, 90, 91, 93, 94, 97, 98, 101, 108, 109, 110, 118, 121, 122, 123, 124, 125, 129, 130, 132, 133, 134, 135, 136, 139, 140, 146, 147, 148, 150, 160, 162, 163, 165, 166, 167, 168, 170, 176, 177, 178, 179, 180, 181, 183, 193, 194, 195, 199, 200, 202], "summary": {"covered_lines": 70, "num_statements": 71, "percent_covered": 98.59154929577464, "percent_covered_display": "98.59", "missing_lines": 1, "excluded_lines": 0, "percent_statements_covered": 98.59154929577464, "percent_statements_covered_display": "98.59"}, "missing_lines": [112], "excluded_lines": []}, "": {"executed_lines": [1, 3, 5, 6, 8, 9, 11, 12, 15, 16, 18, 19, 20, 49, 50, 51, 55, 56, 57, 61, 62, 63, 76, 77, 78, 82, 83, 84, 152, 153, 154, 172, 173, 174, 185, 186, 187], "summary": {"covered_lines": 35, "num_statements": 35, "percent_covered": 100.0, "percent_covered_display": "100.00", "missing_lines": 0, "excluded_lines": 0, "percent_statements_covered": 100.0, "percent_statements_covered_display": "100.00"}, "missing_lines": [], "excluded_lines": []}}}, "app/services/xp_service.py": {"executed_lines": [1, 3, 5, 7, 9, 10, 13, 14, 15, 16, 18, 20, 22, 23, 25, 27, 28, 30, 31, 33, 34, 36, 37, 38, 40, 41, 43], "summary": {"covered_lines": 26, "num_statements": 29, "percent_covered": 89.65517241379311, "percent_covered_display": "89.66", "missing_lines": 3, "excluded_lines": 0, "percent_statements_covered": 89.65517241379311, "percent_statements_covered_display": "89.66"}, "missing_lines": [17, 19, 29], "excluded_lines": [], "functions": {"XPService.total_xp_for_level": {"executed_lines": [16, 18, 20], "summary": {"covered_lines": 3, "num_statements": 5, "percent_covered": 60.0, "percent_covered_display": "60.00", "missing_lines": 2, "excluded_lines": 0, "percent_statements_covered": 60.0, "percent_statements_covered_display": "60.00"}, "missing_lines": [17, 19], "excluded_lines": []}, "XPService.level_for_total_xp": {"executed_lines": [25, 27, 28, 30, 31], "summary": {"covered_lines": 5, "num_statements": 6, "percent_covered": 83.33333333333333, "percent_covered_display": "83.33", "missing_lines": 1, "excluded_lines": 0, "percent_statements_covered": 83.33333333333333, "percent_statements_covered_display": "83.33"}, "missing_lines": [29], "excluded_lines": []}, "XPService.progress_for_total_xp": {"executed_lines": [36, 37, 38, 40, 41, 43], "summary": {"covered_lines": 6, "num_statements": 6, "percent_covered": 100.0, "percent_covered_display": "100.00", "missing_lines": 0, "excluded_lines": 0, "percent_statements_covered": 100.0, "percent_statements_covered_display": "100.00"}, "missing_lines": [], "excluded_lines": []}, "": {"executed_lines": [1, 3, 5, 7, 9, 10, 13, 14, 15, 22, 23, 33, 34], "summary": {"covered_lines": 12, "num_statements": 12, "percent_covered": 100.0, "percent_covered_display": "100.00", "missing_lines": 0, "excluded_lines": 0, "percent_statements_covered": 100.0, "percent_statements_covered_display": "100.00"}, "missing_lines": [], "excluded_lines": []}}, "classes": {"XPService": {"executed_lines": [16, 18, 20, 25, 27, 28, 30, 31, 36, 37, 38, 40, 41, 43], "summary": {"covered_lines": 14, "num_statements": 17, "percent_covered": 82.3529411764706, "percent_covered_display": "82.35", "missing_lines": 3, "excluded_lines": 0, "percent_statements_covered": 82.3529411764706, "percent_statements_covered_display": "82.35"}, "missing_lines": [17, 19, 29], "excluded_lines": []}, "": {"executed_lines": [1, 3, 5, 7, 9, 10, 13, 14, 15, 22, 23, 33, 34], "summary": {"covered_lines": 12, "num_statements": 12, "percent_covered": 100.0, "percent_covered_display": "100.00", "missing_lines": 0, "excluded_lines": 0, "percent_statements_covered": 100.0, "percent_statements_covered_display": "100.00"}, "missing_lines": [], "excluded_lines": []}}}, "app/utils/tier_utils.py": {"executed_lines": [1, 3, 6, 21, 30, 45, 51, 54, 60, 63, 72, 75, 85, 86, 87, 90, 99, 102, 111, 112, 114, 117, 130, 131, 132, 137, 138, 141, 151, 152, 153, 156, 157, 160, 170, 171, 172, 173, 175, 178, 200, 201, 203, 208, 211, 212, 213, 214, 216, 217, 220, 221, 222, 223, 224, 225, 226, 227, 228, 229, 231, 234, 235, 237, 238, 239, 242, 243, 245, 246, 249, 252, 253, 254, 256], "summary": {"covered_lines": 74, "num_statements": 74, "percent_covered": 100.0, "percent_covered_display": "100.00", "missing_lines": 0, "excluded_lines": 0, "percent_statements_covered": 100.0, "percent_statements_covered_display": "100.00"}, "missing_lines": [], "excluded_lines": [], "functions": {"get_tier_hierarchy": {"executed_lines": [51], "summary": {"covered_lines": 1, "num_statements": 1, "percent_covered": 100.0, "percent_covered_display": "100.00", "missing_lines": 0, "excluded_lines": 0, "percent_statements_covered": 100.0, "percent_statements_covered_display": "100.00"}, "missing_lines": [], "excluded_lines": []}, "get_all_tiers": {"executed_lines": [60], "summary": {"covered_lines": 1, "num_statements": 1, "percent_covered": 100.0, "percent_covered_display": "100.00", "missing_lines": 0, "excluded_lines": 0, "percent_statements_covered": 100.0, "percent_statements_covered_display": "100.00"}, "missing_lines": [], "excluded_lines": []}, "map_old_tier_to_new": {"executed_lines": [72], "summary": {"covered_lines": 1, "num_statements": 1, "percent_covered": 100.0, "percent_covered_display": "100.00", "missing_lines": 0, "excluded_lines": 0, "percent_statements_covered": 100.0, "percent_statements_covered_display": "100.00"}, "missing_lines": [], "excluded_lines": []}, "is_tier_higher_than": {"executed_lines": [85, 86, 87], "summary": {"covered_lines": 3, "num_statements": 3, "percent_covered": 100.0, "percent_covered_display": "100.00", "missing_lines": 0, "excluded_lines": 0, "percent_statements_covered": 100.0, "percent_statements_covered_display": "100.00"}, "missing_lines": [], "excluded_lines": []}, "get_tier_value": {"executed_lines": [99], "summary": {"covered_lines": 1, "num_statements": 1, "percent_covered": 100.0, "percent_covered_display": "100.00", "missing_lines": 0, "excluded_lines": 0, "percent_statements_covered": 100.0, "percent_statements_covered_display": "100.00"}, "missing_lines": [], "excluded_lines": []}, "get_highest_tier": {"executed_lines": [111, 112, 114], "summary": {"covered_lines": 3, "num_statements": 3, "percent_covered": 100.0, "percent_covered_display": "100.00", "missing_lines": 0, "excluded_lines": 0, "percent_statements_covered": 100.0, "percent_statements_covered_display": "100.00"}, "missing_lines": [], "excluded_lines": []}, "convert_tier_to_base_units": {"executed_lines": [130, 131, 132, 137, 138], "summary": {"covered_lines": 5, "num_statements": 5, "percent_covered": 100.0, "percent_covered_display": "100.00", "missing_lines": 0, "excluded_lines": 0, "percent_statements_covered": 100.0, "percent_statements_covered_display": "100.00"}, "missing_lines": [], "excluded_lines": []}, "convert_base_units_to_tier_count": {"executed_lines": [151, 152, 153, 156, 157], "summary": {"covered_lines": 5, "num_statements": 5, "percent_covered": 100.0, "percent_covered_display": "100.00", "missing_lines": 0, "excluded_lines": 0, "percent_statements_covered": 100.0, "percent_statements_covered_display": "100.00"}, "missing_lines": [], "excluded_lines": []}, "extract_base_code_and_tier": {"executed_lines": [170, 171, 172, 173, 175], "summary": {"covered_lines": 5, "num_statements": 5, "percent_covered": 100.0, "percent_covered_display": "100.00", "missing_lines": 0, "excluded_lines": 0, "percent_statements_covered": 100.0, "percent_statements_covered_display": "100.00"}, "missing_lines": [], "excluded_lines": []}, "count_achievements_with_tier_substitution": {"executed_lines": [200, 201, 203, 208, 211, 212, 213, 214, 216, 217, 220, 221, 222, 223, 224, 225, 226, 227, 228, 229, 231, 234, 235, 237, 238, 239, 242, 243, 245, 246, 249, 252, 253, 254, 256], "summary": {"covered_lines": 35, "num_statements": 35, "percent_covered": 100.0, "percent_covered_display": "100.00", "missing_lines": 0, "excluded_lines": 0, "percent_statements_covered": 100.0, "percent_statements_covered_display": "100.00"}, "missing_lines": [], "excluded_lines": []}, "": {"executed_lines": [1, 3, 6, 21, 30, 45, 54, 63, 75, 90, 102, 117, 141, 160, 178], "summary": {"covered_lines": 14, "num_statements": 14, "percent_covered": 100.0, "percent_covered_display": "100.00", "missing_lines": 0, "excluded_lines": 0, "percent_statements_covered": 100.0, "percent_statements_covered_display": "100.00"}, "missing_lines": [], "excluded_lines": []}}, "classes": {"": {"executed_lines": [1, 3, 6, 21, 30, 45, 51, 54, 60, 63, 72, 75, 85, 86, 87, 90, 99, 102, 111, 112, 114, 117, 130, 131, 132, 137, 138, 141, 151, 152, 153, 156, 157, 160, 170, 171, 172, 173, 175, 178, 200, 201, 203, 208, 211, 212, 213, 214, 216, 217, 220, 221, 222, 223, 224, 225, 226, 227, 228, 229, 231, 234, 235, 237, 238, 239, 242, 243, 245, 246, 249, 252, 253, 254, 256], "summary": {"covered_lines": 74, "num_statements": 74, "percent_covered": 100.0, "percent_covered_display": "100.00", "missing_lines": 0, "excluded_lines": 0, "percent_statements_covered": 100.0, "percent_statements_covered_display": "100.00"}, "missing_lines": [], "excluded_lines": []}}}}, "totals": {"covered_lines": 3157, "num_statements": 4089, "percent_covered": 77.20714111029592, "percent_covered_display": "77.21", "missing_lines": 932, "excluded_lines": 18, "percent_statements_covered": 77.20714111029592, "percent_statements_covered_display": "77.21"}}